[INFO ][2016-09-13 08:56:14,843]--{dataSource-1} inited--[init][DruidDataSource.java,669]
[WARN ][2016-09-13 08:56:15,954]--Cache: com.chinatelecom.dao.mapper.EquipmentMapper has a maxElementsInMemory of 0.  In Ehcache 2.0 this has been changed to mean a store with no capacity limit. Set it to 1 if you want no elements cached in memory--[initialise][Cache.java,992]
[WARN ][2016-09-13 08:56:16,280]--Cache: com.chinatelecom.dao.mapper.IpMapper has a maxElementsInMemory of 0.  In Ehcache 2.0 this has been changed to mean a store with no capacity limit. Set it to 1 if you want no elements cached in memory--[initialise][Cache.java,992]
[WARN ][2016-09-13 08:56:16,378]--Cache: com.chinatelecom.dao.mapper.LoginMapper has a maxElementsInMemory of 0.  In Ehcache 2.0 this has been changed to mean a store with no capacity limit. Set it to 1 if you want no elements cached in memory--[initialise][Cache.java,992]
[WARN ][2016-09-13 08:56:16,477]--Creating a new instance of CacheManager using the diskStorePath "C:\Users\ADMINI~1\AppData\Local\Temp\" which is already used by an existing CacheManager.
The source of the configuration was net.sf.ehcache.config.generator.ConfigurationSource$InputStreamConfigurationSource@62081320.
The diskStore path for this CacheManager will be set to C:\Users\ADMINI~1\AppData\Local\Temp\\ehcache_auto_created_1473728176477.
To avoid this warning consider using the CacheManager factory methods to create a singleton CacheManager or specifying a separate ehcache configuration (ehcache.xml) for each CacheManager instance.--[detectAndFixDiskStorePathConflict][CacheManager.java,625]
[DEBUG][2016-09-13 08:56:45,803]--Cache Hit Ratio [com.chinatelecom.dao.mapper.LoginMapper]: 0.0--[getObject][LoggingCache.java,62]
[DEBUG][2016-09-13 08:56:45,830]--==>  Preparing: select * from OPERATOR WHERE F01=? and F02=? --[debug][BaseJdbcLogger.java,139]
[DEBUG][2016-09-13 08:56:45,920]--==> Parameters: guest(String), 123(String)--[debug][BaseJdbcLogger.java,139]
[DEBUG][2016-09-13 08:56:46,106]--<==      Total: 1--[debug][BaseJdbcLogger.java,139]
[INFO ][2016-09-13 09:02:41,083]--{dataSource-1} closed--[close][DruidDataSource.java,1385]
[INFO ][2016-09-13 09:02:46,479]--{dataSource-1} inited--[init][DruidDataSource.java,669]
[WARN ][2016-09-13 09:02:47,055]--Cache: com.chinatelecom.dao.mapper.EquipmentMapper has a maxElementsInMemory of 0.  In Ehcache 2.0 this has been changed to mean a store with no capacity limit. Set it to 1 if you want no elements cached in memory--[initialise][Cache.java,992]
[WARN ][2016-09-13 09:02:47,418]--Cache: com.chinatelecom.dao.mapper.IpMapper has a maxElementsInMemory of 0.  In Ehcache 2.0 this has been changed to mean a store with no capacity limit. Set it to 1 if you want no elements cached in memory--[initialise][Cache.java,992]
[WARN ][2016-09-13 09:02:47,450]--Cache: com.chinatelecom.dao.mapper.LoginMapper has a maxElementsInMemory of 0.  In Ehcache 2.0 this has been changed to mean a store with no capacity limit. Set it to 1 if you want no elements cached in memory--[initialise][Cache.java,992]
[WARN ][2016-09-13 09:02:47,531]--Creating a new instance of CacheManager using the diskStorePath "C:\Users\ADMINI~1\AppData\Local\Temp\" which is already used by an existing CacheManager.
The source of the configuration was net.sf.ehcache.config.generator.ConfigurationSource$InputStreamConfigurationSource@29cae3ae.
The diskStore path for this CacheManager will be set to C:\Users\ADMINI~1\AppData\Local\Temp\\ehcache_auto_created_1473728567531.
To avoid this warning consider using the CacheManager factory methods to create a singleton CacheManager or specifying a separate ehcache configuration (ehcache.xml) for each CacheManager instance.--[detectAndFixDiskStorePathConflict][CacheManager.java,625]
[INFO ][2016-09-13 09:08:11,015]--{dataSource-1} closed--[close][DruidDataSource.java,1385]
[INFO ][2016-09-13 09:08:17,618]--{dataSource-1} inited--[init][DruidDataSource.java,669]
[WARN ][2016-09-13 09:08:18,344]--Cache: com.chinatelecom.dao.mapper.EquipmentMapper has a maxElementsInMemory of 0.  In Ehcache 2.0 this has been changed to mean a store with no capacity limit. Set it to 1 if you want no elements cached in memory--[initialise][Cache.java,992]
[WARN ][2016-09-13 09:08:18,536]--Cache: com.chinatelecom.dao.mapper.IpMapper has a maxElementsInMemory of 0.  In Ehcache 2.0 this has been changed to mean a store with no capacity limit. Set it to 1 if you want no elements cached in memory--[initialise][Cache.java,992]
[WARN ][2016-09-13 09:08:18,566]--Cache: com.chinatelecom.dao.mapper.LoginMapper has a maxElementsInMemory of 0.  In Ehcache 2.0 this has been changed to mean a store with no capacity limit. Set it to 1 if you want no elements cached in memory--[initialise][Cache.java,992]
[INFO ][2016-09-13 09:14:47,997]--{dataSource-1} inited--[init][DruidDataSource.java,669]
[WARN ][2016-09-13 09:14:48,734]--Cache: com.chinatelecom.dao.mapper.EquipmentMapper has a maxElementsInMemory of 0.  In Ehcache 2.0 this has been changed to mean a store with no capacity limit. Set it to 1 if you want no elements cached in memory--[initialise][Cache.java,992]
[WARN ][2016-09-13 09:14:49,046]--Cache: com.chinatelecom.dao.mapper.IpMapper has a maxElementsInMemory of 0.  In Ehcache 2.0 this has been changed to mean a store with no capacity limit. Set it to 1 if you want no elements cached in memory--[initialise][Cache.java,992]
[WARN ][2016-09-13 09:14:49,102]--Cache: com.chinatelecom.dao.mapper.LoginMapper has a maxElementsInMemory of 0.  In Ehcache 2.0 this has been changed to mean a store with no capacity limit. Set it to 1 if you want no elements cached in memory--[initialise][Cache.java,992]
[WARN ][2016-09-13 09:14:49,310]--Creating a new instance of CacheManager using the diskStorePath "C:\Users\ADMINI~1\AppData\Local\Temp\" which is already used by an existing CacheManager.
The source of the configuration was net.sf.ehcache.config.generator.ConfigurationSource$InputStreamConfigurationSource@7f3a00c8.
The diskStore path for this CacheManager will be set to C:\Users\ADMINI~1\AppData\Local\Temp\\ehcache_auto_created_1473729289310.
To avoid this warning consider using the CacheManager factory methods to create a singleton CacheManager or specifying a separate ehcache configuration (ehcache.xml) for each CacheManager instance.--[detectAndFixDiskStorePathConflict][CacheManager.java,625]
[INFO ][2016-09-13 09:18:54,257]--{dataSource-1} closed--[close][DruidDataSource.java,1385]
[INFO ][2016-09-13 09:19:01,172]--{dataSource-1} inited--[init][DruidDataSource.java,669]
[WARN ][2016-09-13 09:19:01,769]--Cache: com.chinatelecom.dao.mapper.EquipmentMapper has a maxElementsInMemory of 0.  In Ehcache 2.0 this has been changed to mean a store with no capacity limit. Set it to 1 if you want no elements cached in memory--[initialise][Cache.java,992]
[WARN ][2016-09-13 09:19:02,043]--Cache: com.chinatelecom.dao.mapper.IpMapper has a maxElementsInMemory of 0.  In Ehcache 2.0 this has been changed to mean a store with no capacity limit. Set it to 1 if you want no elements cached in memory--[initialise][Cache.java,992]
[WARN ][2016-09-13 09:19:02,111]--Cache: com.chinatelecom.dao.mapper.LoginMapper has a maxElementsInMemory of 0.  In Ehcache 2.0 this has been changed to mean a store with no capacity limit. Set it to 1 if you want no elements cached in memory--[initialise][Cache.java,992]
[WARN ][2016-09-13 09:19:02,267]--Creating a new instance of CacheManager using the diskStorePath "C:\Users\ADMINI~1\AppData\Local\Temp\" which is already used by an existing CacheManager.
The source of the configuration was net.sf.ehcache.config.generator.ConfigurationSource$InputStreamConfigurationSource@50df083a.
The diskStore path for this CacheManager will be set to C:\Users\ADMINI~1\AppData\Local\Temp\\ehcache_auto_created_1473729542267.
To avoid this warning consider using the CacheManager factory methods to create a singleton CacheManager or specifying a separate ehcache configuration (ehcache.xml) for each CacheManager instance.--[detectAndFixDiskStorePathConflict][CacheManager.java,625]
[INFO ][2016-09-13 09:19:41,504]--{dataSource-1} inited--[init][DruidDataSource.java,669]
[WARN ][2016-09-13 09:19:42,352]--Cache: com.chinatelecom.dao.mapper.EquipmentMapper has a maxElementsInMemory of 0.  In Ehcache 2.0 this has been changed to mean a store with no capacity limit. Set it to 1 if you want no elements cached in memory--[initialise][Cache.java,992]
[WARN ][2016-09-13 09:19:42,696]--Cache: com.chinatelecom.dao.mapper.IpMapper has a maxElementsInMemory of 0.  In Ehcache 2.0 this has been changed to mean a store with no capacity limit. Set it to 1 if you want no elements cached in memory--[initialise][Cache.java,992]
[WARN ][2016-09-13 09:19:42,757]--Cache: com.chinatelecom.dao.mapper.LoginMapper has a maxElementsInMemory of 0.  In Ehcache 2.0 this has been changed to mean a store with no capacity limit. Set it to 1 if you want no elements cached in memory--[initialise][Cache.java,992]
[WARN ][2016-09-13 09:19:42,952]--Creating a new instance of CacheManager using the diskStorePath "C:\Users\ADMINI~1\AppData\Local\Temp\" which is already used by an existing CacheManager.
The source of the configuration was net.sf.ehcache.config.generator.ConfigurationSource$InputStreamConfigurationSource@254cc334.
The diskStore path for this CacheManager will be set to C:\Users\ADMINI~1\AppData\Local\Temp\\ehcache_auto_created_1473729582952.
To avoid this warning consider using the CacheManager factory methods to create a singleton CacheManager or specifying a separate ehcache configuration (ehcache.xml) for each CacheManager instance.--[detectAndFixDiskStorePathConflict][CacheManager.java,625]
[INFO ][2016-09-13 09:26:01,675]--{dataSource-1} inited--[init][DruidDataSource.java,669]
[WARN ][2016-09-13 09:26:02,428]--Cache: com.chinatelecom.dao.mapper.EquipmentMapper has a maxElementsInMemory of 0.  In Ehcache 2.0 this has been changed to mean a store with no capacity limit. Set it to 1 if you want no elements cached in memory--[initialise][Cache.java,992]
[WARN ][2016-09-13 09:26:03,099]--Cache: com.chinatelecom.dao.mapper.IpMapper has a maxElementsInMemory of 0.  In Ehcache 2.0 this has been changed to mean a store with no capacity limit. Set it to 1 if you want no elements cached in memory--[initialise][Cache.java,992]
[WARN ][2016-09-13 09:26:03,140]--Cache: com.chinatelecom.dao.mapper.LoginMapper has a maxElementsInMemory of 0.  In Ehcache 2.0 this has been changed to mean a store with no capacity limit. Set it to 1 if you want no elements cached in memory--[initialise][Cache.java,992]
[WARN ][2016-09-13 09:26:03,315]--Creating a new instance of CacheManager using the diskStorePath "C:\Users\ADMINI~1\AppData\Local\Temp\" which is already used by an existing CacheManager.
The source of the configuration was net.sf.ehcache.config.generator.ConfigurationSource$InputStreamConfigurationSource@57242838.
The diskStore path for this CacheManager will be set to C:\Users\ADMINI~1\AppData\Local\Temp\\ehcache_auto_created_1473729963315.
To avoid this warning consider using the CacheManager factory methods to create a singleton CacheManager or specifying a separate ehcache configuration (ehcache.xml) for each CacheManager instance.--[detectAndFixDiskStorePathConflict][CacheManager.java,625]
[DEBUG][2016-09-13 09:26:51,037]--Cache Hit Ratio [com.chinatelecom.dao.mapper.LoginMapper]: 0.0--[getObject][LoggingCache.java,62]
[DEBUG][2016-09-13 09:26:51,092]--==>  Preparing: select * from OPERATOR WHERE F01=? and F02=? --[debug][BaseJdbcLogger.java,139]
[DEBUG][2016-09-13 09:26:51,239]--==> Parameters: guest(String), 123(String)--[debug][BaseJdbcLogger.java,139]
[DEBUG][2016-09-13 09:26:51,297]--<==      Total: 1--[debug][BaseJdbcLogger.java,139]
[INFO ][2016-09-13 09:42:11,766]--{dataSource-1} inited--[init][DruidDataSource.java,669]
[WARN ][2016-09-13 09:42:12,559]--Cache: com.chinatelecom.dao.mapper.EquipmentMapper has a maxElementsInMemory of 0.  In Ehcache 2.0 this has been changed to mean a store with no capacity limit. Set it to 1 if you want no elements cached in memory--[initialise][Cache.java,992]
[WARN ][2016-09-13 09:42:12,893]--Cache: com.chinatelecom.dao.mapper.IpMapper has a maxElementsInMemory of 0.  In Ehcache 2.0 this has been changed to mean a store with no capacity limit. Set it to 1 if you want no elements cached in memory--[initialise][Cache.java,992]
[WARN ][2016-09-13 09:42:13,002]--Cache: com.chinatelecom.dao.mapper.LoginMapper has a maxElementsInMemory of 0.  In Ehcache 2.0 this has been changed to mean a store with no capacity limit. Set it to 1 if you want no elements cached in memory--[initialise][Cache.java,992]
[WARN ][2016-09-13 09:42:13,193]--Creating a new instance of CacheManager using the diskStorePath "C:\Users\ADMINI~1\AppData\Local\Temp\" which is already used by an existing CacheManager.
The source of the configuration was net.sf.ehcache.config.generator.ConfigurationSource$InputStreamConfigurationSource@254cc334.
The diskStore path for this CacheManager will be set to C:\Users\ADMINI~1\AppData\Local\Temp\\ehcache_auto_created_1473730933193.
To avoid this warning consider using the CacheManager factory methods to create a singleton CacheManager or specifying a separate ehcache configuration (ehcache.xml) for each CacheManager instance.--[detectAndFixDiskStorePathConflict][CacheManager.java,625]
[INFO ][2016-09-13 09:45:15,525]--{dataSource-1} inited--[init][DruidDataSource.java,669]
[WARN ][2016-09-13 09:45:16,275]--Cache: com.chinatelecom.dao.mapper.EquipmentMapper has a maxElementsInMemory of 0.  In Ehcache 2.0 this has been changed to mean a store with no capacity limit. Set it to 1 if you want no elements cached in memory--[initialise][Cache.java,992]
[WARN ][2016-09-13 09:45:16,655]--Cache: com.chinatelecom.dao.mapper.IpMapper has a maxElementsInMemory of 0.  In Ehcache 2.0 this has been changed to mean a store with no capacity limit. Set it to 1 if you want no elements cached in memory--[initialise][Cache.java,992]
[WARN ][2016-09-13 09:45:16,720]--Cache: com.chinatelecom.dao.mapper.LoginMapper has a maxElementsInMemory of 0.  In Ehcache 2.0 this has been changed to mean a store with no capacity limit. Set it to 1 if you want no elements cached in memory--[initialise][Cache.java,992]
[WARN ][2016-09-13 09:45:16,901]--Creating a new instance of CacheManager using the diskStorePath "C:\Users\ADMINI~1\AppData\Local\Temp\" which is already used by an existing CacheManager.
The source of the configuration was net.sf.ehcache.config.generator.ConfigurationSource$InputStreamConfigurationSource@5ac7182e.
The diskStore path for this CacheManager will be set to C:\Users\ADMINI~1\AppData\Local\Temp\\ehcache_auto_created_1473731116901.
To avoid this warning consider using the CacheManager factory methods to create a singleton CacheManager or specifying a separate ehcache configuration (ehcache.xml) for each CacheManager instance.--[detectAndFixDiskStorePathConflict][CacheManager.java,625]
[DEBUG][2016-09-13 09:45:49,780]--Cache Hit Ratio [com.chinatelecom.dao.mapper.EquipmentMapper]: 0.0--[getObject][LoggingCache.java,62]
[DEBUG][2016-09-13 09:45:49,830]--==>  Preparing: select * from Room WHERE F01=? --[debug][BaseJdbcLogger.java,139]
[DEBUG][2016-09-13 09:45:49,966]--==> Parameters: 1(Integer)--[debug][BaseJdbcLogger.java,139]
[DEBUG][2016-09-13 09:45:50,195]--<==      Total: 1--[debug][BaseJdbcLogger.java,139]
[INFO ][2016-09-13 10:54:50,306]--{dataSource-1} inited--[init][DruidDataSource.java,669]
[WARN ][2016-09-13 10:54:51,066]--Cache: com.chinatelecom.dao.mapper.EquipmentMapper has a maxElementsInMemory of 0.  In Ehcache 2.0 this has been changed to mean a store with no capacity limit. Set it to 1 if you want no elements cached in memory--[initialise][Cache.java,992]
[WARN ][2016-09-13 10:54:51,375]--Cache: com.chinatelecom.dao.mapper.IpMapper has a maxElementsInMemory of 0.  In Ehcache 2.0 this has been changed to mean a store with no capacity limit. Set it to 1 if you want no elements cached in memory--[initialise][Cache.java,992]
[WARN ][2016-09-13 10:54:51,449]--Cache: com.chinatelecom.dao.mapper.LoginMapper has a maxElementsInMemory of 0.  In Ehcache 2.0 this has been changed to mean a store with no capacity limit. Set it to 1 if you want no elements cached in memory--[initialise][Cache.java,992]
[WARN ][2016-09-13 10:54:51,626]--Creating a new instance of CacheManager using the diskStorePath "C:\Users\ADMINI~1\AppData\Local\Temp\" which is already used by an existing CacheManager.
The source of the configuration was net.sf.ehcache.config.generator.ConfigurationSource$InputStreamConfigurationSource@47341c79.
The diskStore path for this CacheManager will be set to C:\Users\ADMINI~1\AppData\Local\Temp\\ehcache_auto_created_1473735291626.
To avoid this warning consider using the CacheManager factory methods to create a singleton CacheManager or specifying a separate ehcache configuration (ehcache.xml) for each CacheManager instance.--[detectAndFixDiskStorePathConflict][CacheManager.java,625]
[DEBUG][2016-09-13 10:55:25,241]--Cache Hit Ratio [com.chinatelecom.dao.mapper.LoginMapper]: 0.0--[getObject][LoggingCache.java,62]
[DEBUG][2016-09-13 10:55:25,380]--==>  Preparing: select * from OPERATOR WHERE F01=? and F02=? --[debug][BaseJdbcLogger.java,139]
[DEBUG][2016-09-13 10:55:25,630]--==> Parameters: guest(String), 123(String)--[debug][BaseJdbcLogger.java,139]
[DEBUG][2016-09-13 10:55:25,695]--<==      Total: 1--[debug][BaseJdbcLogger.java,139]
[INFO ][2016-09-13 10:57:22,960]--{dataSource-1} inited--[init][DruidDataSource.java,669]
[WARN ][2016-09-13 10:57:23,745]--Cache: com.chinatelecom.dao.mapper.EquipmentMapper has a maxElementsInMemory of 0.  In Ehcache 2.0 this has been changed to mean a store with no capacity limit. Set it to 1 if you want no elements cached in memory--[initialise][Cache.java,992]
[WARN ][2016-09-13 10:57:24,159]--Cache: com.chinatelecom.dao.mapper.IpMapper has a maxElementsInMemory of 0.  In Ehcache 2.0 this has been changed to mean a store with no capacity limit. Set it to 1 if you want no elements cached in memory--[initialise][Cache.java,992]
[WARN ][2016-09-13 10:57:24,219]--Cache: com.chinatelecom.dao.mapper.LoginMapper has a maxElementsInMemory of 0.  In Ehcache 2.0 this has been changed to mean a store with no capacity limit. Set it to 1 if you want no elements cached in memory--[initialise][Cache.java,992]
[WARN ][2016-09-13 10:57:24,381]--Creating a new instance of CacheManager using the diskStorePath "C:\Users\ADMINI~1\AppData\Local\Temp\" which is already used by an existing CacheManager.
The source of the configuration was net.sf.ehcache.config.generator.ConfigurationSource$InputStreamConfigurationSource@49f3c204.
The diskStore path for this CacheManager will be set to C:\Users\ADMINI~1\AppData\Local\Temp\\ehcache_auto_created_1473735444381.
To avoid this warning consider using the CacheManager factory methods to create a singleton CacheManager or specifying a separate ehcache configuration (ehcache.xml) for each CacheManager instance.--[detectAndFixDiskStorePathConflict][CacheManager.java,625]
[DEBUG][2016-09-13 10:57:57,243]--Cache Hit Ratio [com.chinatelecom.dao.mapper.EquipmentMapper]: 0.0--[getObject][LoggingCache.java,62]
[DEBUG][2016-09-13 10:57:57,282]--==>  Preparing: select * from Room WHERE F01=? --[debug][BaseJdbcLogger.java,139]
[DEBUG][2016-09-13 10:57:57,420]--==> Parameters: 1(Integer)--[debug][BaseJdbcLogger.java,139]
[DEBUG][2016-09-13 10:57:57,572]--<==      Total: 1--[debug][BaseJdbcLogger.java,139]
[INFO ][2016-09-13 11:00:39,449]--{dataSource-1} inited--[init][DruidDataSource.java,669]
[WARN ][2016-09-13 11:00:40,017]--Cache: com.chinatelecom.dao.mapper.EquipmentMapper has a maxElementsInMemory of 0.  In Ehcache 2.0 this has been changed to mean a store with no capacity limit. Set it to 1 if you want no elements cached in memory--[initialise][Cache.java,992]
[WARN ][2016-09-13 11:00:40,320]--Cache: com.chinatelecom.dao.mapper.IpMapper has a maxElementsInMemory of 0.  In Ehcache 2.0 this has been changed to mean a store with no capacity limit. Set it to 1 if you want no elements cached in memory--[initialise][Cache.java,992]
[WARN ][2016-09-13 11:00:40,380]--Cache: com.chinatelecom.dao.mapper.LoginMapper has a maxElementsInMemory of 0.  In Ehcache 2.0 this has been changed to mean a store with no capacity limit. Set it to 1 if you want no elements cached in memory--[initialise][Cache.java,992]
[WARN ][2016-09-13 11:00:40,537]--Creating a new instance of CacheManager using the diskStorePath "C:\Users\ADMINI~1\AppData\Local\Temp\" which is already used by an existing CacheManager.
The source of the configuration was net.sf.ehcache.config.generator.ConfigurationSource$InputStreamConfigurationSource@29c2bee4.
The diskStore path for this CacheManager will be set to C:\Users\ADMINI~1\AppData\Local\Temp\\ehcache_auto_created_1473735640537.
To avoid this warning consider using the CacheManager factory methods to create a singleton CacheManager or specifying a separate ehcache configuration (ehcache.xml) for each CacheManager instance.--[detectAndFixDiskStorePathConflict][CacheManager.java,625]
[DEBUG][2016-09-13 11:01:01,330]--Cache Hit Ratio [com.chinatelecom.dao.mapper.EquipmentMapper]: 0.0--[getObject][LoggingCache.java,62]
[DEBUG][2016-09-13 11:01:01,379]--==>  Preparing: select * from Room WHERE F01=? --[debug][BaseJdbcLogger.java,139]
[DEBUG][2016-09-13 11:01:01,500]--==> Parameters: 1(Integer)--[debug][BaseJdbcLogger.java,139]
[DEBUG][2016-09-13 11:01:01,578]--<==      Total: 1--[debug][BaseJdbcLogger.java,139]
[INFO ][2016-09-13 11:25:44,751]--{dataSource-1} inited--[init][DruidDataSource.java,669]
[WARN ][2016-09-13 11:25:45,554]--Cache: com.chinatelecom.dao.mapper.EquipmentMapper has a maxElementsInMemory of 0.  In Ehcache 2.0 this has been changed to mean a store with no capacity limit. Set it to 1 if you want no elements cached in memory--[initialise][Cache.java,992]
[WARN ][2016-09-13 11:25:45,980]--Cache: com.chinatelecom.dao.mapper.IpMapper has a maxElementsInMemory of 0.  In Ehcache 2.0 this has been changed to mean a store with no capacity limit. Set it to 1 if you want no elements cached in memory--[initialise][Cache.java,992]
[WARN ][2016-09-13 11:25:46,047]--Cache: com.chinatelecom.dao.mapper.LoginMapper has a maxElementsInMemory of 0.  In Ehcache 2.0 this has been changed to mean a store with no capacity limit. Set it to 1 if you want no elements cached in memory--[initialise][Cache.java,992]
[WARN ][2016-09-13 11:25:46,237]--Creating a new instance of CacheManager using the diskStorePath "C:\Users\ADMINI~1\AppData\Local\Temp\" which is already used by an existing CacheManager.
The source of the configuration was net.sf.ehcache.config.generator.ConfigurationSource$InputStreamConfigurationSource@335af29.
The diskStore path for this CacheManager will be set to C:\Users\ADMINI~1\AppData\Local\Temp\\ehcache_auto_created_1473737146237.
To avoid this warning consider using the CacheManager factory methods to create a singleton CacheManager or specifying a separate ehcache configuration (ehcache.xml) for each CacheManager instance.--[detectAndFixDiskStorePathConflict][CacheManager.java,625]
[DEBUG][2016-09-13 11:26:09,877]--Cache Hit Ratio [com.chinatelecom.dao.mapper.LoginMapper]: 0.0--[getObject][LoggingCache.java,62]
[DEBUG][2016-09-13 11:26:09,919]--==>  Preparing: select * from OPERATOR WHERE F01=? and F02=? --[debug][BaseJdbcLogger.java,139]
[DEBUG][2016-09-13 11:26:10,052]--==> Parameters: guest(String), 123(String)--[debug][BaseJdbcLogger.java,139]
[DEBUG][2016-09-13 11:26:10,108]--<==      Total: 1--[debug][BaseJdbcLogger.java,139]
[INFO ][2016-09-13 11:31:09,512]--{dataSource-1} inited--[init][DruidDataSource.java,669]
[WARN ][2016-09-13 11:31:10,230]--Cache: com.chinatelecom.dao.mapper.EquipmentMapper has a maxElementsInMemory of 0.  In Ehcache 2.0 this has been changed to mean a store with no capacity limit. Set it to 1 if you want no elements cached in memory--[initialise][Cache.java,992]
[WARN ][2016-09-13 11:31:10,590]--Cache: com.chinatelecom.dao.mapper.IpMapper has a maxElementsInMemory of 0.  In Ehcache 2.0 this has been changed to mean a store with no capacity limit. Set it to 1 if you want no elements cached in memory--[initialise][Cache.java,992]
[WARN ][2016-09-13 11:31:10,665]--Cache: com.chinatelecom.dao.mapper.LoginMapper has a maxElementsInMemory of 0.  In Ehcache 2.0 this has been changed to mean a store with no capacity limit. Set it to 1 if you want no elements cached in memory--[initialise][Cache.java,992]
[WARN ][2016-09-13 11:31:10,866]--Creating a new instance of CacheManager using the diskStorePath "C:\Users\ADMINI~1\AppData\Local\Temp\" which is already used by an existing CacheManager.
The source of the configuration was net.sf.ehcache.config.generator.ConfigurationSource$InputStreamConfigurationSource@4ebb6b53.
The diskStore path for this CacheManager will be set to C:\Users\ADMINI~1\AppData\Local\Temp\\ehcache_auto_created_1473737470865.
To avoid this warning consider using the CacheManager factory methods to create a singleton CacheManager or specifying a separate ehcache configuration (ehcache.xml) for each CacheManager instance.--[detectAndFixDiskStorePathConflict][CacheManager.java,625]
[DEBUG][2016-09-13 11:31:40,665]--Cache Hit Ratio [com.chinatelecom.dao.mapper.LoginMapper]: 0.0--[getObject][LoggingCache.java,62]
[DEBUG][2016-09-13 11:31:40,714]--==>  Preparing: select * from OPERATOR WHERE F01=? and F02=? --[debug][BaseJdbcLogger.java,139]
[DEBUG][2016-09-13 11:31:40,866]--==> Parameters: guest(String), 123(String)--[debug][BaseJdbcLogger.java,139]
[DEBUG][2016-09-13 11:31:40,963]--<==      Total: 1--[debug][BaseJdbcLogger.java,139]
[INFO ][2016-09-13 11:34:20,425]--{dataSource-1} inited--[init][DruidDataSource.java,669]
[WARN ][2016-09-13 11:34:21,208]--Cache: com.chinatelecom.dao.mapper.EquipmentMapper has a maxElementsInMemory of 0.  In Ehcache 2.0 this has been changed to mean a store with no capacity limit. Set it to 1 if you want no elements cached in memory--[initialise][Cache.java,992]
[WARN ][2016-09-13 11:34:21,824]--Cache: com.chinatelecom.dao.mapper.IpMapper has a maxElementsInMemory of 0.  In Ehcache 2.0 this has been changed to mean a store with no capacity limit. Set it to 1 if you want no elements cached in memory--[initialise][Cache.java,992]
[WARN ][2016-09-13 11:34:21,888]--Cache: com.chinatelecom.dao.mapper.LoginMapper has a maxElementsInMemory of 0.  In Ehcache 2.0 this has been changed to mean a store with no capacity limit. Set it to 1 if you want no elements cached in memory--[initialise][Cache.java,992]
[WARN ][2016-09-13 11:34:22,059]--Creating a new instance of CacheManager using the diskStorePath "C:\Users\ADMINI~1\AppData\Local\Temp\" which is already used by an existing CacheManager.
The source of the configuration was net.sf.ehcache.config.generator.ConfigurationSource$InputStreamConfigurationSource@673c9771.
The diskStore path for this CacheManager will be set to C:\Users\ADMINI~1\AppData\Local\Temp\\ehcache_auto_created_1473737662059.
To avoid this warning consider using the CacheManager factory methods to create a singleton CacheManager or specifying a separate ehcache configuration (ehcache.xml) for each CacheManager instance.--[detectAndFixDiskStorePathConflict][CacheManager.java,625]
[DEBUG][2016-09-13 11:34:47,289]--Cache Hit Ratio [com.chinatelecom.dao.mapper.LoginMapper]: 0.0--[getObject][LoggingCache.java,62]
[DEBUG][2016-09-13 11:34:47,359]--==>  Preparing: select * from OPERATOR WHERE F01=? and F02=? --[debug][BaseJdbcLogger.java,139]
[DEBUG][2016-09-13 11:34:47,538]--==> Parameters: guest(String), 123(String)--[debug][BaseJdbcLogger.java,139]
[DEBUG][2016-09-13 11:34:47,611]--<==      Total: 1--[debug][BaseJdbcLogger.java,139]
[DEBUG][2016-09-13 11:35:22,404]--Cache Hit Ratio [com.chinatelecom.dao.mapper.LoginMapper]: 0.5--[getObject][LoggingCache.java,62]
[INFO ][2016-09-13 11:36:06,426]--{dataSource-1} closed--[close][DruidDataSource.java,1385]
[INFO ][2016-09-13 11:36:13,244]--{dataSource-1} inited--[init][DruidDataSource.java,669]
[WARN ][2016-09-13 11:36:13,796]--Cache: com.chinatelecom.dao.mapper.EquipmentMapper has a maxElementsInMemory of 0.  In Ehcache 2.0 this has been changed to mean a store with no capacity limit. Set it to 1 if you want no elements cached in memory--[initialise][Cache.java,992]
[WARN ][2016-09-13 11:36:14,080]--Cache: com.chinatelecom.dao.mapper.IpMapper has a maxElementsInMemory of 0.  In Ehcache 2.0 this has been changed to mean a store with no capacity limit. Set it to 1 if you want no elements cached in memory--[initialise][Cache.java,992]
[WARN ][2016-09-13 11:36:14,257]--Cache: com.chinatelecom.dao.mapper.LoginMapper has a maxElementsInMemory of 0.  In Ehcache 2.0 this has been changed to mean a store with no capacity limit. Set it to 1 if you want no elements cached in memory--[initialise][Cache.java,992]
[WARN ][2016-09-13 11:36:14,472]--Creating a new instance of CacheManager using the diskStorePath "C:\Users\ADMINI~1\AppData\Local\Temp\" which is already used by an existing CacheManager.
The source of the configuration was net.sf.ehcache.config.generator.ConfigurationSource$InputStreamConfigurationSource@6301ebf4.
The diskStore path for this CacheManager will be set to C:\Users\ADMINI~1\AppData\Local\Temp\\ehcache_auto_created_1473737774472.
To avoid this warning consider using the CacheManager factory methods to create a singleton CacheManager or specifying a separate ehcache configuration (ehcache.xml) for each CacheManager instance.--[detectAndFixDiskStorePathConflict][CacheManager.java,625]
[INFO ][2016-09-13 11:40:31,050]--{dataSource-1} inited--[init][DruidDataSource.java,669]
[WARN ][2016-09-13 11:40:31,820]--Cache: com.chinatelecom.dao.mapper.EquipmentMapper has a maxElementsInMemory of 0.  In Ehcache 2.0 this has been changed to mean a store with no capacity limit. Set it to 1 if you want no elements cached in memory--[initialise][Cache.java,992]
[WARN ][2016-09-13 11:40:32,464]--Cache: com.chinatelecom.dao.mapper.IpMapper has a maxElementsInMemory of 0.  In Ehcache 2.0 this has been changed to mean a store with no capacity limit. Set it to 1 if you want no elements cached in memory--[initialise][Cache.java,992]
[WARN ][2016-09-13 11:40:32,542]--Cache: com.chinatelecom.dao.mapper.LoginMapper has a maxElementsInMemory of 0.  In Ehcache 2.0 this has been changed to mean a store with no capacity limit. Set it to 1 if you want no elements cached in memory--[initialise][Cache.java,992]
[WARN ][2016-09-13 11:40:32,736]--Creating a new instance of CacheManager using the diskStorePath "C:\Users\ADMINI~1\AppData\Local\Temp\" which is already used by an existing CacheManager.
The source of the configuration was net.sf.ehcache.config.generator.ConfigurationSource$InputStreamConfigurationSource@1e03972a.
The diskStore path for this CacheManager will be set to C:\Users\ADMINI~1\AppData\Local\Temp\\ehcache_auto_created_1473738032736.
To avoid this warning consider using the CacheManager factory methods to create a singleton CacheManager or specifying a separate ehcache configuration (ehcache.xml) for each CacheManager instance.--[detectAndFixDiskStorePathConflict][CacheManager.java,625]
[DEBUG][2016-09-13 11:40:57,480]--Cache Hit Ratio [com.chinatelecom.dao.mapper.LoginMapper]: 0.0--[getObject][LoggingCache.java,62]
[DEBUG][2016-09-13 11:40:57,567]--==>  Preparing: select * from OPERATOR WHERE F01=? and F02=? --[debug][BaseJdbcLogger.java,139]
[DEBUG][2016-09-13 11:40:57,736]--==> Parameters: guest(String), 123(String)--[debug][BaseJdbcLogger.java,139]
[DEBUG][2016-09-13 11:40:57,820]--<==      Total: 1--[debug][BaseJdbcLogger.java,139]
[INFO ][2016-09-13 12:38:58,834]--{dataSource-1} inited--[init][DruidDataSource.java,669]
[WARN ][2016-09-13 12:38:59,601]--Cache: com.chinatelecom.dao.mapper.EquipmentMapper has a maxElementsInMemory of 0.  In Ehcache 2.0 this has been changed to mean a store with no capacity limit. Set it to 1 if you want no elements cached in memory--[initialise][Cache.java,992]
[WARN ][2016-09-13 12:39:00,008]--Cache: com.chinatelecom.dao.mapper.IpMapper has a maxElementsInMemory of 0.  In Ehcache 2.0 this has been changed to mean a store with no capacity limit. Set it to 1 if you want no elements cached in memory--[initialise][Cache.java,992]
[WARN ][2016-09-13 12:39:00,089]--Cache: com.chinatelecom.dao.mapper.LoginMapper has a maxElementsInMemory of 0.  In Ehcache 2.0 this has been changed to mean a store with no capacity limit. Set it to 1 if you want no elements cached in memory--[initialise][Cache.java,992]
[WARN ][2016-09-13 12:39:00,271]--Creating a new instance of CacheManager using the diskStorePath "C:\Users\ADMINI~1\AppData\Local\Temp\" which is already used by an existing CacheManager.
The source of the configuration was net.sf.ehcache.config.generator.ConfigurationSource$InputStreamConfigurationSource@66b82c38.
The diskStore path for this CacheManager will be set to C:\Users\ADMINI~1\AppData\Local\Temp\\ehcache_auto_created_1473741540271.
To avoid this warning consider using the CacheManager factory methods to create a singleton CacheManager or specifying a separate ehcache configuration (ehcache.xml) for each CacheManager instance.--[detectAndFixDiskStorePathConflict][CacheManager.java,625]
[DEBUG][2016-09-13 12:39:27,809]--Cache Hit Ratio [com.chinatelecom.dao.mapper.LoginMapper]: 0.0--[getObject][LoggingCache.java,62]
[DEBUG][2016-09-13 12:39:27,876]--==>  Preparing: select * from OPERATOR WHERE F01=? and F02=? --[debug][BaseJdbcLogger.java,139]
[DEBUG][2016-09-13 12:39:28,012]--==> Parameters: guest(String), 123(String)--[debug][BaseJdbcLogger.java,139]
[DEBUG][2016-09-13 12:39:28,131]--<==      Total: 1--[debug][BaseJdbcLogger.java,139]
[INFO ][2016-09-13 13:35:47,612]--{dataSource-1} inited--[init][DruidDataSource.java,669]
[WARN ][2016-09-13 13:35:48,442]--Cache: com.chinatelecom.dao.mapper.EquipmentMapper has a maxElementsInMemory of 0.  In Ehcache 2.0 this has been changed to mean a store with no capacity limit. Set it to 1 if you want no elements cached in memory--[initialise][Cache.java,992]
[WARN ][2016-09-13 13:35:48,889]--Cache: com.chinatelecom.dao.mapper.IpMapper has a maxElementsInMemory of 0.  In Ehcache 2.0 this has been changed to mean a store with no capacity limit. Set it to 1 if you want no elements cached in memory--[initialise][Cache.java,992]
[WARN ][2016-09-13 13:35:48,936]--Cache: com.chinatelecom.dao.mapper.LoginMapper has a maxElementsInMemory of 0.  In Ehcache 2.0 this has been changed to mean a store with no capacity limit. Set it to 1 if you want no elements cached in memory--[initialise][Cache.java,992]
[WARN ][2016-09-13 13:35:49,139]--Creating a new instance of CacheManager using the diskStorePath "C:\Users\ADMINI~1\AppData\Local\Temp\" which is already used by an existing CacheManager.
The source of the configuration was net.sf.ehcache.config.generator.ConfigurationSource$InputStreamConfigurationSource@5f950cb4.
The diskStore path for this CacheManager will be set to C:\Users\ADMINI~1\AppData\Local\Temp\\ehcache_auto_created_1473744949139.
To avoid this warning consider using the CacheManager factory methods to create a singleton CacheManager or specifying a separate ehcache configuration (ehcache.xml) for each CacheManager instance.--[detectAndFixDiskStorePathConflict][CacheManager.java,625]
[DEBUG][2016-09-13 13:36:50,974]--Cache Hit Ratio [com.chinatelecom.dao.mapper.LoginMapper]: 0.0--[getObject][LoggingCache.java,62]
[DEBUG][2016-09-13 13:36:51,016]--==>  Preparing: select * from OPERATOR WHERE F01=? and F02=? --[debug][BaseJdbcLogger.java,139]
[DEBUG][2016-09-13 13:36:51,254]--==> Parameters: guest(String), 123(String)--[debug][BaseJdbcLogger.java,139]
[DEBUG][2016-09-13 13:36:51,321]--<==      Total: 1--[debug][BaseJdbcLogger.java,139]
[INFO ][2016-09-13 14:16:09,896]--{dataSource-1} inited--[init][DruidDataSource.java,669]
[WARN ][2016-09-13 14:16:10,503]--Cache: com.chinatelecom.dao.mapper.EquipmentMapper has a maxElementsInMemory of 0.  In Ehcache 2.0 this has been changed to mean a store with no capacity limit. Set it to 1 if you want no elements cached in memory--[initialise][Cache.java,992]
[WARN ][2016-09-13 14:16:11,049]--Cache: com.chinatelecom.dao.mapper.IpMapper has a maxElementsInMemory of 0.  In Ehcache 2.0 this has been changed to mean a store with no capacity limit. Set it to 1 if you want no elements cached in memory--[initialise][Cache.java,992]
[WARN ][2016-09-13 14:16:11,314]--Cache: com.chinatelecom.dao.mapper.LoginMapper has a maxElementsInMemory of 0.  In Ehcache 2.0 this has been changed to mean a store with no capacity limit. Set it to 1 if you want no elements cached in memory--[initialise][Cache.java,992]
[WARN ][2016-09-13 14:16:11,416]--Creating a new instance of CacheManager using the diskStorePath "C:\Users\ADMINI~1\AppData\Local\Temp\" which is already used by an existing CacheManager.
The source of the configuration was net.sf.ehcache.config.generator.ConfigurationSource$InputStreamConfigurationSource@467c4b1e.
The diskStore path for this CacheManager will be set to C:\Users\ADMINI~1\AppData\Local\Temp\\ehcache_auto_created_1473747371416.
To avoid this warning consider using the CacheManager factory methods to create a singleton CacheManager or specifying a separate ehcache configuration (ehcache.xml) for each CacheManager instance.--[detectAndFixDiskStorePathConflict][CacheManager.java,625]
[DEBUG][2016-09-13 14:16:58,824]--Cache Hit Ratio [com.chinatelecom.dao.mapper.EquipmentMapper]: 0.0--[getObject][LoggingCache.java,62]
[DEBUG][2016-09-13 14:16:58,905]--==>  Preparing: select * from Room WHERE F01=? --[debug][BaseJdbcLogger.java,139]
[DEBUG][2016-09-13 14:16:59,107]--==> Parameters: 1(Integer)--[debug][BaseJdbcLogger.java,139]
[DEBUG][2016-09-13 14:16:59,222]--<==      Total: 1--[debug][BaseJdbcLogger.java,139]
[INFO ][2016-09-13 15:36:08,763]--{dataSource-1} closed--[close][DruidDataSource.java,1385]
[INFO ][2016-09-13 15:36:30,396]--{dataSource-1} inited--[init][DruidDataSource.java,669]
[WARN ][2016-09-13 15:36:31,117]--Cache: com.chinatelecom.dao.mapper.EquipmentMapper has a maxElementsInMemory of 0.  In Ehcache 2.0 this has been changed to mean a store with no capacity limit. Set it to 1 if you want no elements cached in memory--[initialise][Cache.java,992]
[WARN ][2016-09-13 15:36:31,375]--Cache: com.chinatelecom.dao.mapper.IpMapper has a maxElementsInMemory of 0.  In Ehcache 2.0 this has been changed to mean a store with no capacity limit. Set it to 1 if you want no elements cached in memory--[initialise][Cache.java,992]
[WARN ][2016-09-13 15:36:31,419]--Cache: com.chinatelecom.dao.mapper.LoginMapper has a maxElementsInMemory of 0.  In Ehcache 2.0 this has been changed to mean a store with no capacity limit. Set it to 1 if you want no elements cached in memory--[initialise][Cache.java,992]
[WARN ][2016-09-13 15:36:31,515]--Creating a new instance of CacheManager using the diskStorePath "C:\Users\ADMINI~1\AppData\Local\Temp\" which is already used by an existing CacheManager.
The source of the configuration was net.sf.ehcache.config.generator.ConfigurationSource$InputStreamConfigurationSource@467c4b1e.
The diskStore path for this CacheManager will be set to C:\Users\ADMINI~1\AppData\Local\Temp\\ehcache_auto_created_1473752191515.
To avoid this warning consider using the CacheManager factory methods to create a singleton CacheManager or specifying a separate ehcache configuration (ehcache.xml) for each CacheManager instance.--[detectAndFixDiskStorePathConflict][CacheManager.java,625]
[DEBUG][2016-09-13 15:37:07,522]--Cache Hit Ratio [com.chinatelecom.dao.mapper.LoginMapper]: 0.0--[getObject][LoggingCache.java,62]
[DEBUG][2016-09-13 15:37:07,577]--==>  Preparing: select * from OPERATOR WHERE F01=? and F02=? --[debug][BaseJdbcLogger.java,139]
[DEBUG][2016-09-13 15:37:07,680]--==> Parameters: guest(String), 123(String)--[debug][BaseJdbcLogger.java,139]
[DEBUG][2016-09-13 15:37:08,375]--<==      Total: 1--[debug][BaseJdbcLogger.java,139]
[DEBUG][2016-09-13 15:39:33,830]--Cache Hit Ratio [com.chinatelecom.dao.mapper.LoginMapper]: 0.5--[getObject][LoggingCache.java,62]
[DEBUG][2016-09-13 15:43:13,610]--Cache Hit Ratio [com.chinatelecom.dao.mapper.LoginMapper]: 0.6666666666666666--[getObject][LoggingCache.java,62]
[DEBUG][2016-09-13 15:44:21,998]--Cache Hit Ratio [com.chinatelecom.dao.mapper.LoginMapper]: 0.75--[getObject][LoggingCache.java,62]
[INFO ][2016-09-13 15:45:36,496]--{dataSource-1} closed--[close][DruidDataSource.java,1385]
[INFO ][2016-09-13 15:45:41,970]--{dataSource-1} inited--[init][DruidDataSource.java,669]
[WARN ][2016-09-13 15:45:42,484]--Cache: com.chinatelecom.dao.mapper.EquipmentMapper has a maxElementsInMemory of 0.  In Ehcache 2.0 this has been changed to mean a store with no capacity limit. Set it to 1 if you want no elements cached in memory--[initialise][Cache.java,992]
[WARN ][2016-09-13 15:45:42,682]--Cache: com.chinatelecom.dao.mapper.IpMapper has a maxElementsInMemory of 0.  In Ehcache 2.0 this has been changed to mean a store with no capacity limit. Set it to 1 if you want no elements cached in memory--[initialise][Cache.java,992]
[WARN ][2016-09-13 15:45:42,736]--Cache: com.chinatelecom.dao.mapper.LoginMapper has a maxElementsInMemory of 0.  In Ehcache 2.0 this has been changed to mean a store with no capacity limit. Set it to 1 if you want no elements cached in memory--[initialise][Cache.java,992]
[WARN ][2016-09-13 15:45:42,854]--Creating a new instance of CacheManager using the diskStorePath "C:\Users\ADMINI~1\AppData\Local\Temp\" which is already used by an existing CacheManager.
The source of the configuration was net.sf.ehcache.config.generator.ConfigurationSource$InputStreamConfigurationSource@12613442.
The diskStore path for this CacheManager will be set to C:\Users\ADMINI~1\AppData\Local\Temp\\ehcache_auto_created_1473752742853.
To avoid this warning consider using the CacheManager factory methods to create a singleton CacheManager or specifying a separate ehcache configuration (ehcache.xml) for each CacheManager instance.--[detectAndFixDiskStorePathConflict][CacheManager.java,625]
[INFO ][2016-09-13 15:54:42,773]--{dataSource-1} closed--[close][DruidDataSource.java,1385]
[INFO ][2016-09-13 15:54:55,177]--{dataSource-1} inited--[init][DruidDataSource.java,669]
[WARN ][2016-09-13 15:54:55,652]--Cache: com.chinatelecom.dao.mapper.EquipmentMapper has a maxElementsInMemory of 0.  In Ehcache 2.0 this has been changed to mean a store with no capacity limit. Set it to 1 if you want no elements cached in memory--[initialise][Cache.java,992]
[WARN ][2016-09-13 15:54:55,916]--Cache: com.chinatelecom.dao.mapper.IpMapper has a maxElementsInMemory of 0.  In Ehcache 2.0 this has been changed to mean a store with no capacity limit. Set it to 1 if you want no elements cached in memory--[initialise][Cache.java,992]
[WARN ][2016-09-13 15:54:55,955]--Cache: com.chinatelecom.dao.mapper.LoginMapper has a maxElementsInMemory of 0.  In Ehcache 2.0 this has been changed to mean a store with no capacity limit. Set it to 1 if you want no elements cached in memory--[initialise][Cache.java,992]
[WARN ][2016-09-13 15:54:56,050]--Creating a new instance of CacheManager using the diskStorePath "C:\Users\ADMINI~1\AppData\Local\Temp\" which is already used by an existing CacheManager.
The source of the configuration was net.sf.ehcache.config.generator.ConfigurationSource$InputStreamConfigurationSource@bb3da9d.
The diskStore path for this CacheManager will be set to C:\Users\ADMINI~1\AppData\Local\Temp\\ehcache_auto_created_1473753296050.
To avoid this warning consider using the CacheManager factory methods to create a singleton CacheManager or specifying a separate ehcache configuration (ehcache.xml) for each CacheManager instance.--[detectAndFixDiskStorePathConflict][CacheManager.java,625]
[INFO ][2016-09-13 16:14:52,751]--{dataSource-1} closed--[close][DruidDataSource.java,1385]
[INFO ][2016-09-13 16:14:58,963]--{dataSource-1} inited--[init][DruidDataSource.java,669]
[WARN ][2016-09-13 16:14:59,564]--Cache: com.chinatelecom.dao.mapper.EquipmentMapper has a maxElementsInMemory of 0.  In Ehcache 2.0 this has been changed to mean a store with no capacity limit. Set it to 1 if you want no elements cached in memory--[initialise][Cache.java,992]
[WARN ][2016-09-13 16:14:59,788]--Cache: com.chinatelecom.dao.mapper.IpMapper has a maxElementsInMemory of 0.  In Ehcache 2.0 this has been changed to mean a store with no capacity limit. Set it to 1 if you want no elements cached in memory--[initialise][Cache.java,992]
[WARN ][2016-09-13 16:14:59,823]--Cache: com.chinatelecom.dao.mapper.LoginMapper has a maxElementsInMemory of 0.  In Ehcache 2.0 this has been changed to mean a store with no capacity limit. Set it to 1 if you want no elements cached in memory--[initialise][Cache.java,992]
[WARN ][2016-09-13 16:14:59,931]--Creating a new instance of CacheManager using the diskStorePath "C:\Users\ADMINI~1\AppData\Local\Temp\" which is already used by an existing CacheManager.
The source of the configuration was net.sf.ehcache.config.generator.ConfigurationSource$InputStreamConfigurationSource@6d3e2321.
The diskStore path for this CacheManager will be set to C:\Users\ADMINI~1\AppData\Local\Temp\\ehcache_auto_created_1473754499931.
To avoid this warning consider using the CacheManager factory methods to create a singleton CacheManager or specifying a separate ehcache configuration (ehcache.xml) for each CacheManager instance.--[detectAndFixDiskStorePathConflict][CacheManager.java,625]
[INFO ][2016-09-13 16:15:02,828]--{dataSource-1} closed--[close][DruidDataSource.java,1385]
[INFO ][2016-09-13 16:15:15,640]--{dataSource-1} inited--[init][DruidDataSource.java,669]
[WARN ][2016-09-13 16:15:16,151]--Cache: com.chinatelecom.dao.mapper.EquipmentMapper has a maxElementsInMemory of 0.  In Ehcache 2.0 this has been changed to mean a store with no capacity limit. Set it to 1 if you want no elements cached in memory--[initialise][Cache.java,992]
[WARN ][2016-09-13 16:15:16,458]--Cache: com.chinatelecom.dao.mapper.IpMapper has a maxElementsInMemory of 0.  In Ehcache 2.0 this has been changed to mean a store with no capacity limit. Set it to 1 if you want no elements cached in memory--[initialise][Cache.java,992]
[WARN ][2016-09-13 16:15:16,574]--Cache: com.chinatelecom.dao.mapper.LoginMapper has a maxElementsInMemory of 0.  In Ehcache 2.0 this has been changed to mean a store with no capacity limit. Set it to 1 if you want no elements cached in memory--[initialise][Cache.java,992]
[WARN ][2016-09-13 16:15:16,722]--Creating a new instance of CacheManager using the diskStorePath "C:\Users\ADMINI~1\AppData\Local\Temp\" which is already used by an existing CacheManager.
The source of the configuration was net.sf.ehcache.config.generator.ConfigurationSource$InputStreamConfigurationSource@bb3da9d.
The diskStore path for this CacheManager will be set to C:\Users\ADMINI~1\AppData\Local\Temp\\ehcache_auto_created_1473754516721.
To avoid this warning consider using the CacheManager factory methods to create a singleton CacheManager or specifying a separate ehcache configuration (ehcache.xml) for each CacheManager instance.--[detectAndFixDiskStorePathConflict][CacheManager.java,625]
[INFO ][2016-09-13 16:16:30,506]--{dataSource-1} closed--[close][DruidDataSource.java,1385]
[INFO ][2016-09-13 16:16:35,753]--{dataSource-1} inited--[init][DruidDataSource.java,669]
[WARN ][2016-09-13 16:16:36,287]--Cache: com.chinatelecom.dao.mapper.EquipmentMapper has a maxElementsInMemory of 0.  In Ehcache 2.0 this has been changed to mean a store with no capacity limit. Set it to 1 if you want no elements cached in memory--[initialise][Cache.java,992]
[WARN ][2016-09-13 16:16:36,483]--Cache: com.chinatelecom.dao.mapper.IpMapper has a maxElementsInMemory of 0.  In Ehcache 2.0 this has been changed to mean a store with no capacity limit. Set it to 1 if you want no elements cached in memory--[initialise][Cache.java,992]
[WARN ][2016-09-13 16:16:36,518]--Cache: com.chinatelecom.dao.mapper.LoginMapper has a maxElementsInMemory of 0.  In Ehcache 2.0 this has been changed to mean a store with no capacity limit. Set it to 1 if you want no elements cached in memory--[initialise][Cache.java,992]
[WARN ][2016-09-13 16:16:36,650]--Creating a new instance of CacheManager using the diskStorePath "C:\Users\ADMINI~1\AppData\Local\Temp\" which is already used by an existing CacheManager.
The source of the configuration was net.sf.ehcache.config.generator.ConfigurationSource$InputStreamConfigurationSource@43a51430.
The diskStore path for this CacheManager will be set to C:\Users\ADMINI~1\AppData\Local\Temp\\ehcache_auto_created_1473754596650.
To avoid this warning consider using the CacheManager factory methods to create a singleton CacheManager or specifying a separate ehcache configuration (ehcache.xml) for each CacheManager instance.--[detectAndFixDiskStorePathConflict][CacheManager.java,625]
[INFO ][2016-09-13 16:17:18,381]--{dataSource-1} closed--[close][DruidDataSource.java,1385]
[INFO ][2016-09-13 16:17:24,520]--{dataSource-1} inited--[init][DruidDataSource.java,669]
[WARN ][2016-09-13 16:17:24,884]--Cache: com.chinatelecom.dao.mapper.EquipmentMapper has a maxElementsInMemory of 0.  In Ehcache 2.0 this has been changed to mean a store with no capacity limit. Set it to 1 if you want no elements cached in memory--[initialise][Cache.java,992]
[WARN ][2016-09-13 16:17:25,061]--Cache: com.chinatelecom.dao.mapper.IpMapper has a maxElementsInMemory of 0.  In Ehcache 2.0 this has been changed to mean a store with no capacity limit. Set it to 1 if you want no elements cached in memory--[initialise][Cache.java,992]
[WARN ][2016-09-13 16:17:25,092]--Cache: com.chinatelecom.dao.mapper.LoginMapper has a maxElementsInMemory of 0.  In Ehcache 2.0 this has been changed to mean a store with no capacity limit. Set it to 1 if you want no elements cached in memory--[initialise][Cache.java,992]
[WARN ][2016-09-13 16:17:25,202]--Creating a new instance of CacheManager using the diskStorePath "C:\Users\ADMINI~1\AppData\Local\Temp\" which is already used by an existing CacheManager.
The source of the configuration was net.sf.ehcache.config.generator.ConfigurationSource$InputStreamConfigurationSource@457dcc80.
The diskStore path for this CacheManager will be set to C:\Users\ADMINI~1\AppData\Local\Temp\\ehcache_auto_created_1473754645201.
To avoid this warning consider using the CacheManager factory methods to create a singleton CacheManager or specifying a separate ehcache configuration (ehcache.xml) for each CacheManager instance.--[detectAndFixDiskStorePathConflict][CacheManager.java,625]
[INFO ][2016-09-13 16:17:28,020]--{dataSource-1} closed--[close][DruidDataSource.java,1385]
[INFO ][2016-09-13 16:17:40,573]--{dataSource-1} inited--[init][DruidDataSource.java,669]
[WARN ][2016-09-13 16:17:41,328]--Cache: com.chinatelecom.dao.mapper.EquipmentMapper has a maxElementsInMemory of 0.  In Ehcache 2.0 this has been changed to mean a store with no capacity limit. Set it to 1 if you want no elements cached in memory--[initialise][Cache.java,992]
[WARN ][2016-09-13 16:17:41,662]--Cache: com.chinatelecom.dao.mapper.IpMapper has a maxElementsInMemory of 0.  In Ehcache 2.0 this has been changed to mean a store with no capacity limit. Set it to 1 if you want no elements cached in memory--[initialise][Cache.java,992]
[WARN ][2016-09-13 16:17:41,729]--Cache: com.chinatelecom.dao.mapper.LoginMapper has a maxElementsInMemory of 0.  In Ehcache 2.0 this has been changed to mean a store with no capacity limit. Set it to 1 if you want no elements cached in memory--[initialise][Cache.java,992]
[WARN ][2016-09-13 16:17:41,833]--Creating a new instance of CacheManager using the diskStorePath "C:\Users\ADMINI~1\AppData\Local\Temp\" which is already used by an existing CacheManager.
The source of the configuration was net.sf.ehcache.config.generator.ConfigurationSource$InputStreamConfigurationSource@547ae06b.
The diskStore path for this CacheManager will be set to C:\Users\ADMINI~1\AppData\Local\Temp\\ehcache_auto_created_1473754661833.
To avoid this warning consider using the CacheManager factory methods to create a singleton CacheManager or specifying a separate ehcache configuration (ehcache.xml) for each CacheManager instance.--[detectAndFixDiskStorePathConflict][CacheManager.java,625]
[INFO ][2016-09-13 16:19:05,804]--{dataSource-1} closed--[close][DruidDataSource.java,1385]
[INFO ][2016-09-13 16:19:11,021]--{dataSource-1} inited--[init][DruidDataSource.java,669]
[WARN ][2016-09-13 16:19:11,516]--Cache: com.chinatelecom.dao.mapper.EquipmentMapper has a maxElementsInMemory of 0.  In Ehcache 2.0 this has been changed to mean a store with no capacity limit. Set it to 1 if you want no elements cached in memory--[initialise][Cache.java,992]
[WARN ][2016-09-13 16:19:11,718]--Cache: com.chinatelecom.dao.mapper.IpMapper has a maxElementsInMemory of 0.  In Ehcache 2.0 this has been changed to mean a store with no capacity limit. Set it to 1 if you want no elements cached in memory--[initialise][Cache.java,992]
[WARN ][2016-09-13 16:19:11,783]--Cache: com.chinatelecom.dao.mapper.LoginMapper has a maxElementsInMemory of 0.  In Ehcache 2.0 this has been changed to mean a store with no capacity limit. Set it to 1 if you want no elements cached in memory--[initialise][Cache.java,992]
[WARN ][2016-09-13 16:19:11,877]--Creating a new instance of CacheManager using the diskStorePath "C:\Users\ADMINI~1\AppData\Local\Temp\" which is already used by an existing CacheManager.
The source of the configuration was net.sf.ehcache.config.generator.ConfigurationSource$InputStreamConfigurationSource@aaa9492.
The diskStore path for this CacheManager will be set to C:\Users\ADMINI~1\AppData\Local\Temp\\ehcache_auto_created_1473754751877.
To avoid this warning consider using the CacheManager factory methods to create a singleton CacheManager or specifying a separate ehcache configuration (ehcache.xml) for each CacheManager instance.--[detectAndFixDiskStorePathConflict][CacheManager.java,625]
[INFO ][2016-09-13 16:45:57,950]--{dataSource-1} closed--[close][DruidDataSource.java,1385]
[INFO ][2016-09-13 16:46:03,582]--{dataSource-1} inited--[init][DruidDataSource.java,669]
[WARN ][2016-09-13 16:46:04,106]--Cache: com.chinatelecom.dao.mapper.EquipmentMapper has a maxElementsInMemory of 0.  In Ehcache 2.0 this has been changed to mean a store with no capacity limit. Set it to 1 if you want no elements cached in memory--[initialise][Cache.java,992]
[WARN ][2016-09-13 16:46:04,291]--Cache: com.chinatelecom.dao.mapper.IpMapper has a maxElementsInMemory of 0.  In Ehcache 2.0 this has been changed to mean a store with no capacity limit. Set it to 1 if you want no elements cached in memory--[initialise][Cache.java,992]
[WARN ][2016-09-13 16:46:04,322]--Cache: com.chinatelecom.dao.mapper.LoginMapper has a maxElementsInMemory of 0.  In Ehcache 2.0 this has been changed to mean a store with no capacity limit. Set it to 1 if you want no elements cached in memory--[initialise][Cache.java,992]
[WARN ][2016-09-13 16:46:04,420]--Creating a new instance of CacheManager using the diskStorePath "C:\Users\ADMINI~1\AppData\Local\Temp\" which is already used by an existing CacheManager.
The source of the configuration was net.sf.ehcache.config.generator.ConfigurationSource$InputStreamConfigurationSource@46490397.
The diskStore path for this CacheManager will be set to C:\Users\ADMINI~1\AppData\Local\Temp\\ehcache_auto_created_1473756364420.
To avoid this warning consider using the CacheManager factory methods to create a singleton CacheManager or specifying a separate ehcache configuration (ehcache.xml) for each CacheManager instance.--[detectAndFixDiskStorePathConflict][CacheManager.java,625]
[INFO ][2016-09-13 16:46:13,368]--{dataSource-1} closed--[close][DruidDataSource.java,1385]
[INFO ][2016-09-13 16:46:27,006]--{dataSource-1} inited--[init][DruidDataSource.java,669]
[WARN ][2016-09-13 16:46:27,584]--Cache: com.chinatelecom.dao.mapper.EquipmentMapper has a maxElementsInMemory of 0.  In Ehcache 2.0 this has been changed to mean a store with no capacity limit. Set it to 1 if you want no elements cached in memory--[initialise][Cache.java,992]
[WARN ][2016-09-13 16:46:27,835]--Cache: com.chinatelecom.dao.mapper.IpMapper has a maxElementsInMemory of 0.  In Ehcache 2.0 this has been changed to mean a store with no capacity limit. Set it to 1 if you want no elements cached in memory--[initialise][Cache.java,992]
[WARN ][2016-09-13 16:46:27,871]--Cache: com.chinatelecom.dao.mapper.LoginMapper has a maxElementsInMemory of 0.  In Ehcache 2.0 this has been changed to mean a store with no capacity limit. Set it to 1 if you want no elements cached in memory--[initialise][Cache.java,992]
[WARN ][2016-09-13 16:46:27,957]--Creating a new instance of CacheManager using the diskStorePath "C:\Users\ADMINI~1\AppData\Local\Temp\" which is already used by an existing CacheManager.
The source of the configuration was net.sf.ehcache.config.generator.ConfigurationSource$InputStreamConfigurationSource@547ae06b.
The diskStore path for this CacheManager will be set to C:\Users\ADMINI~1\AppData\Local\Temp\\ehcache_auto_created_1473756387957.
To avoid this warning consider using the CacheManager factory methods to create a singleton CacheManager or specifying a separate ehcache configuration (ehcache.xml) for each CacheManager instance.--[detectAndFixDiskStorePathConflict][CacheManager.java,625]
[INFO ][2016-09-13 16:48:51,445]--{dataSource-1} closed--[close][DruidDataSource.java,1385]
[INFO ][2016-09-13 16:48:57,319]--{dataSource-1} inited--[init][DruidDataSource.java,669]
[WARN ][2016-09-13 16:48:57,862]--Cache: com.chinatelecom.dao.mapper.EquipmentMapper has a maxElementsInMemory of 0.  In Ehcache 2.0 this has been changed to mean a store with no capacity limit. Set it to 1 if you want no elements cached in memory--[initialise][Cache.java,992]
[WARN ][2016-09-13 16:48:58,039]--Cache: com.chinatelecom.dao.mapper.IpMapper has a maxElementsInMemory of 0.  In Ehcache 2.0 this has been changed to mean a store with no capacity limit. Set it to 1 if you want no elements cached in memory--[initialise][Cache.java,992]
[WARN ][2016-09-13 16:48:58,104]--Cache: com.chinatelecom.dao.mapper.LoginMapper has a maxElementsInMemory of 0.  In Ehcache 2.0 this has been changed to mean a store with no capacity limit. Set it to 1 if you want no elements cached in memory--[initialise][Cache.java,992]
[WARN ][2016-09-13 16:48:58,278]--Creating a new instance of CacheManager using the diskStorePath "C:\Users\ADMINI~1\AppData\Local\Temp\" which is already used by an existing CacheManager.
The source of the configuration was net.sf.ehcache.config.generator.ConfigurationSource$InputStreamConfigurationSource@26bcb661.
The diskStore path for this CacheManager will be set to C:\Users\ADMINI~1\AppData\Local\Temp\\ehcache_auto_created_1473756538277.
To avoid this warning consider using the CacheManager factory methods to create a singleton CacheManager or specifying a separate ehcache configuration (ehcache.xml) for each CacheManager instance.--[detectAndFixDiskStorePathConflict][CacheManager.java,625]
[INFO ][2016-09-13 16:49:01,961]--{dataSource-1} closed--[close][DruidDataSource.java,1385]
[INFO ][2016-09-13 16:49:14,058]--{dataSource-1} inited--[init][DruidDataSource.java,669]
[WARN ][2016-09-13 16:49:14,541]--Cache: com.chinatelecom.dao.mapper.EquipmentMapper has a maxElementsInMemory of 0.  In Ehcache 2.0 this has been changed to mean a store with no capacity limit. Set it to 1 if you want no elements cached in memory--[initialise][Cache.java,992]
[WARN ][2016-09-13 16:49:14,776]--Cache: com.chinatelecom.dao.mapper.IpMapper has a maxElementsInMemory of 0.  In Ehcache 2.0 this has been changed to mean a store with no capacity limit. Set it to 1 if you want no elements cached in memory--[initialise][Cache.java,992]
[WARN ][2016-09-13 16:49:14,809]--Cache: com.chinatelecom.dao.mapper.LoginMapper has a maxElementsInMemory of 0.  In Ehcache 2.0 this has been changed to mean a store with no capacity limit. Set it to 1 if you want no elements cached in memory--[initialise][Cache.java,992]
[WARN ][2016-09-13 16:49:14,935]--Creating a new instance of CacheManager using the diskStorePath "C:\Users\ADMINI~1\AppData\Local\Temp\" which is already used by an existing CacheManager.
The source of the configuration was net.sf.ehcache.config.generator.ConfigurationSource$InputStreamConfigurationSource@51993be9.
The diskStore path for this CacheManager will be set to C:\Users\ADMINI~1\AppData\Local\Temp\\ehcache_auto_created_1473756554935.
To avoid this warning consider using the CacheManager factory methods to create a singleton CacheManager or specifying a separate ehcache configuration (ehcache.xml) for each CacheManager instance.--[detectAndFixDiskStorePathConflict][CacheManager.java,625]
[INFO ][2016-09-13 16:51:58,395]--{dataSource-1} closed--[close][DruidDataSource.java,1385]
[INFO ][2016-09-13 16:52:03,824]--{dataSource-1} inited--[init][DruidDataSource.java,669]
[WARN ][2016-09-13 16:52:04,310]--Cache: com.chinatelecom.dao.mapper.EquipmentMapper has a maxElementsInMemory of 0.  In Ehcache 2.0 this has been changed to mean a store with no capacity limit. Set it to 1 if you want no elements cached in memory--[initialise][Cache.java,992]
[WARN ][2016-09-13 16:52:04,659]--Cache: com.chinatelecom.dao.mapper.IpMapper has a maxElementsInMemory of 0.  In Ehcache 2.0 this has been changed to mean a store with no capacity limit. Set it to 1 if you want no elements cached in memory--[initialise][Cache.java,992]
[WARN ][2016-09-13 16:52:04,718]--Cache: com.chinatelecom.dao.mapper.LoginMapper has a maxElementsInMemory of 0.  In Ehcache 2.0 this has been changed to mean a store with no capacity limit. Set it to 1 if you want no elements cached in memory--[initialise][Cache.java,992]
[WARN ][2016-09-13 16:52:04,834]--Creating a new instance of CacheManager using the diskStorePath "C:\Users\ADMINI~1\AppData\Local\Temp\" which is already used by an existing CacheManager.
The source of the configuration was net.sf.ehcache.config.generator.ConfigurationSource$InputStreamConfigurationSource@19041f21.
The diskStore path for this CacheManager will be set to C:\Users\ADMINI~1\AppData\Local\Temp\\ehcache_auto_created_1473756724834.
To avoid this warning consider using the CacheManager factory methods to create a singleton CacheManager or specifying a separate ehcache configuration (ehcache.xml) for each CacheManager instance.--[detectAndFixDiskStorePathConflict][CacheManager.java,625]
