[INFO ][2016-08-23 00:06:05,227]--{dataSource-1} inited--[init][DruidDataSource.java,669]
[INFO ][2016-08-23 00:06:18,906]--{dataSource-1} closed--[close][DruidDataSource.java,1385]
[INFO ][2016-08-23 00:06:25,251]--{dataSource-1} inited--[init][DruidDataSource.java,669]
[DEBUG][2016-08-23 00:06:28,656]--==>  Preparing: select * from OPERATOR WHERE F01=? and F08=? --[debug][BaseJdbcLogger.java,139]
[DEBUG][2016-08-23 00:06:28,781]--==> Parameters: guest(String), jx(String)--[debug][BaseJdbcLogger.java,139]
[DEBUG][2016-08-23 00:06:28,843]--<==      Total: 1--[debug][BaseJdbcLogger.java,139]
[INFO ][2016-08-23 00:13:36,255]--{dataSource-1} inited--[init][DruidDataSource.java,669]
[DEBUG][2016-08-23 00:14:13,881]--==>  Preparing: select * from OPERATOR WHERE F01=? and F08=? --[debug][BaseJdbcLogger.java,139]
[DEBUG][2016-08-23 00:14:14,058]--==> Parameters: guest(String), 1(String)--[debug][BaseJdbcLogger.java,139]
[DEBUG][2016-08-23 00:14:14,127]--<==      Total: 0--[debug][BaseJdbcLogger.java,139]
[INFO ][2016-08-23 00:18:24,167]--{dataSource-1} inited--[init][DruidDataSource.java,669]
[DEBUG][2016-08-23 00:18:48,778]--==>  Preparing: select * from OPERATOR WHERE F01=? and F08=? --[debug][BaseJdbcLogger.java,139]
[DEBUG][2016-08-23 00:18:48,931]--==> Parameters: guest(String), 1(String)--[debug][BaseJdbcLogger.java,139]
[DEBUG][2016-08-23 00:18:49,045]--<==      Total: 0--[debug][BaseJdbcLogger.java,139]
[DEBUG][2016-08-23 00:19:16,341]--==>  Preparing: select * from OPERATOR WHERE F01=? and F08=? --[debug][BaseJdbcLogger.java,139]
[DEBUG][2016-08-23 00:19:16,342]--==> Parameters: guest(String), 1(String)--[debug][BaseJdbcLogger.java,139]
[DEBUG][2016-08-23 00:19:16,346]--<==      Total: 0--[debug][BaseJdbcLogger.java,139]
[INFO ][2016-08-23 00:20:33,932]--{dataSource-1} inited--[init][DruidDataSource.java,669]
[DEBUG][2016-08-23 00:20:57,553]--==>  Preparing: select * from OPERATOR WHERE F01=? and F08=? --[debug][BaseJdbcLogger.java,139]
[DEBUG][2016-08-23 00:20:57,765]--==> Parameters: guest(String), 1(String)--[debug][BaseJdbcLogger.java,139]
[DEBUG][2016-08-23 00:20:57,868]--<==      Total: 0--[debug][BaseJdbcLogger.java,139]
[INFO ][2016-08-23 00:22:06,979]--{dataSource-1} closed--[close][DruidDataSource.java,1385]
[INFO ][2016-08-23 00:24:17,179]--{dataSource-1} inited--[init][DruidDataSource.java,669]
[DEBUG][2016-08-23 00:24:46,144]--==>  Preparing: select * from OPERATOR WHERE F01=? and F08=? --[debug][BaseJdbcLogger.java,139]
[DEBUG][2016-08-23 00:24:46,274]--==> Parameters: guest(String), 1(String)--[debug][BaseJdbcLogger.java,139]
[DEBUG][2016-08-23 00:24:46,386]--<==      Total: 0--[debug][BaseJdbcLogger.java,139]
[INFO ][2016-08-23 00:31:33,082]--{dataSource-1} inited--[init][DruidDataSource.java,669]
[INFO ][2016-08-23 08:30:30,143]--{dataSource-1} inited--[init][DruidDataSource.java,669]
[DEBUG][2016-08-23 08:32:10,995]--==>  Preparing: select * from OPERATOR WHERE F01=? and F08=? --[debug][BaseJdbcLogger.java,139]
[DEBUG][2016-08-23 08:32:11,132]--==> Parameters: guest(String), jx(String)--[debug][BaseJdbcLogger.java,139]
[DEBUG][2016-08-23 08:32:11,368]--<==      Total: 1--[debug][BaseJdbcLogger.java,139]
[INFO ][2016-08-23 08:55:32,288]--{dataSource-1} closed--[close][DruidDataSource.java,1385]
[INFO ][2016-08-23 08:55:39,016]--{dataSource-1} inited--[init][DruidDataSource.java,669]
[INFO ][2016-08-23 08:56:05,017]--{dataSource-1} inited--[init][DruidDataSource.java,669]
[DEBUG][2016-08-23 08:56:22,755]--==>  Preparing: select * from OPERATOR WHERE F01=? and F08=? --[debug][BaseJdbcLogger.java,139]
[DEBUG][2016-08-23 08:56:22,890]--==> Parameters: guest(String), jx(String)--[debug][BaseJdbcLogger.java,139]
[DEBUG][2016-08-23 08:56:22,983]--<==      Total: 1--[debug][BaseJdbcLogger.java,139]
[INFO ][2016-08-23 08:57:43,753]--{dataSource-1} inited--[init][DruidDataSource.java,669]
[INFO ][2016-08-23 08:59:23,435]--{dataSource-1} inited--[init][DruidDataSource.java,669]
[DEBUG][2016-08-23 08:59:47,362]--==>  Preparing: select * from OPERATOR WHERE F01=? and F08=? --[debug][BaseJdbcLogger.java,139]
[DEBUG][2016-08-23 08:59:47,495]--==> Parameters: guest(String), jx(String)--[debug][BaseJdbcLogger.java,139]
[DEBUG][2016-08-23 08:59:47,554]--<==      Total: 1--[debug][BaseJdbcLogger.java,139]
[INFO ][2016-08-23 09:00:31,007]--{dataSource-1} inited--[init][DruidDataSource.java,669]
[INFO ][2016-08-23 09:01:46,041]--{dataSource-1} closed--[close][DruidDataSource.java,1385]
[INFO ][2016-08-23 09:02:37,136]--{dataSource-1} inited--[init][DruidDataSource.java,669]
[DEBUG][2016-08-23 09:03:24,129]--==>  Preparing: select * from OPERATOR WHERE F01=? and F08=? --[debug][BaseJdbcLogger.java,139]
[DEBUG][2016-08-23 09:03:24,903]--==> Parameters: guest(String), jx(String)--[debug][BaseJdbcLogger.java,139]
[DEBUG][2016-08-23 09:03:25,306]--<==      Total: 1--[debug][BaseJdbcLogger.java,139]
[DEBUG][2016-08-23 09:09:26,906]--==>  Preparing: select * from OPERATOR WHERE F01=? and F08=? --[debug][BaseJdbcLogger.java,139]
[DEBUG][2016-08-23 09:09:26,911]--==> Parameters: guest(String), jx(String)--[debug][BaseJdbcLogger.java,139]
[DEBUG][2016-08-23 09:09:26,932]--<==      Total: 1--[debug][BaseJdbcLogger.java,139]
[INFO ][2016-08-23 09:13:19,735]--{dataSource-1} inited--[init][DruidDataSource.java,669]
[DEBUG][2016-08-23 09:13:58,348]--==>  Preparing: select * from OPERATOR WHERE F01=? and F08=? --[debug][BaseJdbcLogger.java,139]
[DEBUG][2016-08-23 09:13:59,108]--==> Parameters: guest(String), ee(String)--[debug][BaseJdbcLogger.java,139]
[DEBUG][2016-08-23 09:13:59,442]--<==      Total: 0--[debug][BaseJdbcLogger.java,139]
[INFO ][2016-08-23 09:16:37,013]--{dataSource-1} closed--[close][DruidDataSource.java,1385]
[INFO ][2016-08-23 09:16:44,761]--{dataSource-1} inited--[init][DruidDataSource.java,669]
[INFO ][2016-08-23 09:16:58,789]--{dataSource-1} closed--[close][DruidDataSource.java,1385]
[INFO ][2016-08-23 09:17:05,678]--{dataSource-1} inited--[init][DruidDataSource.java,669]
[INFO ][2016-08-23 09:20:12,372]--{dataSource-1} inited--[init][DruidDataSource.java,669]
[DEBUG][2016-08-23 09:20:51,466]--==>  Preparing: select * from OPERATOR WHERE F01=? and F08=? --[debug][BaseJdbcLogger.java,139]
[DEBUG][2016-08-23 09:20:52,230]--==> Parameters: guest(String), jx(String)--[debug][BaseJdbcLogger.java,139]
[DEBUG][2016-08-23 09:22:40,332]--==>  Preparing: select * from OPERATOR WHERE F01=? and F08=? --[debug][BaseJdbcLogger.java,139]
[DEBUG][2016-08-23 09:22:40,335]--==> Parameters: guest(String), ee(String)--[debug][BaseJdbcLogger.java,139]
[DEBUG][2016-08-23 09:22:40,341]--<==      Total: 0--[debug][BaseJdbcLogger.java,139]
[INFO ][2016-08-23 09:23:47,332]--{dataSource-1} inited--[init][DruidDataSource.java,669]
[DEBUG][2016-08-23 09:24:11,973]--==>  Preparing: select * from OPERATOR WHERE F01=? and F08=? --[debug][BaseJdbcLogger.java,139]
[DEBUG][2016-08-23 09:24:12,737]--==> Parameters: guest(String), jx(String)--[debug][BaseJdbcLogger.java,139]
[INFO ][2016-08-23 09:25:09,727]--{dataSource-1} closed--[close][DruidDataSource.java,1385]
[INFO ][2016-08-23 09:25:37,000]--{dataSource-1} inited--[init][DruidDataSource.java,669]
[DEBUG][2016-08-23 09:26:52,946]--==>  Preparing: select * from OPERATOR WHERE F01=? and F08=? --[debug][BaseJdbcLogger.java,139]
[DEBUG][2016-08-23 09:26:53,759]--==> Parameters: guest(String), jx(String)--[debug][BaseJdbcLogger.java,139]
[INFO ][2016-08-23 09:29:33,716]--{dataSource-1} inited--[init][DruidDataSource.java,669]
[DEBUG][2016-08-23 09:30:15,307]--==>  Preparing: select * from OPERATOR WHERE F01=? and F08=? --[debug][BaseJdbcLogger.java,139]
[DEBUG][2016-08-23 09:30:16,071]--==> Parameters: guest(String), jx(String)--[debug][BaseJdbcLogger.java,139]
[INFO ][2016-08-23 09:33:59,587]--{dataSource-1} closed--[close][DruidDataSource.java,1385]
[INFO ][2016-08-23 09:34:33,565]--{dataSource-1} inited--[init][DruidDataSource.java,669]
[DEBUG][2016-08-23 09:35:01,896]--==>  Preparing: select * from OPERATOR WHERE F01=? and F08=? --[debug][BaseJdbcLogger.java,139]
[DEBUG][2016-08-23 09:35:02,768]--==> Parameters: guest(String), jx(String)--[debug][BaseJdbcLogger.java,139]
[INFO ][2016-08-23 09:38:08,129]--{dataSource-1} inited--[init][DruidDataSource.java,669]
[DEBUG][2016-08-23 09:38:35,136]--==>  Preparing: select * from OPERATOR WHERE F01=? and F08=? --[debug][BaseJdbcLogger.java,139]
[DEBUG][2016-08-23 09:38:35,943]--==> Parameters: guest(String), jx(String)--[debug][BaseJdbcLogger.java,139]
[DEBUG][2016-08-23 09:38:36,344]--<==      Total: 1--[debug][BaseJdbcLogger.java,139]
[INFO ][2016-08-23 09:43:35,475]--{dataSource-1} closed--[close][DruidDataSource.java,1385]
[INFO ][2016-08-23 09:44:34,029]--{dataSource-1} inited--[init][DruidDataSource.java,669]
[DEBUG][2016-08-23 09:44:37,948]--==>  Preparing: select * from OPERATOR WHERE F01=? and F08=? --[debug][BaseJdbcLogger.java,139]
[DEBUG][2016-08-23 09:44:38,059]--==> Parameters: guest(String), jx(String)--[debug][BaseJdbcLogger.java,139]
[DEBUG][2016-08-23 09:44:38,166]--<==      Total: 1--[debug][BaseJdbcLogger.java,139]
[DEBUG][2016-08-23 09:45:04,268]--==>  Preparing: select * from OPERATOR WHERE F01=? and F08=? --[debug][BaseJdbcLogger.java,139]
[DEBUG][2016-08-23 09:45:04,270]--==> Parameters: guest(String), jx(String)--[debug][BaseJdbcLogger.java,139]
[DEBUG][2016-08-23 09:45:04,286]--<==      Total: 1--[debug][BaseJdbcLogger.java,139]
[DEBUG][2016-08-23 09:45:39,871]--==>  Preparing: select * from OPERATOR WHERE F01=? and F08=? --[debug][BaseJdbcLogger.java,139]
[DEBUG][2016-08-23 09:45:39,874]--==> Parameters: guest(String), ee(String)--[debug][BaseJdbcLogger.java,139]
[DEBUG][2016-08-23 09:45:39,876]--<==      Total: 0--[debug][BaseJdbcLogger.java,139]
[DEBUG][2016-08-23 09:45:46,234]--==>  Preparing: select * from OPERATOR WHERE F01=? and F08=? --[debug][BaseJdbcLogger.java,139]
[DEBUG][2016-08-23 09:45:46,235]--==> Parameters: guest(String), 33(String)--[debug][BaseJdbcLogger.java,139]
[DEBUG][2016-08-23 09:45:46,245]--<==      Total: 0--[debug][BaseJdbcLogger.java,139]
[INFO ][2016-08-23 09:47:41,372]--{dataSource-1} inited--[init][DruidDataSource.java,669]
[DEBUG][2016-08-23 09:47:49,758]--==>  Preparing: select * from OPERATOR WHERE F01=? and F08=? --[debug][BaseJdbcLogger.java,139]
[DEBUG][2016-08-23 09:47:49,940]--==> Parameters: guest(String), 33(String)--[debug][BaseJdbcLogger.java,139]
[DEBUG][2016-08-23 09:47:49,980]--<==      Total: 0--[debug][BaseJdbcLogger.java,139]
[DEBUG][2016-08-23 09:47:59,376]--==>  Preparing: select * from OPERATOR WHERE F01=? and F08=? --[debug][BaseJdbcLogger.java,139]
[DEBUG][2016-08-23 09:47:59,378]--==> Parameters: guest(String), jx(String)--[debug][BaseJdbcLogger.java,139]
[DEBUG][2016-08-23 09:47:59,395]--<==      Total: 1--[debug][BaseJdbcLogger.java,139]
[DEBUG][2016-08-23 09:48:05,227]--==>  Preparing: select * from OPERATOR WHERE F01=? and F08=? --[debug][BaseJdbcLogger.java,139]
[DEBUG][2016-08-23 09:48:05,230]--==> Parameters: guest(String), jx(String)--[debug][BaseJdbcLogger.java,139]
[DEBUG][2016-08-23 09:48:05,234]--<==      Total: 1--[debug][BaseJdbcLogger.java,139]
[INFO ][2016-08-23 09:49:35,474]--{dataSource-1} closed--[close][DruidDataSource.java,1385]
[INFO ][2016-08-23 09:49:41,693]--{dataSource-1} inited--[init][DruidDataSource.java,669]
[DEBUG][2016-08-23 09:50:12,365]--==>  Preparing: select * from OPERATOR WHERE F01=? and F08=? --[debug][BaseJdbcLogger.java,139]
[DEBUG][2016-08-23 09:50:12,438]--==> Parameters: guest(String), jx(String)--[debug][BaseJdbcLogger.java,139]
[DEBUG][2016-08-23 09:50:12,502]--<==      Total: 1--[debug][BaseJdbcLogger.java,139]
[DEBUG][2016-08-23 09:52:43,336]--==>  Preparing: select * from Site --[debug][BaseJdbcLogger.java,139]
[DEBUG][2016-08-23 09:52:43,337]--==> Parameters: --[debug][BaseJdbcLogger.java,139]
[DEBUG][2016-08-23 09:52:43,514]--<==      Total: 1--[debug][BaseJdbcLogger.java,139]
[DEBUG][2016-08-23 09:57:23,589]--==>  Preparing: select * from Site --[debug][BaseJdbcLogger.java,139]
[DEBUG][2016-08-23 09:57:23,590]--==> Parameters: --[debug][BaseJdbcLogger.java,139]
[DEBUG][2016-08-23 09:57:23,595]--<==      Total: 1--[debug][BaseJdbcLogger.java,139]
[INFO ][2016-08-23 09:57:59,019]--{dataSource-1} inited--[init][DruidDataSource.java,669]
[ERROR][2016-08-23 09:58:42,843]--PermissionFail: errorMsg=用户没有权限--[preHandle][Permission.java,35]
[INFO ][2016-08-23 10:01:11,271]--{dataSource-1} inited--[init][DruidDataSource.java,669]
[ERROR][2016-08-23 10:01:38,792]--PermissionFail: errorMsg=用户没有权限--[preHandle][Permission.java,35]
[ERROR][2016-08-23 10:03:38,869]--PermissionFail: errorMsg=用户没有权限--[preHandle][Permission.java,35]
[ERROR][2016-08-23 10:03:46,659]--PermissionFail: errorMsg=用户没有权限--[preHandle][Permission.java,35]
[ERROR][2016-08-23 10:03:49,224]--PermissionFail: errorMsg=用户没有权限--[preHandle][Permission.java,35]
[ERROR][2016-08-23 10:04:04,984]--PermissionFail: errorMsg=用户没有权限--[preHandle][Permission.java,35]
[ERROR][2016-08-23 10:04:09,621]--PermissionFail: errorMsg=用户没有权限--[preHandle][Permission.java,35]
[ERROR][2016-08-23 10:04:20,837]--PermissionFail: errorMsg=用户没有权限--[preHandle][Permission.java,35]
[ERROR][2016-08-23 10:05:20,637]--PermissionFail: errorMsg=用户没有权限--[preHandle][Permission.java,35]
[ERROR][2016-08-23 10:05:39,889]--PermissionFail: errorMsg=用户没有权限--[preHandle][Permission.java,35]
[ERROR][2016-08-23 10:05:40,292]--PermissionFail: errorMsg=用户没有权限--[preHandle][Permission.java,35]
[ERROR][2016-08-23 10:05:40,456]--PermissionFail: errorMsg=用户没有权限--[preHandle][Permission.java,35]
[ERROR][2016-08-23 10:05:40,791]--PermissionFail: errorMsg=用户没有权限--[preHandle][Permission.java,35]
[ERROR][2016-08-23 10:05:50,780]--PermissionFail: errorMsg=用户没有权限--[preHandle][Permission.java,35]
[ERROR][2016-08-23 10:06:35,312]--PermissionFail: errorMsg=用户没有权限--[preHandle][Permission.java,35]
[INFO ][2016-08-23 10:14:15,912]--{dataSource-1} inited--[init][DruidDataSource.java,669]
[ERROR][2016-08-23 10:14:30,273]--PermissionFail: errorMsg=用户没有权限--[preHandle][Permission.java,35]
[DEBUG][2016-08-23 10:14:55,307]--==>  Preparing: select * from OPERATOR WHERE F01=? and F08=? --[debug][BaseJdbcLogger.java,139]
[DEBUG][2016-08-23 10:14:55,434]--==> Parameters: guest(String), jx(String)--[debug][BaseJdbcLogger.java,139]
[DEBUG][2016-08-23 10:14:55,490]--<==      Total: 1--[debug][BaseJdbcLogger.java,139]
[DEBUG][2016-08-23 10:17:16,995]--==>  Preparing: select * from OPERATOR WHERE F01=? and F08=? --[debug][BaseJdbcLogger.java,139]
[DEBUG][2016-08-23 10:17:16,997]--==> Parameters: guest(String), x(String)--[debug][BaseJdbcLogger.java,139]
[DEBUG][2016-08-23 10:17:17,000]--<==      Total: 0--[debug][BaseJdbcLogger.java,139]
[DEBUG][2016-08-23 10:17:24,027]--==>  Preparing: select * from Site --[debug][BaseJdbcLogger.java,139]
[DEBUG][2016-08-23 10:17:24,028]--==> Parameters: --[debug][BaseJdbcLogger.java,139]
[DEBUG][2016-08-23 10:17:24,035]--<==      Total: 1--[debug][BaseJdbcLogger.java,139]
[DEBUG][2016-08-23 10:17:47,644]--==>  Preparing: select * from Site --[debug][BaseJdbcLogger.java,139]
[DEBUG][2016-08-23 10:17:47,646]--==> Parameters: --[debug][BaseJdbcLogger.java,139]
[DEBUG][2016-08-23 10:17:47,649]--<==      Total: 1--[debug][BaseJdbcLogger.java,139]
[DEBUG][2016-08-23 10:19:02,224]--==>  Preparing: select * from Site --[debug][BaseJdbcLogger.java,139]
[DEBUG][2016-08-23 10:19:02,226]--==> Parameters: --[debug][BaseJdbcLogger.java,139]
[DEBUG][2016-08-23 10:19:02,236]--<==      Total: 1--[debug][BaseJdbcLogger.java,139]
[DEBUG][2016-08-23 10:19:02,553]--==>  Preparing: select * from Site --[debug][BaseJdbcLogger.java,139]
[DEBUG][2016-08-23 10:19:02,555]--==> Parameters: --[debug][BaseJdbcLogger.java,139]
[DEBUG][2016-08-23 10:19:02,560]--<==      Total: 1--[debug][BaseJdbcLogger.java,139]
[DEBUG][2016-08-23 10:19:02,707]--==>  Preparing: select * from Site --[debug][BaseJdbcLogger.java,139]
[DEBUG][2016-08-23 10:19:02,711]--==> Parameters: --[debug][BaseJdbcLogger.java,139]
[DEBUG][2016-08-23 10:19:02,714]--<==      Total: 1--[debug][BaseJdbcLogger.java,139]
[DEBUG][2016-08-23 10:19:02,854]--==>  Preparing: select * from Site --[debug][BaseJdbcLogger.java,139]
[DEBUG][2016-08-23 10:19:02,855]--==> Parameters: --[debug][BaseJdbcLogger.java,139]
[DEBUG][2016-08-23 10:19:02,864]--<==      Total: 1--[debug][BaseJdbcLogger.java,139]
[DEBUG][2016-08-23 10:19:13,827]--==>  Preparing: select * from Site --[debug][BaseJdbcLogger.java,139]
[DEBUG][2016-08-23 10:19:13,831]--==> Parameters: --[debug][BaseJdbcLogger.java,139]
[DEBUG][2016-08-23 10:19:13,834]--<==      Total: 1--[debug][BaseJdbcLogger.java,139]
[INFO ][2016-08-23 11:10:36,390]--{dataSource-1} inited--[init][DruidDataSource.java,669]
[ERROR][2016-08-23 11:10:48,403]--PermissionFail: errorMsg=用户没有权限--[preHandle][Permission.java,35]
[ERROR][2016-08-23 11:11:16,625]--PermissionFail: errorMsg=用户没有权限--[preHandle][Permission.java,35]
[INFO ][2016-08-23 11:11:50,811]--{dataSource-1} closed--[close][DruidDataSource.java,1385]
[INFO ][2016-08-23 11:11:56,607]--{dataSource-1} inited--[init][DruidDataSource.java,669]
[INFO ][2016-08-23 11:25:31,174]--{dataSource-1} closed--[close][DruidDataSource.java,1385]
[INFO ][2016-08-23 11:25:36,837]--{dataSource-1} inited--[init][DruidDataSource.java,669]
[INFO ][2016-08-23 11:25:59,643]--{dataSource-1} closed--[close][DruidDataSource.java,1385]
[INFO ][2016-08-23 11:26:04,785]--{dataSource-1} inited--[init][DruidDataSource.java,669]
[INFO ][2016-08-23 11:26:17,255]--{dataSource-1} closed--[close][DruidDataSource.java,1385]
[INFO ][2016-08-23 11:26:22,243]--{dataSource-1} inited--[init][DruidDataSource.java,669]
[INFO ][2016-08-23 11:29:21,960]--{dataSource-1} inited--[init][DruidDataSource.java,669]
[ERROR][2016-08-23 11:29:36,971]--PermissionFail: errorMsg=用户没有权限--[preHandle][Permission.java,41]
[ERROR][2016-08-23 11:29:39,538]--PermissionFail: errorMsg=用户没有权限--[preHandle][Permission.java,41]
[INFO ][2016-08-23 11:30:44,747]--{dataSource-1} inited--[init][DruidDataSource.java,669]
[ERROR][2016-08-23 11:30:59,399]--PermissionFail: errorMsg=用户没有权限--[preHandle][Permission.java,41]
[INFO ][2016-08-23 12:27:56,468]--{dataSource-1} closed--[close][DruidDataSource.java,1385]
[INFO ][2016-08-23 12:28:03,583]--{dataSource-1} inited--[init][DruidDataSource.java,669]
[INFO ][2016-08-23 12:29:36,230]--{dataSource-1} closed--[close][DruidDataSource.java,1385]
[INFO ][2016-08-23 12:29:40,800]--{dataSource-1} inited--[init][DruidDataSource.java,669]
[INFO ][2016-08-23 12:55:54,549]--{dataSource-1} inited--[init][DruidDataSource.java,669]
[DEBUG][2016-08-23 12:57:07,843]--==>  Preparing: select * from OPERATOR WHERE F01=? and F08=? --[debug][BaseJdbcLogger.java,139]
[DEBUG][2016-08-23 12:57:07,970]--==> Parameters: guest(String), jx(String)--[debug][BaseJdbcLogger.java,139]
[DEBUG][2016-08-23 12:57:08,332]--<==      Total: 1--[debug][BaseJdbcLogger.java,139]
[INFO ][2016-08-23 12:58:57,179]--{dataSource-1} inited--[init][DruidDataSource.java,669]
[DEBUG][2016-08-23 12:59:14,827]--==>  Preparing: select * from OPERATOR WHERE F01=? and F08=? --[debug][BaseJdbcLogger.java,139]
[DEBUG][2016-08-23 12:59:14,960]--==> Parameters: guest(String), (String)--[debug][BaseJdbcLogger.java,139]
[DEBUG][2016-08-23 12:59:15,030]--<==      Total: 0--[debug][BaseJdbcLogger.java,139]
[INFO ][2016-08-23 14:11:54,878]--{dataSource-1} inited--[init][DruidDataSource.java,669]
[DEBUG][2016-08-23 14:12:12,872]--==>  Preparing: select * from OPERATOR WHERE F01=? and F02=? --[debug][BaseJdbcLogger.java,139]
[DEBUG][2016-08-23 14:12:13,033]--==> Parameters: guest(String), 123(String)--[debug][BaseJdbcLogger.java,139]
[DEBUG][2016-08-23 14:12:13,070]--<==      Total: 0--[debug][BaseJdbcLogger.java,139]
[INFO ][2016-08-23 14:13:38,634]--{dataSource-1} closed--[close][DruidDataSource.java,1385]
[INFO ][2016-08-23 14:13:43,785]--{dataSource-1} inited--[init][DruidDataSource.java,669]
[DEBUG][2016-08-23 14:13:56,200]--==>  Preparing: select * from OPERATOR WHERE F01=? and F02=? --[debug][BaseJdbcLogger.java,139]
[DEBUG][2016-08-23 14:13:56,304]--==> Parameters: guest(String), 123(String)--[debug][BaseJdbcLogger.java,139]
[DEBUG][2016-08-23 14:13:56,334]--<==      Total: 0--[debug][BaseJdbcLogger.java,139]
[INFO ][2016-08-23 14:14:54,769]--{dataSource-1} inited--[init][DruidDataSource.java,669]
[DEBUG][2016-08-23 14:15:10,768]--==>  Preparing: select * from OPERATOR WHERE F01=? and F02=? --[debug][BaseJdbcLogger.java,139]
[DEBUG][2016-08-23 14:15:10,865]--==> Parameters: guest(String), 123(String)--[debug][BaseJdbcLogger.java,139]
[DEBUG][2016-08-23 14:15:10,917]--<==      Total: 0--[debug][BaseJdbcLogger.java,139]
[INFO ][2016-08-23 14:15:38,210]--{dataSource-1} closed--[close][DruidDataSource.java,1385]
[INFO ][2016-08-23 14:15:43,488]--{dataSource-1} inited--[init][DruidDataSource.java,669]
[DEBUG][2016-08-23 14:15:48,752]--==>  Preparing: select * from OPERATOR WHERE F01=? and F02=? --[debug][BaseJdbcLogger.java,139]
[DEBUG][2016-08-23 14:15:48,831]--==> Parameters: guest(String), 123(String)--[debug][BaseJdbcLogger.java,139]
[DEBUG][2016-08-23 14:15:48,850]--<==      Total: 0--[debug][BaseJdbcLogger.java,139]
[ERROR][2016-08-23 14:15:56,695]--PermissionFail: errorMsg=用户没有权限--[preHandle][Permission.java,41]
[INFO ][2016-08-23 14:16:36,112]--{dataSource-1} closed--[close][DruidDataSource.java,1385]
[INFO ][2016-08-23 14:16:41,420]--{dataSource-1} inited--[init][DruidDataSource.java,669]
[ERROR][2016-08-23 14:16:44,506]--PermissionFail: errorMsg=用户没有权限--[preHandle][Permission.java,41]
[ERROR][2016-08-23 14:17:22,980]--PermissionFail: errorMsg=用户没有权限--[preHandle][Permission.java,41]
[INFO ][2016-08-23 14:18:03,736]--{dataSource-1} closed--[close][DruidDataSource.java,1385]
[INFO ][2016-08-23 14:18:08,632]--{dataSource-1} inited--[init][DruidDataSource.java,669]
[ERROR][2016-08-23 14:18:14,038]--PermissionFail: errorMsg=用户没有权限--[preHandle][Permission.java,41]
[INFO ][2016-08-23 14:18:50,906]--{dataSource-1} closed--[close][DruidDataSource.java,1385]
[INFO ][2016-08-23 14:18:55,476]--{dataSource-1} inited--[init][DruidDataSource.java,669]
[DEBUG][2016-08-23 14:19:05,832]--==>  Preparing: select * from Site --[debug][BaseJdbcLogger.java,139]
[DEBUG][2016-08-23 14:19:05,869]--==> Parameters: --[debug][BaseJdbcLogger.java,139]
[DEBUG][2016-08-23 14:19:05,998]--<==      Total: 1--[debug][BaseJdbcLogger.java,139]
[INFO ][2016-08-23 14:20:17,770]--{dataSource-1} closed--[close][DruidDataSource.java,1385]
[INFO ][2016-08-23 14:20:22,465]--{dataSource-1} inited--[init][DruidDataSource.java,669]
[DEBUG][2016-08-23 14:20:30,870]--==>  Preparing: select * from OPERATOR WHERE F01=? and F02=? --[debug][BaseJdbcLogger.java,139]
[DEBUG][2016-08-23 14:20:30,926]--==> Parameters: guest(String), 123(String)--[debug][BaseJdbcLogger.java,139]
[DEBUG][2016-08-23 14:20:30,946]--<==      Total: 0--[debug][BaseJdbcLogger.java,139]
[INFO ][2016-08-23 14:35:46,768]--{dataSource-1} closed--[close][DruidDataSource.java,1385]
[INFO ][2016-08-23 14:35:51,136]--{dataSource-1} inited--[init][DruidDataSource.java,669]
[INFO ][2016-08-23 14:37:03,361]--{dataSource-1} closed--[close][DruidDataSource.java,1385]
[INFO ][2016-08-23 14:37:08,228]--{dataSource-1} inited--[init][DruidDataSource.java,669]
[INFO ][2016-08-23 14:40:40,916]--{dataSource-1} closed--[close][DruidDataSource.java,1385]
[INFO ][2016-08-23 14:40:45,663]--{dataSource-1} inited--[init][DruidDataSource.java,669]
[INFO ][2016-08-23 14:44:38,378]--{dataSource-1} closed--[close][DruidDataSource.java,1385]
[INFO ][2016-08-23 14:44:43,003]--{dataSource-1} inited--[init][DruidDataSource.java,669]
[DEBUG][2016-08-23 14:44:50,525]--==>  Preparing: select * from OPERATOR WHERE F01=? and F02=? --[debug][BaseJdbcLogger.java,139]
[DEBUG][2016-08-23 14:44:50,581]--==> Parameters: guest(String), 123(String)--[debug][BaseJdbcLogger.java,139]
[DEBUG][2016-08-23 14:44:50,600]--<==      Total: 0--[debug][BaseJdbcLogger.java,139]
[INFO ][2016-08-23 14:45:05,174]--{dataSource-1} closed--[close][DruidDataSource.java,1385]
[INFO ][2016-08-23 14:45:10,105]--{dataSource-1} inited--[init][DruidDataSource.java,669]
[INFO ][2016-08-23 14:45:48,698]--{dataSource-1} inited--[init][DruidDataSource.java,669]
[DEBUG][2016-08-23 14:47:24,398]--==>  Preparing: select * from OPERATOR WHERE F01=? and F02=? --[debug][BaseJdbcLogger.java,139]
[DEBUG][2016-08-23 14:47:25,127]--==> Parameters: guest(String), MTIz(String)--[debug][BaseJdbcLogger.java,139]
[DEBUG][2016-08-23 14:47:25,559]--<==      Total: 1--[debug][BaseJdbcLogger.java,139]
[INFO ][2016-08-23 14:48:22,355]--{dataSource-1} closed--[close][DruidDataSource.java,1385]
[INFO ][2016-08-23 14:48:43,627]--{dataSource-1} inited--[init][DruidDataSource.java,669]
[DEBUG][2016-08-23 14:48:51,294]--==>  Preparing: select * from OPERATOR WHERE F01=? and F02=? --[debug][BaseJdbcLogger.java,139]
[DEBUG][2016-08-23 14:48:51,428]--==> Parameters: guest(String), MTIz(String)--[debug][BaseJdbcLogger.java,139]
[DEBUG][2016-08-23 14:48:51,505]--<==      Total: 1--[debug][BaseJdbcLogger.java,139]
[DEBUG][2016-08-23 14:49:15,794]--==>  Preparing: select * from OPERATOR WHERE F01=? and F02=? --[debug][BaseJdbcLogger.java,139]
[DEBUG][2016-08-23 14:49:15,796]--==> Parameters: guest(String), MzM=(String)--[debug][BaseJdbcLogger.java,139]
[DEBUG][2016-08-23 14:49:15,804]--<==      Total: 0--[debug][BaseJdbcLogger.java,139]
[INFO ][2016-08-23 15:26:22,865]--{dataSource-1} closed--[close][DruidDataSource.java,1385]
[INFO ][2016-08-23 15:26:28,532]--{dataSource-1} inited--[init][DruidDataSource.java,669]
[DEBUG][2016-08-23 15:26:32,065]--==>  Preparing: select * from OPERATOR WHERE F01=? and F02=? --[debug][BaseJdbcLogger.java,139]
[DEBUG][2016-08-23 15:26:32,159]--==> Parameters: (String), (String)--[debug][BaseJdbcLogger.java,139]
[DEBUG][2016-08-23 15:26:33,219]--<==      Total: 0--[debug][BaseJdbcLogger.java,139]
[INFO ][2016-08-23 15:29:41,393]--{dataSource-1} closed--[close][DruidDataSource.java,1385]
[INFO ][2016-08-23 15:29:46,794]--{dataSource-1} inited--[init][DruidDataSource.java,669]
[INFO ][2016-08-23 15:31:01,317]--{dataSource-1} inited--[init][DruidDataSource.java,669]
[DEBUG][2016-08-23 15:31:20,905]--==>  Preparing: select * from OPERATOR WHERE F01=? and F02=? --[debug][BaseJdbcLogger.java,139]
[DEBUG][2016-08-23 15:31:21,076]--==> Parameters: guest(String), MTIz(String)--[debug][BaseJdbcLogger.java,139]
[DEBUG][2016-08-23 15:31:21,185]--<==      Total: 1--[debug][BaseJdbcLogger.java,139]
[INFO ][2016-08-23 15:42:37,963]--{dataSource-1} closed--[close][DruidDataSource.java,1385]
[INFO ][2016-08-23 15:42:43,365]--{dataSource-1} inited--[init][DruidDataSource.java,669]
[DEBUG][2016-08-23 15:42:55,932]--==>  Preparing: select * from OPERATOR WHERE F01=? and F02=? --[debug][BaseJdbcLogger.java,139]
[DEBUG][2016-08-23 15:42:56,033]--==> Parameters: guest(String), MTIz(String)--[debug][BaseJdbcLogger.java,139]
[DEBUG][2016-08-23 15:42:56,078]--<==      Total: 1--[debug][BaseJdbcLogger.java,139]
[INFO ][2016-08-23 15:43:37,353]--{dataSource-1} closed--[close][DruidDataSource.java,1385]
[INFO ][2016-08-23 15:43:43,125]--{dataSource-1} inited--[init][DruidDataSource.java,669]
[DEBUG][2016-08-23 15:43:45,535]--==>  Preparing: select * from OPERATOR WHERE F01=? and F02=? --[debug][BaseJdbcLogger.java,139]
[DEBUG][2016-08-23 15:43:45,608]--==> Parameters: guest(String), MTIz(String)--[debug][BaseJdbcLogger.java,139]
[DEBUG][2016-08-23 15:43:45,681]--<==      Total: 1--[debug][BaseJdbcLogger.java,139]
[INFO ][2016-08-23 15:44:34,195]--{dataSource-1} inited--[init][DruidDataSource.java,669]
[ERROR][2016-08-23 15:45:34,949]--PermissionFail: errorMsg=用户没有权限--[preHandle][Permission.java,41]
[INFO ][2016-08-23 15:48:14,848]--{dataSource-1} inited--[init][DruidDataSource.java,669]
[INFO ][2016-08-23 15:49:42,749]--{dataSource-1} inited--[init][DruidDataSource.java,669]
[DEBUG][2016-08-23 15:50:25,077]--==>  Preparing: select * from OPERATOR WHERE F01=? and F02=? --[debug][BaseJdbcLogger.java,139]
[DEBUG][2016-08-23 15:50:25,868]--==> Parameters: guest(String), MTIz(String)--[debug][BaseJdbcLogger.java,139]
[DEBUG][2016-08-23 15:50:26,269]--<==      Total: 1--[debug][BaseJdbcLogger.java,139]
[INFO ][2016-08-23 16:00:12,284]--{dataSource-1} inited--[init][DruidDataSource.java,669]
[DEBUG][2016-08-23 16:00:34,635]--==>  Preparing: select * from OPERATOR WHERE F01=? and F02=? --[debug][BaseJdbcLogger.java,139]
[DEBUG][2016-08-23 16:00:34,770]--==> Parameters: guest(String), MTIz(String)--[debug][BaseJdbcLogger.java,139]
[DEBUG][2016-08-23 16:00:34,899]--<==      Total: 1--[debug][BaseJdbcLogger.java,139]
[INFO ][2016-08-23 16:03:04,163]--{dataSource-1} inited--[init][DruidDataSource.java,669]
[DEBUG][2016-08-23 16:03:30,309]--==>  Preparing: select * from OPERATOR WHERE F01=? and F02=? --[debug][BaseJdbcLogger.java,139]
[DEBUG][2016-08-23 16:03:30,456]--==> Parameters: guest(String), MTIz(String)--[debug][BaseJdbcLogger.java,139]
[DEBUG][2016-08-23 16:03:30,557]--<==      Total: 1--[debug][BaseJdbcLogger.java,139]
[INFO ][2016-08-23 16:31:49,113]--{dataSource-1} inited--[init][DruidDataSource.java,669]
[INFO ][2016-08-23 16:32:42,777]--{dataSource-1} closed--[close][DruidDataSource.java,1385]
[INFO ][2016-08-23 16:32:48,484]--{dataSource-1} inited--[init][DruidDataSource.java,669]
[INFO ][2016-08-23 16:33:01,382]--{dataSource-1} closed--[close][DruidDataSource.java,1385]
[INFO ][2016-08-23 16:33:06,380]--{dataSource-1} inited--[init][DruidDataSource.java,669]
[INFO ][2016-08-23 16:33:28,820]--{dataSource-1} closed--[close][DruidDataSource.java,1385]
[INFO ][2016-08-23 16:33:33,380]--{dataSource-1} inited--[init][DruidDataSource.java,669]
[INFO ][2016-08-23 16:34:14,224]--{dataSource-1} closed--[close][DruidDataSource.java,1385]
[INFO ][2016-08-23 16:34:33,038]--{dataSource-1} inited--[init][DruidDataSource.java,669]
[INFO ][2016-08-23 16:35:35,393]--{dataSource-1} closed--[close][DruidDataSource.java,1385]
[INFO ][2016-08-23 16:35:40,829]--{dataSource-1} inited--[init][DruidDataSource.java,669]
[ERROR][2016-08-23 16:38:45,517]--PermissionFail: errorMsg=用户没有权限--[preHandle][Permission.java,41]
[INFO ][2016-08-23 16:39:33,472]--{dataSource-1} closed--[close][DruidDataSource.java,1385]
[INFO ][2016-08-23 16:39:38,398]--{dataSource-1} inited--[init][DruidDataSource.java,669]
[DEBUG][2016-08-23 16:39:41,348]--==>  Preparing: select * from OPERATOR WHERE F01=? and F02=? --[debug][BaseJdbcLogger.java,139]
[DEBUG][2016-08-23 16:39:41,427]--==> Parameters: guest(String), MTIz(String)--[debug][BaseJdbcLogger.java,139]
[DEBUG][2016-08-23 16:39:41,528]--<==      Total: 1--[debug][BaseJdbcLogger.java,139]
[INFO ][2016-08-23 16:39:51,113]--{dataSource-1} closed--[close][DruidDataSource.java,1385]
[INFO ][2016-08-23 16:39:56,548]--{dataSource-1} inited--[init][DruidDataSource.java,669]
[INFO ][2016-08-23 16:45:39,629]--{dataSource-1} closed--[close][DruidDataSource.java,1385]
[INFO ][2016-08-23 16:45:44,014]--{dataSource-1} inited--[init][DruidDataSource.java,669]
[INFO ][2016-08-23 16:45:54,678]--{dataSource-1} closed--[close][DruidDataSource.java,1385]
[INFO ][2016-08-23 16:45:59,042]--{dataSource-1} inited--[init][DruidDataSource.java,669]
[INFO ][2016-08-23 16:46:59,883]--{dataSource-1} closed--[close][DruidDataSource.java,1385]
[INFO ][2016-08-23 16:47:04,746]--{dataSource-1} inited--[init][DruidDataSource.java,669]
[DEBUG][2016-08-23 16:47:14,070]--==>  Preparing: select * from OPERATOR WHERE F01=? and F02=? --[debug][BaseJdbcLogger.java,139]
[DEBUG][2016-08-23 16:47:14,121]--==> Parameters: guest(String), MTIz(String)--[debug][BaseJdbcLogger.java,139]
[DEBUG][2016-08-23 16:47:14,158]--<==      Total: 1--[debug][BaseJdbcLogger.java,139]
[INFO ][2016-08-23 16:47:57,139]--{dataSource-1} closed--[close][DruidDataSource.java,1385]
[INFO ][2016-08-23 16:48:01,548]--{dataSource-1} inited--[init][DruidDataSource.java,669]
[DEBUG][2016-08-23 16:48:08,937]--==>  Preparing: select * from OPERATOR WHERE F01=? and F02=? --[debug][BaseJdbcLogger.java,139]
[DEBUG][2016-08-23 16:48:08,994]--==> Parameters: guest(String), MTIz(String)--[debug][BaseJdbcLogger.java,139]
[DEBUG][2016-08-23 16:48:09,028]--<==      Total: 1--[debug][BaseJdbcLogger.java,139]
[INFO ][2016-08-23 16:48:33,857]--{dataSource-1} closed--[close][DruidDataSource.java,1385]
[INFO ][2016-08-23 16:48:38,087]--{dataSource-1} inited--[init][DruidDataSource.java,669]
[INFO ][2016-08-23 16:49:20,626]--{dataSource-1} closed--[close][DruidDataSource.java,1385]
[INFO ][2016-08-23 16:49:24,731]--{dataSource-1} inited--[init][DruidDataSource.java,669]
[DEBUG][2016-08-23 16:49:27,135]--==>  Preparing: select * from OPERATOR WHERE F01=? and F02=? --[debug][BaseJdbcLogger.java,139]
[DEBUG][2016-08-23 16:49:27,231]--==> Parameters: guest(String), MTIz(String)--[debug][BaseJdbcLogger.java,139]
[DEBUG][2016-08-23 16:49:27,279]--<==      Total: 1--[debug][BaseJdbcLogger.java,139]
[INFO ][2016-08-23 16:50:07,010]--{dataSource-1} closed--[close][DruidDataSource.java,1385]
[INFO ][2016-08-23 16:50:11,187]--{dataSource-1} inited--[init][DruidDataSource.java,669]
[DEBUG][2016-08-23 16:50:14,210]--==>  Preparing: select * from OPERATOR WHERE F01=? and F02=? --[debug][BaseJdbcLogger.java,139]
[DEBUG][2016-08-23 16:50:14,265]--==> Parameters: guest(String), MTIz(String)--[debug][BaseJdbcLogger.java,139]
[DEBUG][2016-08-23 16:50:14,323]--<==      Total: 1--[debug][BaseJdbcLogger.java,139]
[DEBUG][2016-08-23 16:53:35,994]--==>  Preparing: select * from Site --[debug][BaseJdbcLogger.java,139]
[DEBUG][2016-08-23 16:53:35,996]--==> Parameters: --[debug][BaseJdbcLogger.java,139]
[DEBUG][2016-08-23 16:53:36,382]--<==      Total: 1--[debug][BaseJdbcLogger.java,139]
[INFO ][2016-08-23 16:59:25,031]--{dataSource-1} closed--[close][DruidDataSource.java,1385]
[INFO ][2016-08-23 16:59:29,297]--{dataSource-1} inited--[init][DruidDataSource.java,669]
[INFO ][2016-08-23 17:00:01,125]--{dataSource-1} closed--[close][DruidDataSource.java,1385]
[INFO ][2016-08-23 17:00:05,027]--{dataSource-1} inited--[init][DruidDataSource.java,669]
[INFO ][2016-08-23 17:00:43,173]--{dataSource-1} inited--[init][DruidDataSource.java,669]
[ERROR][2016-08-23 17:01:01,591]--PermissionFail: errorMsg=用户没有权限--[preHandle][Permission.java,41]
[DEBUG][2016-08-23 17:01:44,793]--==>  Preparing: select * from OPERATOR WHERE F01=? and F02=? --[debug][BaseJdbcLogger.java,139]
[DEBUG][2016-08-23 17:01:44,945]--==> Parameters: guest(String), MTIz(String)--[debug][BaseJdbcLogger.java,139]
[DEBUG][2016-08-23 17:01:45,017]--<==      Total: 1--[debug][BaseJdbcLogger.java,139]
[DEBUG][2016-08-23 17:02:55,242]--==>  Preparing: select * from Site --[debug][BaseJdbcLogger.java,139]
[DEBUG][2016-08-23 17:02:55,261]--==> Parameters: --[debug][BaseJdbcLogger.java,139]
[DEBUG][2016-08-23 17:02:55,270]--<==      Total: 1--[debug][BaseJdbcLogger.java,139]
[DEBUG][2016-08-23 17:05:34,839]--==>  Preparing: select * from OPERATOR WHERE F01=? and F02=? --[debug][BaseJdbcLogger.java,139]
[DEBUG][2016-08-23 17:05:34,849]--==> Parameters: guest(String), MTIz(String)--[debug][BaseJdbcLogger.java,139]
[DEBUG][2016-08-23 17:05:34,865]--<==      Total: 1--[debug][BaseJdbcLogger.java,139]
[INFO ][2016-08-23 17:05:36,928]--{dataSource-1} closed--[close][DruidDataSource.java,1385]
[INFO ][2016-08-23 17:05:42,373]--{dataSource-1} inited--[init][DruidDataSource.java,669]
[DEBUG][2016-08-23 17:05:45,061]--==>  Preparing: select * from Site --[debug][BaseJdbcLogger.java,139]
[DEBUG][2016-08-23 17:05:45,109]--==> Parameters: --[debug][BaseJdbcLogger.java,139]
[DEBUG][2016-08-23 17:05:45,153]--<==      Total: 1--[debug][BaseJdbcLogger.java,139]
[INFO ][2016-08-23 17:11:15,398]--{dataSource-1} inited--[init][DruidDataSource.java,669]
[INFO ][2016-08-23 17:13:16,890]--{dataSource-1} inited--[init][DruidDataSource.java,669]
[DEBUG][2016-08-23 17:13:31,791]--==>  Preparing: select * from OPERATOR WHERE F01=? and F02=? --[debug][BaseJdbcLogger.java,139]
[DEBUG][2016-08-23 17:13:31,945]--==> Parameters: guest(String), MQ==(String)--[debug][BaseJdbcLogger.java,139]
[DEBUG][2016-08-23 17:13:32,042]--<==      Total: 0--[debug][BaseJdbcLogger.java,139]
[DEBUG][2016-08-23 17:13:51,306]--==>  Preparing: select * from OPERATOR WHERE F01=? and F02=? --[debug][BaseJdbcLogger.java,139]
[DEBUG][2016-08-23 17:13:51,312]--==> Parameters: guest(String), MTIz(String)--[debug][BaseJdbcLogger.java,139]
[DEBUG][2016-08-23 17:13:51,333]--<==      Total: 1--[debug][BaseJdbcLogger.java,139]
[INFO ][2016-08-23 17:14:10,579]--{dataSource-1} closed--[close][DruidDataSource.java,1385]
[INFO ][2016-08-23 17:14:16,571]--{dataSource-1} inited--[init][DruidDataSource.java,669]
[DEBUG][2016-08-23 17:14:19,480]--==>  Preparing: select * from OPERATOR WHERE F01=? and F02=? --[debug][BaseJdbcLogger.java,139]
[DEBUG][2016-08-23 17:14:19,547]--==> Parameters: guest(String), MTIz(String)--[debug][BaseJdbcLogger.java,139]
[DEBUG][2016-08-23 17:14:19,586]--<==      Total: 1--[debug][BaseJdbcLogger.java,139]
[DEBUG][2016-08-23 17:14:27,853]--==>  Preparing: select * from OPERATOR WHERE F01=? and F02=? --[debug][BaseJdbcLogger.java,139]
[DEBUG][2016-08-23 17:14:27,855]--==> Parameters: guest(String), MQ==(String)--[debug][BaseJdbcLogger.java,139]
[DEBUG][2016-08-23 17:14:27,865]--<==      Total: 0--[debug][BaseJdbcLogger.java,139]
[DEBUG][2016-08-23 17:14:35,388]--==>  Preparing: select * from OPERATOR WHERE F01=? and F02=? --[debug][BaseJdbcLogger.java,139]
[DEBUG][2016-08-23 17:14:35,396]--==> Parameters: guest(String), MTIz(String)--[debug][BaseJdbcLogger.java,139]
[DEBUG][2016-08-23 17:14:35,408]--<==      Total: 1--[debug][BaseJdbcLogger.java,139]
[DEBUG][2016-08-23 17:14:42,690]--==>  Preparing: select * from OPERATOR WHERE F01=? and F02=? --[debug][BaseJdbcLogger.java,139]
[DEBUG][2016-08-23 17:14:42,691]--==> Parameters: guest(String), MQ==(String)--[debug][BaseJdbcLogger.java,139]
[DEBUG][2016-08-23 17:14:42,694]--<==      Total: 0--[debug][BaseJdbcLogger.java,139]
[DEBUG][2016-08-23 17:15:04,389]--==>  Preparing: select * from OPERATOR WHERE F01=? and F02=? --[debug][BaseJdbcLogger.java,139]
[DEBUG][2016-08-23 17:15:04,392]--==> Parameters: guest(String), MzM=(String)--[debug][BaseJdbcLogger.java,139]
[DEBUG][2016-08-23 17:15:04,394]--<==      Total: 0--[debug][BaseJdbcLogger.java,139]
[DEBUG][2016-08-23 17:15:12,408]--==>  Preparing: select * from OPERATOR WHERE F01=? and F02=? --[debug][BaseJdbcLogger.java,139]
[DEBUG][2016-08-23 17:15:12,410]--==> Parameters: guest(String), MzM=(String)--[debug][BaseJdbcLogger.java,139]
[DEBUG][2016-08-23 17:15:12,427]--<==      Total: 0--[debug][BaseJdbcLogger.java,139]
[DEBUG][2016-08-23 17:15:54,029]--==>  Preparing: select * from OPERATOR WHERE F01=? and F02=? --[debug][BaseJdbcLogger.java,139]
[DEBUG][2016-08-23 17:15:54,031]--==> Parameters: guest(String), MTIz(String)--[debug][BaseJdbcLogger.java,139]
[DEBUG][2016-08-23 17:15:54,040]--<==      Total: 1--[debug][BaseJdbcLogger.java,139]
[DEBUG][2016-08-23 17:16:12,025]--==>  Preparing: select * from OPERATOR WHERE F01=? and F02=? --[debug][BaseJdbcLogger.java,139]
[DEBUG][2016-08-23 17:16:12,029]--==> Parameters: guest(String), MTIz(String)--[debug][BaseJdbcLogger.java,139]
[DEBUG][2016-08-23 17:16:12,034]--<==      Total: 1--[debug][BaseJdbcLogger.java,139]
[INFO ][2016-08-23 17:18:29,603]--{dataSource-1} closed--[close][DruidDataSource.java,1385]
[INFO ][2016-08-23 17:18:34,432]--{dataSource-1} inited--[init][DruidDataSource.java,669]
[DEBUG][2016-08-23 17:18:37,185]--==>  Preparing: select * from Site --[debug][BaseJdbcLogger.java,139]
[DEBUG][2016-08-23 17:18:37,236]--==> Parameters: --[debug][BaseJdbcLogger.java,139]
[DEBUG][2016-08-23 17:18:37,268]--<==      Total: 1--[debug][BaseJdbcLogger.java,139]
[INFO ][2016-08-23 17:18:55,081]--{dataSource-1} inited--[init][DruidDataSource.java,669]
[ERROR][2016-08-23 17:19:11,096]--PermissionFail: errorMsg=用户没有权限--[preHandle][Permission.java,41]
[INFO ][2016-08-23 17:19:57,645]--{dataSource-1} inited--[init][DruidDataSource.java,669]
[ERROR][2016-08-23 17:20:37,320]--PermissionFail: errorMsg=用户没有权限--[preHandle][Permission.java,41]
[INFO ][2016-08-23 17:28:49,205]--{dataSource-1} closed--[close][DruidDataSource.java,1385]
[INFO ][2016-08-23 17:30:39,662]--{dataSource-1} inited--[init][DruidDataSource.java,669]
[DEBUG][2016-08-23 17:30:55,674]--==>  Preparing: select * from OPERATOR WHERE F01=? and F02=? --[debug][BaseJdbcLogger.java,139]
[DEBUG][2016-08-23 17:30:55,804]--==> Parameters: guest(String), MTIz(String)--[debug][BaseJdbcLogger.java,139]
[DEBUG][2016-08-23 17:30:55,953]--<==      Total: 1--[debug][BaseJdbcLogger.java,139]
[INFO ][2016-08-23 17:31:48,312]--{dataSource-1} inited--[init][DruidDataSource.java,669]
[ERROR][2016-08-23 17:32:37,757]--PermissionFail: errorMsg=用户没有权限--[preHandle][Permission.java,42]
[INFO ][2016-08-23 17:33:16,648]--{dataSource-1} inited--[init][DruidDataSource.java,669]
[ERROR][2016-08-23 17:33:58,847]--PermissionFail: errorMsg=用户没有权限--[preHandle][Permission.java,42]
[INFO ][2016-08-23 17:40:35,919]--{dataSource-1} inited--[init][DruidDataSource.java,669]
[ERROR][2016-08-23 17:43:32,103]--PermissionFail: errorMsg=用户没有权限--[preHandle][Permission.java,42]
[INFO ][2016-08-23 23:58:14,567]--{dataSource-1} inited--[init][DruidDataSource.java,669]
[INFO ][2016-08-23 23:58:15,619]--{dataSource-1} closed--[close][DruidDataSource.java,1385]
[INFO ][2016-08-23 23:59:50,907]--{dataSource-1} inited--[init][DruidDataSource.java,669]
