[INFO ][2016-09-04 10:05:36,568]--{dataSource-1} inited--[init][DruidDataSource.java,669]
[WARN ][2016-09-04 10:05:37,880]--Cache: com.chinatelecom.dao.mapper.EquipmentMapper has a maxElementsInMemory of 0.  In Ehcache 2.0 this has been changed to mean a store with no capacity limit. Set it to 1 if you want no elements cached in memory--[initialise][Cache.java,992]
[WARN ][2016-09-04 10:05:38,236]--Cache: com.chinatelecom.dao.mapper.IpMapper has a maxElementsInMemory of 0.  In Ehcache 2.0 this has been changed to mean a store with no capacity limit. Set it to 1 if you want no elements cached in memory--[initialise][Cache.java,992]
[WARN ][2016-09-04 10:05:38,314]--Cache: com.chinatelecom.dao.mapper.LoginMapper has a maxElementsInMemory of 0.  In Ehcache 2.0 this has been changed to mean a store with no capacity limit. Set it to 1 if you want no elements cached in memory--[initialise][Cache.java,992]
[WARN ][2016-09-04 10:05:38,412]--Creating a new instance of CacheManager using the diskStorePath "C:\Users\ADMINI~1\AppData\Local\Temp\" which is already used by an existing CacheManager.
The source of the configuration was net.sf.ehcache.config.generator.ConfigurationSource$InputStreamConfigurationSource@b4b0bf0.
The diskStore path for this CacheManager will be set to C:\Users\ADMINI~1\AppData\Local\Temp\\ehcache_auto_created_1472954738412.
To avoid this warning consider using the CacheManager factory methods to create a singleton CacheManager or specifying a separate ehcache configuration (ehcache.xml) for each CacheManager instance.--[detectAndFixDiskStorePathConflict][CacheManager.java,625]
[INFO ][2016-09-04 10:09:44,462]--{dataSource-1} inited--[init][DruidDataSource.java,669]
[WARN ][2016-09-04 10:09:44,984]--Cache: com.chinatelecom.dao.mapper.EquipmentMapper has a maxElementsInMemory of 0.  In Ehcache 2.0 this has been changed to mean a store with no capacity limit. Set it to 1 if you want no elements cached in memory--[initialise][Cache.java,992]
[WARN ][2016-09-04 10:09:45,288]--Cache: com.chinatelecom.dao.mapper.IpMapper has a maxElementsInMemory of 0.  In Ehcache 2.0 this has been changed to mean a store with no capacity limit. Set it to 1 if you want no elements cached in memory--[initialise][Cache.java,992]
[WARN ][2016-09-04 10:09:45,344]--Cache: com.chinatelecom.dao.mapper.LoginMapper has a maxElementsInMemory of 0.  In Ehcache 2.0 this has been changed to mean a store with no capacity limit. Set it to 1 if you want no elements cached in memory--[initialise][Cache.java,992]
[WARN ][2016-09-04 10:09:45,475]--Creating a new instance of CacheManager using the diskStorePath "C:\Users\ADMINI~1\AppData\Local\Temp\" which is already used by an existing CacheManager.
The source of the configuration was net.sf.ehcache.config.generator.ConfigurationSource$InputStreamConfigurationSource@bb3da9d.
The diskStore path for this CacheManager will be set to C:\Users\ADMINI~1\AppData\Local\Temp\\ehcache_auto_created_1472954985475.
To avoid this warning consider using the CacheManager factory methods to create a singleton CacheManager or specifying a separate ehcache configuration (ehcache.xml) for each CacheManager instance.--[detectAndFixDiskStorePathConflict][CacheManager.java,625]
[INFO ][2016-09-04 10:11:39,103]--{dataSource-1} inited--[init][DruidDataSource.java,669]
[WARN ][2016-09-04 10:11:39,727]--Cache: com.chinatelecom.dao.mapper.EquipmentMapper has a maxElementsInMemory of 0.  In Ehcache 2.0 this has been changed to mean a store with no capacity limit. Set it to 1 if you want no elements cached in memory--[initialise][Cache.java,992]
[WARN ][2016-09-04 10:11:40,029]--Cache: com.chinatelecom.dao.mapper.IpMapper has a maxElementsInMemory of 0.  In Ehcache 2.0 this has been changed to mean a store with no capacity limit. Set it to 1 if you want no elements cached in memory--[initialise][Cache.java,992]
[WARN ][2016-09-04 10:11:40,107]--Cache: com.chinatelecom.dao.mapper.LoginMapper has a maxElementsInMemory of 0.  In Ehcache 2.0 this has been changed to mean a store with no capacity limit. Set it to 1 if you want no elements cached in memory--[initialise][Cache.java,992]
[WARN ][2016-09-04 10:11:40,259]--Creating a new instance of CacheManager using the diskStorePath "C:\Users\ADMINI~1\AppData\Local\Temp\" which is already used by an existing CacheManager.
The source of the configuration was net.sf.ehcache.config.generator.ConfigurationSource$InputStreamConfigurationSource@35c9d2fd.
The diskStore path for this CacheManager will be set to C:\Users\ADMINI~1\AppData\Local\Temp\\ehcache_auto_created_1472955100259.
To avoid this warning consider using the CacheManager factory methods to create a singleton CacheManager or specifying a separate ehcache configuration (ehcache.xml) for each CacheManager instance.--[detectAndFixDiskStorePathConflict][CacheManager.java,625]
[INFO ][2016-09-04 10:17:02,202]--{dataSource-1} inited--[init][DruidDataSource.java,669]
[WARN ][2016-09-04 10:17:02,908]--Cache: com.chinatelecom.dao.mapper.EquipmentMapper has a maxElementsInMemory of 0.  In Ehcache 2.0 this has been changed to mean a store with no capacity limit. Set it to 1 if you want no elements cached in memory--[initialise][Cache.java,992]
[WARN ][2016-09-04 10:17:03,227]--Cache: com.chinatelecom.dao.mapper.IpMapper has a maxElementsInMemory of 0.  In Ehcache 2.0 this has been changed to mean a store with no capacity limit. Set it to 1 if you want no elements cached in memory--[initialise][Cache.java,992]
[WARN ][2016-09-04 10:17:03,293]--Cache: com.chinatelecom.dao.mapper.LoginMapper has a maxElementsInMemory of 0.  In Ehcache 2.0 this has been changed to mean a store with no capacity limit. Set it to 1 if you want no elements cached in memory--[initialise][Cache.java,992]
[WARN ][2016-09-04 10:17:03,483]--Creating a new instance of CacheManager using the diskStorePath "C:\Users\ADMINI~1\AppData\Local\Temp\" which is already used by an existing CacheManager.
The source of the configuration was net.sf.ehcache.config.generator.ConfigurationSource$InputStreamConfigurationSource@467c4b1e.
The diskStore path for this CacheManager will be set to C:\Users\ADMINI~1\AppData\Local\Temp\\ehcache_auto_created_1472955423483.
To avoid this warning consider using the CacheManager factory methods to create a singleton CacheManager or specifying a separate ehcache configuration (ehcache.xml) for each CacheManager instance.--[detectAndFixDiskStorePathConflict][CacheManager.java,625]
[INFO ][2016-09-04 10:18:31,058]--{dataSource-1} inited--[init][DruidDataSource.java,669]
[WARN ][2016-09-04 10:18:31,896]--Cache: com.chinatelecom.dao.mapper.EquipmentMapper has a maxElementsInMemory of 0.  In Ehcache 2.0 this has been changed to mean a store with no capacity limit. Set it to 1 if you want no elements cached in memory--[initialise][Cache.java,992]
[WARN ][2016-09-04 10:18:32,196]--Cache: com.chinatelecom.dao.mapper.IpMapper has a maxElementsInMemory of 0.  In Ehcache 2.0 this has been changed to mean a store with no capacity limit. Set it to 1 if you want no elements cached in memory--[initialise][Cache.java,992]
[WARN ][2016-09-04 10:18:32,239]--Cache: com.chinatelecom.dao.mapper.LoginMapper has a maxElementsInMemory of 0.  In Ehcache 2.0 this has been changed to mean a store with no capacity limit. Set it to 1 if you want no elements cached in memory--[initialise][Cache.java,992]
[WARN ][2016-09-04 10:18:32,459]--Creating a new instance of CacheManager using the diskStorePath "C:\Users\ADMINI~1\AppData\Local\Temp\" which is already used by an existing CacheManager.
The source of the configuration was net.sf.ehcache.config.generator.ConfigurationSource$InputStreamConfigurationSource@2dcc3684.
The diskStore path for this CacheManager will be set to C:\Users\ADMINI~1\AppData\Local\Temp\\ehcache_auto_created_1472955512459.
To avoid this warning consider using the CacheManager factory methods to create a singleton CacheManager or specifying a separate ehcache configuration (ehcache.xml) for each CacheManager instance.--[detectAndFixDiskStorePathConflict][CacheManager.java,625]
[INFO ][2016-09-04 10:33:54,788]--{dataSource-1} closed--[close][DruidDataSource.java,1385]
[INFO ][2016-09-04 10:34:44,975]--{dataSource-1} inited--[init][DruidDataSource.java,669]
[WARN ][2016-09-04 10:34:45,706]--Cache: com.chinatelecom.dao.mapper.EquipmentMapper has a maxElementsInMemory of 0.  In Ehcache 2.0 this has been changed to mean a store with no capacity limit. Set it to 1 if you want no elements cached in memory--[initialise][Cache.java,992]
[WARN ][2016-09-04 10:34:46,005]--Cache: com.chinatelecom.dao.mapper.IpMapper has a maxElementsInMemory of 0.  In Ehcache 2.0 this has been changed to mean a store with no capacity limit. Set it to 1 if you want no elements cached in memory--[initialise][Cache.java,992]
[WARN ][2016-09-04 10:34:46,105]--Cache: com.chinatelecom.dao.mapper.LoginMapper has a maxElementsInMemory of 0.  In Ehcache 2.0 this has been changed to mean a store with no capacity limit. Set it to 1 if you want no elements cached in memory--[initialise][Cache.java,992]
[WARN ][2016-09-04 10:34:46,295]--Creating a new instance of CacheManager using the diskStorePath "C:\Users\ADMINI~1\AppData\Local\Temp\" which is already used by an existing CacheManager.
The source of the configuration was net.sf.ehcache.config.generator.ConfigurationSource$InputStreamConfigurationSource@70b34b1f.
The diskStore path for this CacheManager will be set to C:\Users\ADMINI~1\AppData\Local\Temp\\ehcache_auto_created_1472956486295.
To avoid this warning consider using the CacheManager factory methods to create a singleton CacheManager or specifying a separate ehcache configuration (ehcache.xml) for each CacheManager instance.--[detectAndFixDiskStorePathConflict][CacheManager.java,625]
[INFO ][2016-09-04 10:36:07,298]--{dataSource-1} inited--[init][DruidDataSource.java,669]
[WARN ][2016-09-04 10:36:08,137]--Cache: com.chinatelecom.dao.mapper.EquipmentMapper has a maxElementsInMemory of 0.  In Ehcache 2.0 this has been changed to mean a store with no capacity limit. Set it to 1 if you want no elements cached in memory--[initialise][Cache.java,992]
[WARN ][2016-09-04 10:36:08,557]--Cache: com.chinatelecom.dao.mapper.IpMapper has a maxElementsInMemory of 0.  In Ehcache 2.0 this has been changed to mean a store with no capacity limit. Set it to 1 if you want no elements cached in memory--[initialise][Cache.java,992]
[WARN ][2016-09-04 10:36:08,626]--Cache: com.chinatelecom.dao.mapper.LoginMapper has a maxElementsInMemory of 0.  In Ehcache 2.0 this has been changed to mean a store with no capacity limit. Set it to 1 if you want no elements cached in memory--[initialise][Cache.java,992]
[WARN ][2016-09-04 10:36:08,884]--Creating a new instance of CacheManager using the diskStorePath "C:\Users\ADMINI~1\AppData\Local\Temp\" which is already used by an existing CacheManager.
The source of the configuration was net.sf.ehcache.config.generator.ConfigurationSource$InputStreamConfigurationSource@1fe47e88.
The diskStore path for this CacheManager will be set to C:\Users\ADMINI~1\AppData\Local\Temp\\ehcache_auto_created_1472956568884.
To avoid this warning consider using the CacheManager factory methods to create a singleton CacheManager or specifying a separate ehcache configuration (ehcache.xml) for each CacheManager instance.--[detectAndFixDiskStorePathConflict][CacheManager.java,625]
[INFO ][2016-09-04 10:40:21,845]--{dataSource-1} inited--[init][DruidDataSource.java,669]
[WARN ][2016-09-04 10:40:22,583]--Cache: com.chinatelecom.dao.mapper.EquipmentMapper has a maxElementsInMemory of 0.  In Ehcache 2.0 this has been changed to mean a store with no capacity limit. Set it to 1 if you want no elements cached in memory--[initialise][Cache.java,992]
[WARN ][2016-09-04 10:40:22,971]--Cache: com.chinatelecom.dao.mapper.IpMapper has a maxElementsInMemory of 0.  In Ehcache 2.0 this has been changed to mean a store with no capacity limit. Set it to 1 if you want no elements cached in memory--[initialise][Cache.java,992]
[WARN ][2016-09-04 10:40:23,058]--Cache: com.chinatelecom.dao.mapper.LoginMapper has a maxElementsInMemory of 0.  In Ehcache 2.0 this has been changed to mean a store with no capacity limit. Set it to 1 if you want no elements cached in memory--[initialise][Cache.java,992]
[WARN ][2016-09-04 10:40:23,251]--Creating a new instance of CacheManager using the diskStorePath "C:\Users\ADMINI~1\AppData\Local\Temp\" which is already used by an existing CacheManager.
The source of the configuration was net.sf.ehcache.config.generator.ConfigurationSource$InputStreamConfigurationSource@377251d2.
The diskStore path for this CacheManager will be set to C:\Users\ADMINI~1\AppData\Local\Temp\\ehcache_auto_created_1472956823251.
To avoid this warning consider using the CacheManager factory methods to create a singleton CacheManager or specifying a separate ehcache configuration (ehcache.xml) for each CacheManager instance.--[detectAndFixDiskStorePathConflict][CacheManager.java,625]
[INFO ][2016-09-04 10:42:05,786]--{dataSource-1} closed--[close][DruidDataSource.java,1385]
[INFO ][2016-09-04 10:44:46,608]--{dataSource-1} inited--[init][DruidDataSource.java,669]
[WARN ][2016-09-04 10:44:47,414]--Cache: com.chinatelecom.dao.mapper.EquipmentMapper has a maxElementsInMemory of 0.  In Ehcache 2.0 this has been changed to mean a store with no capacity limit. Set it to 1 if you want no elements cached in memory--[initialise][Cache.java,992]
[WARN ][2016-09-04 10:44:47,796]--Cache: com.chinatelecom.dao.mapper.IpMapper has a maxElementsInMemory of 0.  In Ehcache 2.0 this has been changed to mean a store with no capacity limit. Set it to 1 if you want no elements cached in memory--[initialise][Cache.java,992]
[WARN ][2016-09-04 10:44:47,859]--Cache: com.chinatelecom.dao.mapper.LoginMapper has a maxElementsInMemory of 0.  In Ehcache 2.0 this has been changed to mean a store with no capacity limit. Set it to 1 if you want no elements cached in memory--[initialise][Cache.java,992]
[WARN ][2016-09-04 10:44:48,072]--Creating a new instance of CacheManager using the diskStorePath "C:\Users\ADMINI~1\AppData\Local\Temp\" which is already used by an existing CacheManager.
The source of the configuration was net.sf.ehcache.config.generator.ConfigurationSource$InputStreamConfigurationSource@254cc334.
The diskStore path for this CacheManager will be set to C:\Users\ADMINI~1\AppData\Local\Temp\\ehcache_auto_created_1472957088072.
To avoid this warning consider using the CacheManager factory methods to create a singleton CacheManager or specifying a separate ehcache configuration (ehcache.xml) for each CacheManager instance.--[detectAndFixDiskStorePathConflict][CacheManager.java,625]
[INFO ][2016-09-04 10:48:14,803]--{dataSource-1} inited--[init][DruidDataSource.java,669]
[WARN ][2016-09-04 10:48:15,622]--Cache: com.chinatelecom.dao.mapper.EquipmentMapper has a maxElementsInMemory of 0.  In Ehcache 2.0 this has been changed to mean a store with no capacity limit. Set it to 1 if you want no elements cached in memory--[initialise][Cache.java,992]
[WARN ][2016-09-04 10:48:15,909]--Cache: com.chinatelecom.dao.mapper.IpMapper has a maxElementsInMemory of 0.  In Ehcache 2.0 this has been changed to mean a store with no capacity limit. Set it to 1 if you want no elements cached in memory--[initialise][Cache.java,992]
[WARN ][2016-09-04 10:48:15,989]--Cache: com.chinatelecom.dao.mapper.LoginMapper has a maxElementsInMemory of 0.  In Ehcache 2.0 this has been changed to mean a store with no capacity limit. Set it to 1 if you want no elements cached in memory--[initialise][Cache.java,992]
[WARN ][2016-09-04 10:48:16,165]--Creating a new instance of CacheManager using the diskStorePath "C:\Users\ADMINI~1\AppData\Local\Temp\" which is already used by an existing CacheManager.
The source of the configuration was net.sf.ehcache.config.generator.ConfigurationSource$InputStreamConfigurationSource@7f3a00c8.
The diskStore path for this CacheManager will be set to C:\Users\ADMINI~1\AppData\Local\Temp\\ehcache_auto_created_1472957296164.
To avoid this warning consider using the CacheManager factory methods to create a singleton CacheManager or specifying a separate ehcache configuration (ehcache.xml) for each CacheManager instance.--[detectAndFixDiskStorePathConflict][CacheManager.java,625]
[INFO ][2016-09-04 10:53:28,036]--{dataSource-1} inited--[init][DruidDataSource.java,669]
[WARN ][2016-09-04 10:53:28,879]--Cache: com.chinatelecom.dao.mapper.EquipmentMapper has a maxElementsInMemory of 0.  In Ehcache 2.0 this has been changed to mean a store with no capacity limit. Set it to 1 if you want no elements cached in memory--[initialise][Cache.java,992]
[WARN ][2016-09-04 10:53:29,262]--Cache: com.chinatelecom.dao.mapper.IpMapper has a maxElementsInMemory of 0.  In Ehcache 2.0 this has been changed to mean a store with no capacity limit. Set it to 1 if you want no elements cached in memory--[initialise][Cache.java,992]
[WARN ][2016-09-04 10:53:29,377]--Cache: com.chinatelecom.dao.mapper.LoginMapper has a maxElementsInMemory of 0.  In Ehcache 2.0 this has been changed to mean a store with no capacity limit. Set it to 1 if you want no elements cached in memory--[initialise][Cache.java,992]
[WARN ][2016-09-04 10:53:29,575]--Creating a new instance of CacheManager using the diskStorePath "C:\Users\ADMINI~1\AppData\Local\Temp\" which is already used by an existing CacheManager.
The source of the configuration was net.sf.ehcache.config.generator.ConfigurationSource$InputStreamConfigurationSource@7b645b7.
The diskStore path for this CacheManager will be set to C:\Users\ADMINI~1\AppData\Local\Temp\\ehcache_auto_created_1472957609575.
To avoid this warning consider using the CacheManager factory methods to create a singleton CacheManager or specifying a separate ehcache configuration (ehcache.xml) for each CacheManager instance.--[detectAndFixDiskStorePathConflict][CacheManager.java,625]
[INFO ][2016-09-04 10:55:04,196]--{dataSource-1} closed--[close][DruidDataSource.java,1385]
[INFO ][2016-09-04 11:10:20,744]--{dataSource-1} inited--[init][DruidDataSource.java,669]
[WARN ][2016-09-04 11:10:21,511]--Cache: com.chinatelecom.dao.mapper.EquipmentMapper has a maxElementsInMemory of 0.  In Ehcache 2.0 this has been changed to mean a store with no capacity limit. Set it to 1 if you want no elements cached in memory--[initialise][Cache.java,992]
[WARN ][2016-09-04 11:10:21,828]--Cache: com.chinatelecom.dao.mapper.IpMapper has a maxElementsInMemory of 0.  In Ehcache 2.0 this has been changed to mean a store with no capacity limit. Set it to 1 if you want no elements cached in memory--[initialise][Cache.java,992]
[WARN ][2016-09-04 11:10:21,918]--Cache: com.chinatelecom.dao.mapper.LoginMapper has a maxElementsInMemory of 0.  In Ehcache 2.0 this has been changed to mean a store with no capacity limit. Set it to 1 if you want no elements cached in memory--[initialise][Cache.java,992]
[WARN ][2016-09-04 11:10:22,075]--Creating a new instance of CacheManager using the diskStorePath "C:\Users\ADMINI~1\AppData\Local\Temp\" which is already used by an existing CacheManager.
The source of the configuration was net.sf.ehcache.config.generator.ConfigurationSource$InputStreamConfigurationSource@7f3a00c8.
The diskStore path for this CacheManager will be set to C:\Users\ADMINI~1\AppData\Local\Temp\\ehcache_auto_created_1472958622075.
To avoid this warning consider using the CacheManager factory methods to create a singleton CacheManager or specifying a separate ehcache configuration (ehcache.xml) for each CacheManager instance.--[detectAndFixDiskStorePathConflict][CacheManager.java,625]
[INFO ][2016-09-04 15:35:49,021]--{dataSource-1} closed--[close][DruidDataSource.java,1385]
[INFO ][2016-09-04 15:38:01,004]--{dataSource-1} inited--[init][DruidDataSource.java,669]
[WARN ][2016-09-04 15:38:01,853]--Cache: com.chinatelecom.dao.mapper.EquipmentMapper has a maxElementsInMemory of 0.  In Ehcache 2.0 this has been changed to mean a store with no capacity limit. Set it to 1 if you want no elements cached in memory--[initialise][Cache.java,992]
[WARN ][2016-09-04 15:38:02,323]--Cache: com.chinatelecom.dao.mapper.IpMapper has a maxElementsInMemory of 0.  In Ehcache 2.0 this has been changed to mean a store with no capacity limit. Set it to 1 if you want no elements cached in memory--[initialise][Cache.java,992]
[WARN ][2016-09-04 15:38:02,389]--Cache: com.chinatelecom.dao.mapper.LoginMapper has a maxElementsInMemory of 0.  In Ehcache 2.0 this has been changed to mean a store with no capacity limit. Set it to 1 if you want no elements cached in memory--[initialise][Cache.java,992]
[WARN ][2016-09-04 15:38:02,570]--Creating a new instance of CacheManager using the diskStorePath "C:\Users\ADMINI~1\AppData\Local\Temp\" which is already used by an existing CacheManager.
The source of the configuration was net.sf.ehcache.config.generator.ConfigurationSource$InputStreamConfigurationSource@2ff8e3de.
The diskStore path for this CacheManager will be set to C:\Users\ADMINI~1\AppData\Local\Temp\\ehcache_auto_created_1472974682570.
To avoid this warning consider using the CacheManager factory methods to create a singleton CacheManager or specifying a separate ehcache configuration (ehcache.xml) for each CacheManager instance.--[detectAndFixDiskStorePathConflict][CacheManager.java,625]
[INFO ][2016-09-04 15:44:45,880]--{dataSource-1} inited--[init][DruidDataSource.java,669]
[WARN ][2016-09-04 15:44:46,699]--Cache: com.chinatelecom.dao.mapper.EquipmentMapper has a maxElementsInMemory of 0.  In Ehcache 2.0 this has been changed to mean a store with no capacity limit. Set it to 1 if you want no elements cached in memory--[initialise][Cache.java,992]
[WARN ][2016-09-04 15:44:47,118]--Cache: com.chinatelecom.dao.mapper.IpMapper has a maxElementsInMemory of 0.  In Ehcache 2.0 this has been changed to mean a store with no capacity limit. Set it to 1 if you want no elements cached in memory--[initialise][Cache.java,992]
[WARN ][2016-09-04 15:44:47,196]--Cache: com.chinatelecom.dao.mapper.LoginMapper has a maxElementsInMemory of 0.  In Ehcache 2.0 this has been changed to mean a store with no capacity limit. Set it to 1 if you want no elements cached in memory--[initialise][Cache.java,992]
[WARN ][2016-09-04 15:44:47,384]--Creating a new instance of CacheManager using the diskStorePath "C:\Users\ADMINI~1\AppData\Local\Temp\" which is already used by an existing CacheManager.
The source of the configuration was net.sf.ehcache.config.generator.ConfigurationSource$InputStreamConfigurationSource@7f3a00c8.
The diskStore path for this CacheManager will be set to C:\Users\ADMINI~1\AppData\Local\Temp\\ehcache_auto_created_1472975087384.
To avoid this warning consider using the CacheManager factory methods to create a singleton CacheManager or specifying a separate ehcache configuration (ehcache.xml) for each CacheManager instance.--[detectAndFixDiskStorePathConflict][CacheManager.java,625]
[INFO ][2016-09-04 15:46:42,902]--{dataSource-1} closed--[close][DruidDataSource.java,1385]
[INFO ][2016-09-04 15:48:17,435]--{dataSource-1} inited--[init][DruidDataSource.java,669]
[WARN ][2016-09-04 15:48:18,171]--Cache: com.chinatelecom.dao.mapper.EquipmentMapper has a maxElementsInMemory of 0.  In Ehcache 2.0 this has been changed to mean a store with no capacity limit. Set it to 1 if you want no elements cached in memory--[initialise][Cache.java,992]
[WARN ][2016-09-04 15:48:18,582]--Cache: com.chinatelecom.dao.mapper.IpMapper has a maxElementsInMemory of 0.  In Ehcache 2.0 this has been changed to mean a store with no capacity limit. Set it to 1 if you want no elements cached in memory--[initialise][Cache.java,992]
[WARN ][2016-09-04 15:48:18,642]--Cache: com.chinatelecom.dao.mapper.LoginMapper has a maxElementsInMemory of 0.  In Ehcache 2.0 this has been changed to mean a store with no capacity limit. Set it to 1 if you want no elements cached in memory--[initialise][Cache.java,992]
[WARN ][2016-09-04 15:48:18,851]--Creating a new instance of CacheManager using the diskStorePath "C:\Users\ADMINI~1\AppData\Local\Temp\" which is already used by an existing CacheManager.
The source of the configuration was net.sf.ehcache.config.generator.ConfigurationSource$InputStreamConfigurationSource@67f9f769.
The diskStore path for this CacheManager will be set to C:\Users\ADMINI~1\AppData\Local\Temp\\ehcache_auto_created_1472975298851.
To avoid this warning consider using the CacheManager factory methods to create a singleton CacheManager or specifying a separate ehcache configuration (ehcache.xml) for each CacheManager instance.--[detectAndFixDiskStorePathConflict][CacheManager.java,625]
[INFO ][2016-09-04 15:50:29,662]--{dataSource-1} inited--[init][DruidDataSource.java,669]
[WARN ][2016-09-04 15:50:30,430]--Cache: com.chinatelecom.dao.mapper.EquipmentMapper has a maxElementsInMemory of 0.  In Ehcache 2.0 this has been changed to mean a store with no capacity limit. Set it to 1 if you want no elements cached in memory--[initialise][Cache.java,992]
[WARN ][2016-09-04 15:50:30,954]--Cache: com.chinatelecom.dao.mapper.IpMapper has a maxElementsInMemory of 0.  In Ehcache 2.0 this has been changed to mean a store with no capacity limit. Set it to 1 if you want no elements cached in memory--[initialise][Cache.java,992]
[WARN ][2016-09-04 15:50:31,042]--Cache: com.chinatelecom.dao.mapper.LoginMapper has a maxElementsInMemory of 0.  In Ehcache 2.0 this has been changed to mean a store with no capacity limit. Set it to 1 if you want no elements cached in memory--[initialise][Cache.java,992]
[WARN ][2016-09-04 15:50:31,261]--Creating a new instance of CacheManager using the diskStorePath "C:\Users\ADMINI~1\AppData\Local\Temp\" which is already used by an existing CacheManager.
The source of the configuration was net.sf.ehcache.config.generator.ConfigurationSource$InputStreamConfigurationSource@16f3f23e.
The diskStore path for this CacheManager will be set to C:\Users\ADMINI~1\AppData\Local\Temp\\ehcache_auto_created_1472975431261.
To avoid this warning consider using the CacheManager factory methods to create a singleton CacheManager or specifying a separate ehcache configuration (ehcache.xml) for each CacheManager instance.--[detectAndFixDiskStorePathConflict][CacheManager.java,625]
[INFO ][2016-09-04 15:51:16,226]--{dataSource-1} closed--[close][DruidDataSource.java,1385]
[INFO ][2016-09-04 15:53:54,798]--{dataSource-1} inited--[init][DruidDataSource.java,669]
[WARN ][2016-09-04 15:53:55,517]--Cache: com.chinatelecom.dao.mapper.EquipmentMapper has a maxElementsInMemory of 0.  In Ehcache 2.0 this has been changed to mean a store with no capacity limit. Set it to 1 if you want no elements cached in memory--[initialise][Cache.java,992]
[WARN ][2016-09-04 15:53:55,882]--Cache: com.chinatelecom.dao.mapper.IpMapper has a maxElementsInMemory of 0.  In Ehcache 2.0 this has been changed to mean a store with no capacity limit. Set it to 1 if you want no elements cached in memory--[initialise][Cache.java,992]
[WARN ][2016-09-04 15:53:55,958]--Cache: com.chinatelecom.dao.mapper.LoginMapper has a maxElementsInMemory of 0.  In Ehcache 2.0 this has been changed to mean a store with no capacity limit. Set it to 1 if you want no elements cached in memory--[initialise][Cache.java,992]
[WARN ][2016-09-04 15:53:56,178]--Creating a new instance of CacheManager using the diskStorePath "C:\Users\ADMINI~1\AppData\Local\Temp\" which is already used by an existing CacheManager.
The source of the configuration was net.sf.ehcache.config.generator.ConfigurationSource$InputStreamConfigurationSource@74ca0f9a.
The diskStore path for this CacheManager will be set to C:\Users\ADMINI~1\AppData\Local\Temp\\ehcache_auto_created_1472975636178.
To avoid this warning consider using the CacheManager factory methods to create a singleton CacheManager or specifying a separate ehcache configuration (ehcache.xml) for each CacheManager instance.--[detectAndFixDiskStorePathConflict][CacheManager.java,625]
[INFO ][2016-09-04 16:01:23,775]--{dataSource-1} inited--[init][DruidDataSource.java,669]
[WARN ][2016-09-04 16:01:24,622]--Cache: com.chinatelecom.dao.mapper.EquipmentMapper has a maxElementsInMemory of 0.  In Ehcache 2.0 this has been changed to mean a store with no capacity limit. Set it to 1 if you want no elements cached in memory--[initialise][Cache.java,992]
[WARN ][2016-09-04 16:01:25,005]--Cache: com.chinatelecom.dao.mapper.IpMapper has a maxElementsInMemory of 0.  In Ehcache 2.0 this has been changed to mean a store with no capacity limit. Set it to 1 if you want no elements cached in memory--[initialise][Cache.java,992]
[WARN ][2016-09-04 16:01:25,070]--Cache: com.chinatelecom.dao.mapper.LoginMapper has a maxElementsInMemory of 0.  In Ehcache 2.0 this has been changed to mean a store with no capacity limit. Set it to 1 if you want no elements cached in memory--[initialise][Cache.java,992]
[WARN ][2016-09-04 16:01:25,276]--Creating a new instance of CacheManager using the diskStorePath "C:\Users\ADMINI~1\AppData\Local\Temp\" which is already used by an existing CacheManager.
The source of the configuration was net.sf.ehcache.config.generator.ConfigurationSource$InputStreamConfigurationSource@70b34b1f.
The diskStore path for this CacheManager will be set to C:\Users\ADMINI~1\AppData\Local\Temp\\ehcache_auto_created_1472976085276.
To avoid this warning consider using the CacheManager factory methods to create a singleton CacheManager or specifying a separate ehcache configuration (ehcache.xml) for each CacheManager instance.--[detectAndFixDiskStorePathConflict][CacheManager.java,625]
[INFO ][2016-09-04 16:49:38,255]--{dataSource-1} inited--[init][DruidDataSource.java,669]
[WARN ][2016-09-04 16:49:38,993]--Cache: com.chinatelecom.dao.mapper.EquipmentMapper has a maxElementsInMemory of 0.  In Ehcache 2.0 this has been changed to mean a store with no capacity limit. Set it to 1 if you want no elements cached in memory--[initialise][Cache.java,992]
[WARN ][2016-09-04 16:49:39,431]--Cache: com.chinatelecom.dao.mapper.IpMapper has a maxElementsInMemory of 0.  In Ehcache 2.0 this has been changed to mean a store with no capacity limit. Set it to 1 if you want no elements cached in memory--[initialise][Cache.java,992]
[WARN ][2016-09-04 16:49:39,496]--Cache: com.chinatelecom.dao.mapper.LoginMapper has a maxElementsInMemory of 0.  In Ehcache 2.0 this has been changed to mean a store with no capacity limit. Set it to 1 if you want no elements cached in memory--[initialise][Cache.java,992]
[WARN ][2016-09-04 16:49:39,666]--Creating a new instance of CacheManager using the diskStorePath "C:\Users\ADMINI~1\AppData\Local\Temp\" which is already used by an existing CacheManager.
The source of the configuration was net.sf.ehcache.config.generator.ConfigurationSource$InputStreamConfigurationSource@249fb012.
The diskStore path for this CacheManager will be set to C:\Users\ADMINI~1\AppData\Local\Temp\\ehcache_auto_created_1472978979666.
To avoid this warning consider using the CacheManager factory methods to create a singleton CacheManager or specifying a separate ehcache configuration (ehcache.xml) for each CacheManager instance.--[detectAndFixDiskStorePathConflict][CacheManager.java,625]
[INFO ][2016-09-04 16:52:19,475]--{dataSource-1} inited--[init][DruidDataSource.java,669]
[WARN ][2016-09-04 16:52:20,292]--Cache: com.chinatelecom.dao.mapper.EquipmentMapper has a maxElementsInMemory of 0.  In Ehcache 2.0 this has been changed to mean a store with no capacity limit. Set it to 1 if you want no elements cached in memory--[initialise][Cache.java,992]
[WARN ][2016-09-04 16:52:20,603]--Cache: com.chinatelecom.dao.mapper.IpMapper has a maxElementsInMemory of 0.  In Ehcache 2.0 this has been changed to mean a store with no capacity limit. Set it to 1 if you want no elements cached in memory--[initialise][Cache.java,992]
[WARN ][2016-09-04 16:52:20,675]--Cache: com.chinatelecom.dao.mapper.LoginMapper has a maxElementsInMemory of 0.  In Ehcache 2.0 this has been changed to mean a store with no capacity limit. Set it to 1 if you want no elements cached in memory--[initialise][Cache.java,992]
[WARN ][2016-09-04 16:52:20,887]--Creating a new instance of CacheManager using the diskStorePath "C:\Users\ADMINI~1\AppData\Local\Temp\" which is already used by an existing CacheManager.
The source of the configuration was net.sf.ehcache.config.generator.ConfigurationSource$InputStreamConfigurationSource@70b34b1f.
The diskStore path for this CacheManager will be set to C:\Users\ADMINI~1\AppData\Local\Temp\\ehcache_auto_created_1472979140887.
To avoid this warning consider using the CacheManager factory methods to create a singleton CacheManager or specifying a separate ehcache configuration (ehcache.xml) for each CacheManager instance.--[detectAndFixDiskStorePathConflict][CacheManager.java,625]
[INFO ][2016-09-04 16:55:13,376]--{dataSource-1} inited--[init][DruidDataSource.java,669]
[WARN ][2016-09-04 16:55:14,180]--Cache: com.chinatelecom.dao.mapper.EquipmentMapper has a maxElementsInMemory of 0.  In Ehcache 2.0 this has been changed to mean a store with no capacity limit. Set it to 1 if you want no elements cached in memory--[initialise][Cache.java,992]
[WARN ][2016-09-04 16:55:14,627]--Cache: com.chinatelecom.dao.mapper.IpMapper has a maxElementsInMemory of 0.  In Ehcache 2.0 this has been changed to mean a store with no capacity limit. Set it to 1 if you want no elements cached in memory--[initialise][Cache.java,992]
[WARN ][2016-09-04 16:55:14,692]--Cache: com.chinatelecom.dao.mapper.LoginMapper has a maxElementsInMemory of 0.  In Ehcache 2.0 this has been changed to mean a store with no capacity limit. Set it to 1 if you want no elements cached in memory--[initialise][Cache.java,992]
[WARN ][2016-09-04 16:55:14,877]--Creating a new instance of CacheManager using the diskStorePath "C:\Users\ADMINI~1\AppData\Local\Temp\" which is already used by an existing CacheManager.
The source of the configuration was net.sf.ehcache.config.generator.ConfigurationSource$InputStreamConfigurationSource@6e71c52f.
The diskStore path for this CacheManager will be set to C:\Users\ADMINI~1\AppData\Local\Temp\\ehcache_auto_created_1472979314876.
To avoid this warning consider using the CacheManager factory methods to create a singleton CacheManager or specifying a separate ehcache configuration (ehcache.xml) for each CacheManager instance.--[detectAndFixDiskStorePathConflict][CacheManager.java,625]
[INFO ][2016-09-04 17:22:50,458]--{dataSource-1} inited--[init][DruidDataSource.java,669]
[WARN ][2016-09-04 17:22:51,151]--Cache: com.chinatelecom.dao.mapper.EquipmentMapper has a maxElementsInMemory of 0.  In Ehcache 2.0 this has been changed to mean a store with no capacity limit. Set it to 1 if you want no elements cached in memory--[initialise][Cache.java,992]
[WARN ][2016-09-04 17:22:51,467]--Cache: com.chinatelecom.dao.mapper.IpMapper has a maxElementsInMemory of 0.  In Ehcache 2.0 this has been changed to mean a store with no capacity limit. Set it to 1 if you want no elements cached in memory--[initialise][Cache.java,992]
[WARN ][2016-09-04 17:22:51,514]--Cache: com.chinatelecom.dao.mapper.LoginMapper has a maxElementsInMemory of 0.  In Ehcache 2.0 this has been changed to mean a store with no capacity limit. Set it to 1 if you want no elements cached in memory--[initialise][Cache.java,992]
[WARN ][2016-09-04 17:22:51,716]--Creating a new instance of CacheManager using the diskStorePath "C:\Users\ADMINI~1\AppData\Local\Temp\" which is already used by an existing CacheManager.
The source of the configuration was net.sf.ehcache.config.generator.ConfigurationSource$InputStreamConfigurationSource@377251d2.
The diskStore path for this CacheManager will be set to C:\Users\ADMINI~1\AppData\Local\Temp\\ehcache_auto_created_1472980971716.
To avoid this warning consider using the CacheManager factory methods to create a singleton CacheManager or specifying a separate ehcache configuration (ehcache.xml) for each CacheManager instance.--[detectAndFixDiskStorePathConflict][CacheManager.java,625]
[INFO ][2016-09-04 17:25:13,566]--{dataSource-1} inited--[init][DruidDataSource.java,669]
[WARN ][2016-09-04 17:25:14,285]--Cache: com.chinatelecom.dao.mapper.EquipmentMapper has a maxElementsInMemory of 0.  In Ehcache 2.0 this has been changed to mean a store with no capacity limit. Set it to 1 if you want no elements cached in memory--[initialise][Cache.java,992]
[WARN ][2016-09-04 17:25:14,602]--Cache: com.chinatelecom.dao.mapper.IpMapper has a maxElementsInMemory of 0.  In Ehcache 2.0 this has been changed to mean a store with no capacity limit. Set it to 1 if you want no elements cached in memory--[initialise][Cache.java,992]
[WARN ][2016-09-04 17:25:14,676]--Cache: com.chinatelecom.dao.mapper.LoginMapper has a maxElementsInMemory of 0.  In Ehcache 2.0 this has been changed to mean a store with no capacity limit. Set it to 1 if you want no elements cached in memory--[initialise][Cache.java,992]
[WARN ][2016-09-04 17:25:14,877]--Creating a new instance of CacheManager using the diskStorePath "C:\Users\ADMINI~1\AppData\Local\Temp\" which is already used by an existing CacheManager.
The source of the configuration was net.sf.ehcache.config.generator.ConfigurationSource$InputStreamConfigurationSource@3fd0983c.
The diskStore path for this CacheManager will be set to C:\Users\ADMINI~1\AppData\Local\Temp\\ehcache_auto_created_1472981114877.
To avoid this warning consider using the CacheManager factory methods to create a singleton CacheManager or specifying a separate ehcache configuration (ehcache.xml) for each CacheManager instance.--[detectAndFixDiskStorePathConflict][CacheManager.java,625]
[INFO ][2016-09-04 17:50:44,835]--{dataSource-1} inited--[init][DruidDataSource.java,669]
[WARN ][2016-09-04 17:50:45,652]--Cache: com.chinatelecom.dao.mapper.EquipmentMapper has a maxElementsInMemory of 0.  In Ehcache 2.0 this has been changed to mean a store with no capacity limit. Set it to 1 if you want no elements cached in memory--[initialise][Cache.java,992]
[WARN ][2016-09-04 17:50:46,023]--Cache: com.chinatelecom.dao.mapper.IpMapper has a maxElementsInMemory of 0.  In Ehcache 2.0 this has been changed to mean a store with no capacity limit. Set it to 1 if you want no elements cached in memory--[initialise][Cache.java,992]
[WARN ][2016-09-04 17:50:46,090]--Cache: com.chinatelecom.dao.mapper.LoginMapper has a maxElementsInMemory of 0.  In Ehcache 2.0 this has been changed to mean a store with no capacity limit. Set it to 1 if you want no elements cached in memory--[initialise][Cache.java,992]
[WARN ][2016-09-04 17:50:46,265]--Creating a new instance of CacheManager using the diskStorePath "C:\Users\ADMINI~1\AppData\Local\Temp\" which is already used by an existing CacheManager.
The source of the configuration was net.sf.ehcache.config.generator.ConfigurationSource$InputStreamConfigurationSource@1ca34074.
The diskStore path for this CacheManager will be set to C:\Users\ADMINI~1\AppData\Local\Temp\\ehcache_auto_created_1472982646265.
To avoid this warning consider using the CacheManager factory methods to create a singleton CacheManager or specifying a separate ehcache configuration (ehcache.xml) for each CacheManager instance.--[detectAndFixDiskStorePathConflict][CacheManager.java,625]
[INFO ][2016-09-04 18:01:30,878]--{dataSource-1} inited--[init][DruidDataSource.java,669]
[WARN ][2016-09-04 18:01:31,636]--Cache: com.chinatelecom.dao.mapper.EquipmentMapper has a maxElementsInMemory of 0.  In Ehcache 2.0 this has been changed to mean a store with no capacity limit. Set it to 1 if you want no elements cached in memory--[initialise][Cache.java,992]
[WARN ][2016-09-04 18:01:31,941]--Cache: com.chinatelecom.dao.mapper.IpMapper has a maxElementsInMemory of 0.  In Ehcache 2.0 this has been changed to mean a store with no capacity limit. Set it to 1 if you want no elements cached in memory--[initialise][Cache.java,992]
[WARN ][2016-09-04 18:01:32,056]--Cache: com.chinatelecom.dao.mapper.LoginMapper has a maxElementsInMemory of 0.  In Ehcache 2.0 this has been changed to mean a store with no capacity limit. Set it to 1 if you want no elements cached in memory--[initialise][Cache.java,992]
[WARN ][2016-09-04 18:01:32,248]--Creating a new instance of CacheManager using the diskStorePath "C:\Users\ADMINI~1\AppData\Local\Temp\" which is already used by an existing CacheManager.
The source of the configuration was net.sf.ehcache.config.generator.ConfigurationSource$InputStreamConfigurationSource@6e71c52f.
The diskStore path for this CacheManager will be set to C:\Users\ADMINI~1\AppData\Local\Temp\\ehcache_auto_created_1472983292248.
To avoid this warning consider using the CacheManager factory methods to create a singleton CacheManager or specifying a separate ehcache configuration (ehcache.xml) for each CacheManager instance.--[detectAndFixDiskStorePathConflict][CacheManager.java,625]
