[ERROR][2016-08-26 08:53:02,474]--init datasource error, url: jdbc:oracle:thin:@10.3.104.113:1521:INFOMGR--[init][DruidDataSource.java,643]
java.sql.SQLException: The Network Adapter could not establish the connection
	at oracle.jdbc.driver.SQLStateMapping.newSQLException(SQLStateMapping.java:70) ~[ojdbc6-11.2.0.jar:Oracle JDBC Driver version - "11.1.0.7.0-Production"]
	at oracle.jdbc.driver.DatabaseError.newSQLException(DatabaseError.java:133) ~[ojdbc6-11.2.0.jar:Oracle JDBC Driver version - "11.1.0.7.0-Production"]
	at oracle.jdbc.driver.DatabaseError.throwSqlException(DatabaseError.java:199) ~[ojdbc6-11.2.0.jar:Oracle JDBC Driver version - "11.1.0.7.0-Production"]
	at oracle.jdbc.driver.DatabaseError.throwSqlException(DatabaseError.java:480) ~[ojdbc6-11.2.0.jar:Oracle JDBC Driver version - "11.1.0.7.0-Production"]
	at oracle.jdbc.driver.T4CConnection.logon(T4CConnection.java:413) ~[ojdbc6-11.2.0.jar:Oracle JDBC Driver version - "11.1.0.7.0-Production"]
	at oracle.jdbc.driver.PhysicalConnection.<init>(PhysicalConnection.java:508) ~[ojdbc6-11.2.0.jar:Oracle JDBC Driver version - "11.1.0.7.0-Production"]
	at oracle.jdbc.driver.T4CConnection.<init>(T4CConnection.java:203) ~[ojdbc6-11.2.0.jar:Oracle JDBC Driver version - "11.1.0.7.0-Production"]
	at oracle.jdbc.driver.T4CDriverExtension.getConnection(T4CDriverExtension.java:33) ~[ojdbc6-11.2.0.jar:Oracle JDBC Driver version - "11.1.0.7.0-Production"]
	at oracle.jdbc.driver.OracleDriver.connect(OracleDriver.java:510) ~[ojdbc6-11.2.0.jar:Oracle JDBC Driver version - "11.1.0.7.0-Production"]
	at com.alibaba.druid.filter.FilterChainImpl.connection_connect(FilterChainImpl.java:148) ~[druid-1.0.12.jar:1.0.12]
	at com.alibaba.druid.filter.stat.StatFilter.connection_connect(StatFilter.java:211) ~[druid-1.0.12.jar:1.0.12]
	at com.alibaba.druid.filter.FilterChainImpl.connection_connect(FilterChainImpl.java:142) ~[druid-1.0.12.jar:1.0.12]
	at com.alibaba.druid.pool.DruidAbstractDataSource.createPhysicalConnection(DruidAbstractDataSource.java:1377) ~[druid-1.0.12.jar:1.0.12]
	at com.alibaba.druid.pool.DruidAbstractDataSource.createPhysicalConnection(DruidAbstractDataSource.java:1431) ~[druid-1.0.12.jar:1.0.12]
	at com.alibaba.druid.pool.DruidDataSource.init(DruidDataSource.java:632) ~[druid-1.0.12.jar:1.0.12]
	at sun.reflect.NativeMethodAccessorImpl.invoke0(Native Method) ~[na:1.8.0_102]
	at sun.reflect.NativeMethodAccessorImpl.invoke(NativeMethodAccessorImpl.java:62) ~[na:1.8.0_102]
	at sun.reflect.DelegatingMethodAccessorImpl.invoke(DelegatingMethodAccessorImpl.java:43) ~[na:1.8.0_102]
	at java.lang.reflect.Method.invoke(Method.java:498) ~[na:1.8.0_102]
	at org.springframework.beans.factory.support.AbstractAutowireCapableBeanFactory.invokeCustomInitMethod(AbstractAutowireCapableBeanFactory.java:1681) [spring-beans-4.0.3.RELEASE.jar:4.0.3.RELEASE]
	at org.springframework.beans.factory.support.AbstractAutowireCapableBeanFactory.invokeInitMethods(AbstractAutowireCapableBeanFactory.java:1620) [spring-beans-4.0.3.RELEASE.jar:4.0.3.RELEASE]
	at org.springframework.beans.factory.support.AbstractAutowireCapableBeanFactory.initializeBean(AbstractAutowireCapableBeanFactory.java:1549) [spring-beans-4.0.3.RELEASE.jar:4.0.3.RELEASE]
	at org.springframework.beans.factory.support.AbstractAutowireCapableBeanFactory.doCreateBean(AbstractAutowireCapableBeanFactory.java:539) [spring-beans-4.0.3.RELEASE.jar:4.0.3.RELEASE]
	at org.springframework.beans.factory.support.AbstractAutowireCapableBeanFactory.createBean(AbstractAutowireCapableBeanFactory.java:475) [spring-beans-4.0.3.RELEASE.jar:4.0.3.RELEASE]
	at org.springframework.beans.factory.support.AbstractBeanFactory$1.getObject(AbstractBeanFactory.java:304) [spring-beans-4.0.3.RELEASE.jar:4.0.3.RELEASE]
	at org.springframework.beans.factory.support.DefaultSingletonBeanRegistry.getSingleton(DefaultSingletonBeanRegistry.java:228) [spring-beans-4.0.3.RELEASE.jar:4.0.3.RELEASE]
	at org.springframework.beans.factory.support.AbstractBeanFactory.doGetBean(AbstractBeanFactory.java:300) [spring-beans-4.0.3.RELEASE.jar:4.0.3.RELEASE]
	at org.springframework.beans.factory.support.AbstractBeanFactory.getBean(AbstractBeanFactory.java:195) [spring-beans-4.0.3.RELEASE.jar:4.0.3.RELEASE]
	at org.springframework.beans.factory.support.DefaultListableBeanFactory.preInstantiateSingletons(DefaultListableBeanFactory.java:703) [spring-beans-4.0.3.RELEASE.jar:4.0.3.RELEASE]
	at org.springframework.context.support.AbstractApplicationContext.finishBeanFactoryInitialization(AbstractApplicationContext.java:760) [spring-context-4.0.3.RELEASE.jar:4.0.3.RELEASE]
	at org.springframework.context.support.AbstractApplicationContext.refresh(AbstractApplicationContext.java:482) [spring-context-4.0.3.RELEASE.jar:4.0.3.RELEASE]
	at org.springframework.web.context.ContextLoader.configureAndRefreshWebApplicationContext(ContextLoader.java:403) [spring-web-4.0.3.RELEASE.jar:4.0.3.RELEASE]
	at org.springframework.web.context.ContextLoader.initWebApplicationContext(ContextLoader.java:306) [spring-web-4.0.3.RELEASE.jar:4.0.3.RELEASE]
	at org.springframework.web.context.ContextLoaderListener.contextInitialized(ContextLoaderListener.java:106) [spring-web-4.0.3.RELEASE.jar:4.0.3.RELEASE]
	at org.apache.catalina.core.StandardContext.listenerStart(StandardContext.java:5099) [catalina.jar:7.0.70]
	at org.apache.catalina.core.StandardContext.startInternal(StandardContext.java:5615) [catalina.jar:7.0.70]
	at org.apache.catalina.util.LifecycleBase.start(LifecycleBase.java:147) [catalina.jar:7.0.70]
	at org.apache.catalina.core.ContainerBase$StartChild.call(ContainerBase.java:1571) [catalina.jar:7.0.70]
	at org.apache.catalina.core.ContainerBase$StartChild.call(ContainerBase.java:1561) [catalina.jar:7.0.70]
	at java.util.concurrent.FutureTask.run(FutureTask.java:266) [na:1.8.0_102]
	at java.util.concurrent.ThreadPoolExecutor.runWorker(ThreadPoolExecutor.java:1142) [na:1.8.0_102]
	at java.util.concurrent.ThreadPoolExecutor$Worker.run(ThreadPoolExecutor.java:617) [na:1.8.0_102]
	at java.lang.Thread.run(Thread.java:745) [na:1.8.0_102]
Caused by: oracle.net.ns.NetException: The Network Adapter could not establish the connection
	at oracle.net.nt.ConnStrategy.execute(ConnStrategy.java:328) ~[ojdbc6-11.2.0.jar:Oracle JDBC Driver version - "11.1.0.7.0-Production"]
	at oracle.net.resolver.AddrResolution.resolveAndExecute(AddrResolution.java:421) ~[ojdbc6-11.2.0.jar:Oracle JDBC Driver version - "11.1.0.7.0-Production"]
	at oracle.net.ns.NSProtocol.establishConnection(NSProtocol.java:630) ~[ojdbc6-11.2.0.jar:Oracle JDBC Driver version - "11.1.0.7.0-Production"]
	at oracle.net.ns.NSProtocol.connect(NSProtocol.java:206) ~[ojdbc6-11.2.0.jar:Oracle JDBC Driver version - "11.1.0.7.0-Production"]
	at oracle.jdbc.driver.T4CConnection.connect(T4CConnection.java:966) ~[ojdbc6-11.2.0.jar:Oracle JDBC Driver version - "11.1.0.7.0-Production"]
	at oracle.jdbc.driver.T4CConnection.logon(T4CConnection.java:292) ~[ojdbc6-11.2.0.jar:Oracle JDBC Driver version - "11.1.0.7.0-Production"]
	... 38 common frames omitted
Caused by: java.net.ConnectException: Connection refused: connect
	at java.net.DualStackPlainSocketImpl.connect0(Native Method) ~[na:1.8.0_102]
	at java.net.DualStackPlainSocketImpl.socketConnect(DualStackPlainSocketImpl.java:79) ~[na:1.8.0_102]
	at java.net.AbstractPlainSocketImpl.doConnect(AbstractPlainSocketImpl.java:350) ~[na:1.8.0_102]
	at java.net.AbstractPlainSocketImpl.connectToAddress(AbstractPlainSocketImpl.java:206) ~[na:1.8.0_102]
	at java.net.AbstractPlainSocketImpl.connect(AbstractPlainSocketImpl.java:188) ~[na:1.8.0_102]
	at java.net.PlainSocketImpl.connect(PlainSocketImpl.java:172) ~[na:1.8.0_102]
	at java.net.SocksSocketImpl.connect(SocksSocketImpl.java:392) ~[na:1.8.0_102]
	at java.net.Socket.connect(Socket.java:589) ~[na:1.8.0_102]
	at java.net.Socket.connect(Socket.java:538) ~[na:1.8.0_102]
	at java.net.Socket.<init>(Socket.java:434) ~[na:1.8.0_102]
	at java.net.Socket.<init>(Socket.java:211) ~[na:1.8.0_102]
	at oracle.net.nt.TcpNTAdapter.connect(TcpNTAdapter.java:127) ~[ojdbc6-11.2.0.jar:Oracle JDBC Driver version - "11.1.0.7.0-Production"]
	at oracle.net.nt.ConnOption.connect(ConnOption.java:126) ~[ojdbc6-11.2.0.jar:Oracle JDBC Driver version - "11.1.0.7.0-Production"]
	at oracle.net.nt.ConnStrategy.execute(ConnStrategy.java:306) ~[ojdbc6-11.2.0.jar:Oracle JDBC Driver version - "11.1.0.7.0-Production"]
	... 43 common frames omitted
[ERROR][2016-08-26 08:53:02,589]--dataSource init error--[init][DruidDataSource.java,660]
java.sql.SQLException: The Network Adapter could not establish the connection
	at oracle.jdbc.driver.SQLStateMapping.newSQLException(SQLStateMapping.java:70) ~[ojdbc6-11.2.0.jar:Oracle JDBC Driver version - "11.1.0.7.0-Production"]
	at oracle.jdbc.driver.DatabaseError.newSQLException(DatabaseError.java:133) ~[ojdbc6-11.2.0.jar:Oracle JDBC Driver version - "11.1.0.7.0-Production"]
	at oracle.jdbc.driver.DatabaseError.throwSqlException(DatabaseError.java:199) ~[ojdbc6-11.2.0.jar:Oracle JDBC Driver version - "11.1.0.7.0-Production"]
	at oracle.jdbc.driver.DatabaseError.throwSqlException(DatabaseError.java:480) ~[ojdbc6-11.2.0.jar:Oracle JDBC Driver version - "11.1.0.7.0-Production"]
	at oracle.jdbc.driver.T4CConnection.logon(T4CConnection.java:413) ~[ojdbc6-11.2.0.jar:Oracle JDBC Driver version - "11.1.0.7.0-Production"]
	at oracle.jdbc.driver.PhysicalConnection.<init>(PhysicalConnection.java:508) ~[ojdbc6-11.2.0.jar:Oracle JDBC Driver version - "11.1.0.7.0-Production"]
	at oracle.jdbc.driver.T4CConnection.<init>(T4CConnection.java:203) ~[ojdbc6-11.2.0.jar:Oracle JDBC Driver version - "11.1.0.7.0-Production"]
	at oracle.jdbc.driver.T4CDriverExtension.getConnection(T4CDriverExtension.java:33) ~[ojdbc6-11.2.0.jar:Oracle JDBC Driver version - "11.1.0.7.0-Production"]
	at oracle.jdbc.driver.OracleDriver.connect(OracleDriver.java:510) ~[ojdbc6-11.2.0.jar:Oracle JDBC Driver version - "11.1.0.7.0-Production"]
	at com.alibaba.druid.filter.FilterChainImpl.connection_connect(FilterChainImpl.java:148) ~[druid-1.0.12.jar:1.0.12]
	at com.alibaba.druid.filter.stat.StatFilter.connection_connect(StatFilter.java:211) ~[druid-1.0.12.jar:1.0.12]
	at com.alibaba.druid.filter.FilterChainImpl.connection_connect(FilterChainImpl.java:142) ~[druid-1.0.12.jar:1.0.12]
	at com.alibaba.druid.pool.DruidAbstractDataSource.createPhysicalConnection(DruidAbstractDataSource.java:1377) ~[druid-1.0.12.jar:1.0.12]
	at com.alibaba.druid.pool.DruidAbstractDataSource.createPhysicalConnection(DruidAbstractDataSource.java:1431) ~[druid-1.0.12.jar:1.0.12]
	at com.alibaba.druid.pool.DruidDataSource.init(DruidDataSource.java:632) ~[druid-1.0.12.jar:1.0.12]
	at sun.reflect.NativeMethodAccessorImpl.invoke0(Native Method) ~[na:1.8.0_102]
	at sun.reflect.NativeMethodAccessorImpl.invoke(NativeMethodAccessorImpl.java:62) ~[na:1.8.0_102]
	at sun.reflect.DelegatingMethodAccessorImpl.invoke(DelegatingMethodAccessorImpl.java:43) ~[na:1.8.0_102]
	at java.lang.reflect.Method.invoke(Method.java:498) ~[na:1.8.0_102]
	at org.springframework.beans.factory.support.AbstractAutowireCapableBeanFactory.invokeCustomInitMethod(AbstractAutowireCapableBeanFactory.java:1681) [spring-beans-4.0.3.RELEASE.jar:4.0.3.RELEASE]
	at org.springframework.beans.factory.support.AbstractAutowireCapableBeanFactory.invokeInitMethods(AbstractAutowireCapableBeanFactory.java:1620) [spring-beans-4.0.3.RELEASE.jar:4.0.3.RELEASE]
	at org.springframework.beans.factory.support.AbstractAutowireCapableBeanFactory.initializeBean(AbstractAutowireCapableBeanFactory.java:1549) [spring-beans-4.0.3.RELEASE.jar:4.0.3.RELEASE]
	at org.springframework.beans.factory.support.AbstractAutowireCapableBeanFactory.doCreateBean(AbstractAutowireCapableBeanFactory.java:539) [spring-beans-4.0.3.RELEASE.jar:4.0.3.RELEASE]
	at org.springframework.beans.factory.support.AbstractAutowireCapableBeanFactory.createBean(AbstractAutowireCapableBeanFactory.java:475) [spring-beans-4.0.3.RELEASE.jar:4.0.3.RELEASE]
	at org.springframework.beans.factory.support.AbstractBeanFactory$1.getObject(AbstractBeanFactory.java:304) [spring-beans-4.0.3.RELEASE.jar:4.0.3.RELEASE]
	at org.springframework.beans.factory.support.DefaultSingletonBeanRegistry.getSingleton(DefaultSingletonBeanRegistry.java:228) [spring-beans-4.0.3.RELEASE.jar:4.0.3.RELEASE]
	at org.springframework.beans.factory.support.AbstractBeanFactory.doGetBean(AbstractBeanFactory.java:300) [spring-beans-4.0.3.RELEASE.jar:4.0.3.RELEASE]
	at org.springframework.beans.factory.support.AbstractBeanFactory.getBean(AbstractBeanFactory.java:195) [spring-beans-4.0.3.RELEASE.jar:4.0.3.RELEASE]
	at org.springframework.beans.factory.support.DefaultListableBeanFactory.preInstantiateSingletons(DefaultListableBeanFactory.java:703) [spring-beans-4.0.3.RELEASE.jar:4.0.3.RELEASE]
	at org.springframework.context.support.AbstractApplicationContext.finishBeanFactoryInitialization(AbstractApplicationContext.java:760) [spring-context-4.0.3.RELEASE.jar:4.0.3.RELEASE]
	at org.springframework.context.support.AbstractApplicationContext.refresh(AbstractApplicationContext.java:482) [spring-context-4.0.3.RELEASE.jar:4.0.3.RELEASE]
	at org.springframework.web.context.ContextLoader.configureAndRefreshWebApplicationContext(ContextLoader.java:403) [spring-web-4.0.3.RELEASE.jar:4.0.3.RELEASE]
	at org.springframework.web.context.ContextLoader.initWebApplicationContext(ContextLoader.java:306) [spring-web-4.0.3.RELEASE.jar:4.0.3.RELEASE]
	at org.springframework.web.context.ContextLoaderListener.contextInitialized(ContextLoaderListener.java:106) [spring-web-4.0.3.RELEASE.jar:4.0.3.RELEASE]
	at org.apache.catalina.core.StandardContext.listenerStart(StandardContext.java:5099) [catalina.jar:7.0.70]
	at org.apache.catalina.core.StandardContext.startInternal(StandardContext.java:5615) [catalina.jar:7.0.70]
	at org.apache.catalina.util.LifecycleBase.start(LifecycleBase.java:147) [catalina.jar:7.0.70]
	at org.apache.catalina.core.ContainerBase$StartChild.call(ContainerBase.java:1571) [catalina.jar:7.0.70]
	at org.apache.catalina.core.ContainerBase$StartChild.call(ContainerBase.java:1561) [catalina.jar:7.0.70]
	at java.util.concurrent.FutureTask.run(FutureTask.java:266) [na:1.8.0_102]
	at java.util.concurrent.ThreadPoolExecutor.runWorker(ThreadPoolExecutor.java:1142) [na:1.8.0_102]
	at java.util.concurrent.ThreadPoolExecutor$Worker.run(ThreadPoolExecutor.java:617) [na:1.8.0_102]
	at java.lang.Thread.run(Thread.java:745) [na:1.8.0_102]
Caused by: oracle.net.ns.NetException: The Network Adapter could not establish the connection
	at oracle.net.nt.ConnStrategy.execute(ConnStrategy.java:328) ~[ojdbc6-11.2.0.jar:Oracle JDBC Driver version - "11.1.0.7.0-Production"]
	at oracle.net.resolver.AddrResolution.resolveAndExecute(AddrResolution.java:421) ~[ojdbc6-11.2.0.jar:Oracle JDBC Driver version - "11.1.0.7.0-Production"]
	at oracle.net.ns.NSProtocol.establishConnection(NSProtocol.java:630) ~[ojdbc6-11.2.0.jar:Oracle JDBC Driver version - "11.1.0.7.0-Production"]
	at oracle.net.ns.NSProtocol.connect(NSProtocol.java:206) ~[ojdbc6-11.2.0.jar:Oracle JDBC Driver version - "11.1.0.7.0-Production"]
	at oracle.jdbc.driver.T4CConnection.connect(T4CConnection.java:966) ~[ojdbc6-11.2.0.jar:Oracle JDBC Driver version - "11.1.0.7.0-Production"]
	at oracle.jdbc.driver.T4CConnection.logon(T4CConnection.java:292) ~[ojdbc6-11.2.0.jar:Oracle JDBC Driver version - "11.1.0.7.0-Production"]
	... 38 common frames omitted
Caused by: java.net.ConnectException: Connection refused: connect
	at java.net.DualStackPlainSocketImpl.connect0(Native Method) ~[na:1.8.0_102]
	at java.net.DualStackPlainSocketImpl.socketConnect(DualStackPlainSocketImpl.java:79) ~[na:1.8.0_102]
	at java.net.AbstractPlainSocketImpl.doConnect(AbstractPlainSocketImpl.java:350) ~[na:1.8.0_102]
	at java.net.AbstractPlainSocketImpl.connectToAddress(AbstractPlainSocketImpl.java:206) ~[na:1.8.0_102]
	at java.net.AbstractPlainSocketImpl.connect(AbstractPlainSocketImpl.java:188) ~[na:1.8.0_102]
	at java.net.PlainSocketImpl.connect(PlainSocketImpl.java:172) ~[na:1.8.0_102]
	at java.net.SocksSocketImpl.connect(SocksSocketImpl.java:392) ~[na:1.8.0_102]
	at java.net.Socket.connect(Socket.java:589) ~[na:1.8.0_102]
	at java.net.Socket.connect(Socket.java:538) ~[na:1.8.0_102]
	at java.net.Socket.<init>(Socket.java:434) ~[na:1.8.0_102]
	at java.net.Socket.<init>(Socket.java:211) ~[na:1.8.0_102]
	at oracle.net.nt.TcpNTAdapter.connect(TcpNTAdapter.java:127) ~[ojdbc6-11.2.0.jar:Oracle JDBC Driver version - "11.1.0.7.0-Production"]
	at oracle.net.nt.ConnOption.connect(ConnOption.java:126) ~[ojdbc6-11.2.0.jar:Oracle JDBC Driver version - "11.1.0.7.0-Production"]
	at oracle.net.nt.ConnStrategy.execute(ConnStrategy.java:306) ~[ojdbc6-11.2.0.jar:Oracle JDBC Driver version - "11.1.0.7.0-Production"]
	... 43 common frames omitted
[INFO ][2016-08-26 08:53:02,594]--{dataSource-1} inited--[init][DruidDataSource.java,669]
[INFO ][2016-08-26 08:54:54,529]--{dataSource-1} inited--[init][DruidDataSource.java,669]
[WARN ][2016-08-26 08:54:55,477]--Cache: com.chinatelecom.dao.mapper.IpMapper has a maxElementsInMemory of 0.  In Ehcache 2.0 this has been changed to mean a store with no capacity limit. Set it to 1 if you want no elements cached in memory--[initialise][Cache.java,992]
[WARN ][2016-08-26 08:54:55,603]--Cache: com.chinatelecom.dao.mapper.LoginMapper has a maxElementsInMemory of 0.  In Ehcache 2.0 this has been changed to mean a store with no capacity limit. Set it to 1 if you want no elements cached in memory--[initialise][Cache.java,992]
[WARN ][2016-08-26 08:54:56,042]--Creating a new instance of CacheManager using the diskStorePath "C:\Users\ADMINI~1\AppData\Local\Temp\" which is already used by an existing CacheManager.
The source of the configuration was net.sf.ehcache.config.generator.ConfigurationSource$InputStreamConfigurationSource@29d88e2e.
The diskStore path for this CacheManager will be set to C:\Users\ADMINI~1\AppData\Local\Temp\\ehcache_auto_created_1472172896041.
To avoid this warning consider using the CacheManager factory methods to create a singleton CacheManager or specifying a separate ehcache configuration (ehcache.xml) for each CacheManager instance.--[detectAndFixDiskStorePathConflict][CacheManager.java,625]
[DEBUG][2016-08-26 08:55:57,972]--Cache Hit Ratio [com.chinatelecom.dao.mapper.LoginMapper]: 0.0--[getObject][LoggingCache.java,62]
[DEBUG][2016-08-26 08:55:58,032]--==>  Preparing: select * from OPERATOR WHERE F01=? and F02=? --[debug][BaseJdbcLogger.java,139]
[DEBUG][2016-08-26 08:55:58,352]--==> Parameters: guest(String), Z3Vlc3Q=
(String)--[debug][BaseJdbcLogger.java,139]
[DEBUG][2016-08-26 08:55:58,569]--<==      Total: 1--[debug][BaseJdbcLogger.java,139]
[DEBUG][2016-08-26 08:56:10,508]--Cache Hit Ratio [com.chinatelecom.dao.mapper.IpMapper]: 0.0--[getObject][LoggingCache.java,62]
[DEBUG][2016-08-26 08:56:10,510]--==>  Preparing: select * from IP --[debug][BaseJdbcLogger.java,139]
[DEBUG][2016-08-26 08:56:10,510]--==> Parameters: --[debug][BaseJdbcLogger.java,139]
[DEBUG][2016-08-26 08:56:13,298]--<==      Total: 14373--[debug][BaseJdbcLogger.java,139]
[DEBUG][2016-08-26 08:57:26,441]--Cache Hit Ratio [com.chinatelecom.dao.mapper.IpMapper]: 0.5--[getObject][LoggingCache.java,62]
[DEBUG][2016-08-26 08:58:06,385]--Cache Hit Ratio [com.chinatelecom.dao.mapper.IpMapper]: 0.3333333333333333--[getObject][LoggingCache.java,62]
[DEBUG][2016-08-26 08:58:06,391]--==>  Preparing: select * from Ip_Map --[debug][BaseJdbcLogger.java,139]
[DEBUG][2016-08-26 08:58:06,392]--==> Parameters: --[debug][BaseJdbcLogger.java,139]
[DEBUG][2016-08-26 08:58:06,573]--<==      Total: 963--[debug][BaseJdbcLogger.java,139]
[DEBUG][2016-08-26 08:58:21,762]--Cache Hit Ratio [com.chinatelecom.dao.mapper.IpMapper]: 0.25--[getObject][LoggingCache.java,62]
[DEBUG][2016-08-26 08:58:21,773]--==>  Preparing: select * from IP_MAP WHERE F00=? --[debug][BaseJdbcLogger.java,139]
[DEBUG][2016-08-26 08:58:21,779]--==> Parameters: 514(Integer)--[debug][BaseJdbcLogger.java,139]
[DEBUG][2016-08-26 08:58:21,848]--<==      Total: 1--[debug][BaseJdbcLogger.java,139]
[DEBUG][2016-08-26 08:58:38,956]--Cache Hit Ratio [com.chinatelecom.dao.mapper.IpMapper]: 0.4--[getObject][LoggingCache.java,62]
[DEBUG][2016-08-26 09:11:10,051]--==>  Preparing: select * from Site --[debug][BaseJdbcLogger.java,139]
[DEBUG][2016-08-26 09:11:10,053]--==> Parameters: --[debug][BaseJdbcLogger.java,139]
[DEBUG][2016-08-26 09:11:10,131]--<==      Total: 3--[debug][BaseJdbcLogger.java,139]
[DEBUG][2016-08-26 09:11:13,547]--==>  Preparing: select * from Room --[debug][BaseJdbcLogger.java,139]
[DEBUG][2016-08-26 09:11:13,549]--==> Parameters: --[debug][BaseJdbcLogger.java,139]
[DEBUG][2016-08-26 09:11:13,560]--<==      Total: 6--[debug][BaseJdbcLogger.java,139]
[DEBUG][2016-08-26 15:38:56,239]--Cache Hit Ratio [com.chinatelecom.dao.mapper.LoginMapper]: 0.0--[getObject][LoggingCache.java,62]
[DEBUG][2016-08-26 15:38:57,301]--==>  Preparing: select * from OPERATOR WHERE F01=? and F02=? --[debug][BaseJdbcLogger.java,139]
[DEBUG][2016-08-26 15:38:57,724]--==> Parameters: guest(String), 
(String)--[debug][BaseJdbcLogger.java,139]
[DEBUG][2016-08-26 15:38:57,952]--<==      Total: 0--[debug][BaseJdbcLogger.java,139]
[DEBUG][2016-08-26 15:39:08,901]--Cache Hit Ratio [com.chinatelecom.dao.mapper.LoginMapper]: 0.3333333333333333--[getObject][LoggingCache.java,62]
[DEBUG][2016-08-26 15:39:12,662]--Cache Hit Ratio [com.chinatelecom.dao.mapper.IpMapper]: 0.5--[getObject][LoggingCache.java,62]
[DEBUG][2016-08-26 15:39:29,427]--Cache Hit Ratio [com.chinatelecom.dao.mapper.IpMapper]: 0.5714285714285714--[getObject][LoggingCache.java,62]
