[INFO ][2016-08-22 13:05:55,005]--{dataSource-1} inited--[init][DruidDataSource.java,669]
[INFO ][2016-08-22 13:09:52,456]--{dataSource-1} inited--[init][DruidDataSource.java,669]
[INFO ][2016-08-22 13:19:10,982]--{dataSource-1} inited--[init][DruidDataSource.java,669]
[DEBUG][2016-08-22 13:20:50,197]--==>  Preparing: select * from OPERATOR WHERE F01=? and F02=? --[debug][BaseJdbcLogger.java,139]
[DEBUG][2016-08-22 13:20:50,412]--==> Parameters: guest(String), Z3Vlc3Q=(String)--[debug][BaseJdbcLogger.java,139]
[DEBUG][2016-08-22 13:20:50,483]--<==      Total: 0--[debug][BaseJdbcLogger.java,139]
[DEBUG][2016-08-22 13:21:29,427]--==>  Preparing: select * from OPERATOR WHERE F01=? and F02=? --[debug][BaseJdbcLogger.java,139]
[DEBUG][2016-08-22 13:21:29,430]--==> Parameters: r(String), 3(String)--[debug][BaseJdbcLogger.java,139]
[DEBUG][2016-08-22 13:21:29,434]--<==      Total: 0--[debug][BaseJdbcLogger.java,139]
[INFO ][2016-08-22 13:23:05,636]--{dataSource-1} closed--[close][DruidDataSource.java,1385]
[INFO ][2016-08-22 13:23:10,899]--{dataSource-1} inited--[init][DruidDataSource.java,669]
[DEBUG][2016-08-22 13:23:21,955]--==>  Preparing: select * from OPERATOR WHERE F01=? and F02=? --[debug][BaseJdbcLogger.java,139]
[DEBUG][2016-08-22 13:23:22,120]--==> Parameters: r(String), 4(String)--[debug][BaseJdbcLogger.java,139]
[DEBUG][2016-08-22 13:23:22,163]--<==      Total: 0--[debug][BaseJdbcLogger.java,139]
[INFO ][2016-08-22 13:26:20,344]--{dataSource-1} inited--[init][DruidDataSource.java,669]
[DEBUG][2016-08-22 13:27:18,298]--==>  Preparing: select * from OPERATOR WHERE F01=? and F02=? --[debug][BaseJdbcLogger.java,139]
[DEBUG][2016-08-22 13:27:19,325]--==> Parameters: guest(String), Z3Vlc3Q=(String)--[debug][BaseJdbcLogger.java,139]
[DEBUG][2016-08-22 13:27:19,734]--<==      Total: 0--[debug][BaseJdbcLogger.java,139]
[INFO ][2016-08-22 13:28:48,395]--{dataSource-1} inited--[init][DruidDataSource.java,669]
[INFO ][2016-08-22 13:30:19,616]--{dataSource-1} inited--[init][DruidDataSource.java,669]
[INFO ][2016-08-22 13:31:03,826]--{dataSource-1} closed--[close][DruidDataSource.java,1385]
[INFO ][2016-08-22 13:31:23,370]--{dataSource-1} inited--[init][DruidDataSource.java,669]
[DEBUG][2016-08-22 13:31:48,637]--==>  Preparing: select * from OPERATOR WHERE F01=? and F02=? --[debug][BaseJdbcLogger.java,139]
[DEBUG][2016-08-22 13:31:48,876]--==> Parameters: guest(String), Z3Vlc3Q=(String)--[debug][BaseJdbcLogger.java,139]
[DEBUG][2016-08-22 13:31:48,997]--<==      Total: 0--[debug][BaseJdbcLogger.java,139]
[INFO ][2016-08-22 13:33:10,738]--{dataSource-1} inited--[init][DruidDataSource.java,669]
[ERROR][2016-08-22 13:33:26,939]--PermissionFail: errorMsg=用户没有权限--[preHandle][Permission.java,35]
[ERROR][2016-08-22 13:35:29,985]--PermissionFail: errorMsg=用户没有权限--[preHandle][Permission.java,35]
[INFO ][2016-08-22 15:18:38,485]--{dataSource-1} closed--[close][DruidDataSource.java,1385]
[INFO ][2016-08-22 15:18:55,078]--{dataSource-1} inited--[init][DruidDataSource.java,669]
[ERROR][2016-08-22 15:19:51,215]--PermissionFail: errorMsg=用户没有权限--[preHandle][Permission.java,35]
[ERROR][2016-08-22 15:19:57,081]--PermissionFail: errorMsg=用户没有权限--[preHandle][Permission.java,35]
[ERROR][2016-08-22 15:20:19,989]--PermissionFail: errorMsg=用户没有权限--[preHandle][Permission.java,35]
[ERROR][2016-08-22 15:20:51,770]--PermissionFail: errorMsg=用户没有权限--[preHandle][Permission.java,35]
[INFO ][2016-08-22 15:22:27,791]--{dataSource-1} inited--[init][DruidDataSource.java,669]
[ERROR][2016-08-22 15:23:01,229]--PermissionFail: errorMsg=用户没有权限--[preHandle][Permission.java,35]
[INFO ][2016-08-22 15:26:03,549]--{dataSource-1} inited--[init][DruidDataSource.java,669]
[ERROR][2016-08-22 15:27:06,823]--PermissionFail: errorMsg=用户没有权限--[preHandle][Permission.java,35]
[INFO ][2016-08-22 15:44:09,068]--{dataSource-1} inited--[init][DruidDataSource.java,669]
[ERROR][2016-08-22 15:44:32,298]--PermissionFail: errorMsg=用户没有权限--[preHandle][Permission.java,35]
[INFO ][2016-08-22 15:46:38,925]--{dataSource-1} closed--[close][DruidDataSource.java,1385]
[INFO ][2016-08-22 15:46:54,157]--{dataSource-1} inited--[init][DruidDataSource.java,669]
[ERROR][2016-08-22 15:47:30,572]--PermissionFail: errorMsg=用户没有权限--[preHandle][Permission.java,35]
[INFO ][2016-08-22 17:05:43,905]--{dataSource-1} inited--[init][DruidDataSource.java,669]
[DEBUG][2016-08-22 17:06:26,350]--==>  Preparing: select * from OPERATOR WHERE F01=? and F03=? --[debug][BaseJdbcLogger.java,139]
[DEBUG][2016-08-22 17:06:26,579]--==> Parameters: guest(String), wjl(String)--[debug][BaseJdbcLogger.java,139]
[INFO ][2016-08-22 17:10:19,904]--{dataSource-1} inited--[init][DruidDataSource.java,669]
[DEBUG][2016-08-22 17:10:41,471]--==>  Preparing: select * from OPERATOR WHERE F01=? and F03=? --[debug][BaseJdbcLogger.java,139]
[DEBUG][2016-08-22 17:10:41,722]--==> Parameters: guest(String), wjl(String)--[debug][BaseJdbcLogger.java,139]
[DEBUG][2016-08-22 17:14:32,529]--==>  Preparing: select * from OPERATOR WHERE F01=? and F03=? --[debug][BaseJdbcLogger.java,139]
[DEBUG][2016-08-22 17:14:32,531]--==> Parameters: guest(String), wjl(String)--[debug][BaseJdbcLogger.java,139]
[INFO ][2016-08-22 17:37:14,407]--{dataSource-1} inited--[init][DruidDataSource.java,669]
[INFO ][2016-08-22 17:38:28,369]--{dataSource-1} closed--[close][DruidDataSource.java,1385]
[INFO ][2016-08-22 17:38:33,864]--{dataSource-1} inited--[init][DruidDataSource.java,669]
[DEBUG][2016-08-22 17:38:41,319]--==>  Preparing: select * from OPERATOR WHERE F01=? and F08=? --[debug][BaseJdbcLogger.java,139]
[DEBUG][2016-08-22 17:38:41,540]--==> Parameters: guest(String), 访客(String)--[debug][BaseJdbcLogger.java,139]
[DEBUG][2016-08-22 17:38:41,661]--<==      Total: 1--[debug][BaseJdbcLogger.java,139]
[ERROR][2016-08-22 23:29:28,831]--init datasource error, url: jdbc:oracle:thin:@10.3.104.113:1521:INFOMGR--[init][DruidDataSource.java,643]
java.sql.SQLException: The Network Adapter could not establish the connection
	at oracle.jdbc.driver.SQLStateMapping.newSQLException(SQLStateMapping.java:70) ~[ojdbc6-11.2.0.jar:Oracle JDBC Driver version - "11.1.0.7.0-Production"]
	at oracle.jdbc.driver.DatabaseError.newSQLException(DatabaseError.java:133) ~[ojdbc6-11.2.0.jar:Oracle JDBC Driver version - "11.1.0.7.0-Production"]
	at oracle.jdbc.driver.DatabaseError.throwSqlException(DatabaseError.java:199) ~[ojdbc6-11.2.0.jar:Oracle JDBC Driver version - "11.1.0.7.0-Production"]
	at oracle.jdbc.driver.DatabaseError.throwSqlException(DatabaseError.java:480) ~[ojdbc6-11.2.0.jar:Oracle JDBC Driver version - "11.1.0.7.0-Production"]
	at oracle.jdbc.driver.T4CConnection.logon(T4CConnection.java:413) ~[ojdbc6-11.2.0.jar:Oracle JDBC Driver version - "11.1.0.7.0-Production"]
	at oracle.jdbc.driver.PhysicalConnection.<init>(PhysicalConnection.java:508) ~[ojdbc6-11.2.0.jar:Oracle JDBC Driver version - "11.1.0.7.0-Production"]
	at oracle.jdbc.driver.T4CConnection.<init>(T4CConnection.java:203) ~[ojdbc6-11.2.0.jar:Oracle JDBC Driver version - "11.1.0.7.0-Production"]
	at oracle.jdbc.driver.T4CDriverExtension.getConnection(T4CDriverExtension.java:33) ~[ojdbc6-11.2.0.jar:Oracle JDBC Driver version - "11.1.0.7.0-Production"]
	at oracle.jdbc.driver.OracleDriver.connect(OracleDriver.java:510) ~[ojdbc6-11.2.0.jar:Oracle JDBC Driver version - "11.1.0.7.0-Production"]
	at com.alibaba.druid.filter.FilterChainImpl.connection_connect(FilterChainImpl.java:148) ~[druid-1.0.12.jar:1.0.12]
	at com.alibaba.druid.filter.stat.StatFilter.connection_connect(StatFilter.java:211) ~[druid-1.0.12.jar:1.0.12]
	at com.alibaba.druid.filter.FilterChainImpl.connection_connect(FilterChainImpl.java:142) ~[druid-1.0.12.jar:1.0.12]
	at com.alibaba.druid.pool.DruidAbstractDataSource.createPhysicalConnection(DruidAbstractDataSource.java:1377) ~[druid-1.0.12.jar:1.0.12]
	at com.alibaba.druid.pool.DruidAbstractDataSource.createPhysicalConnection(DruidAbstractDataSource.java:1431) ~[druid-1.0.12.jar:1.0.12]
	at com.alibaba.druid.pool.DruidDataSource.init(DruidDataSource.java:632) ~[druid-1.0.12.jar:1.0.12]
	at sun.reflect.NativeMethodAccessorImpl.invoke0(Native Method) ~[na:1.8.0_102]
	at sun.reflect.NativeMethodAccessorImpl.invoke(NativeMethodAccessorImpl.java:62) ~[na:1.8.0_102]
	at sun.reflect.DelegatingMethodAccessorImpl.invoke(DelegatingMethodAccessorImpl.java:43) ~[na:1.8.0_102]
	at java.lang.reflect.Method.invoke(Method.java:498) ~[na:1.8.0_102]
	at org.springframework.beans.factory.support.AbstractAutowireCapableBeanFactory.invokeCustomInitMethod(AbstractAutowireCapableBeanFactory.java:1681) [spring-beans-4.0.3.RELEASE.jar:4.0.3.RELEASE]
	at org.springframework.beans.factory.support.AbstractAutowireCapableBeanFactory.invokeInitMethods(AbstractAutowireCapableBeanFactory.java:1620) [spring-beans-4.0.3.RELEASE.jar:4.0.3.RELEASE]
	at org.springframework.beans.factory.support.AbstractAutowireCapableBeanFactory.initializeBean(AbstractAutowireCapableBeanFactory.java:1549) [spring-beans-4.0.3.RELEASE.jar:4.0.3.RELEASE]
	at org.springframework.beans.factory.support.AbstractAutowireCapableBeanFactory.doCreateBean(AbstractAutowireCapableBeanFactory.java:539) [spring-beans-4.0.3.RELEASE.jar:4.0.3.RELEASE]
	at org.springframework.beans.factory.support.AbstractAutowireCapableBeanFactory.createBean(AbstractAutowireCapableBeanFactory.java:475) [spring-beans-4.0.3.RELEASE.jar:4.0.3.RELEASE]
	at org.springframework.beans.factory.support.AbstractBeanFactory$1.getObject(AbstractBeanFactory.java:304) [spring-beans-4.0.3.RELEASE.jar:4.0.3.RELEASE]
	at org.springframework.beans.factory.support.DefaultSingletonBeanRegistry.getSingleton(DefaultSingletonBeanRegistry.java:228) [spring-beans-4.0.3.RELEASE.jar:4.0.3.RELEASE]
	at org.springframework.beans.factory.support.AbstractBeanFactory.doGetBean(AbstractBeanFactory.java:300) [spring-beans-4.0.3.RELEASE.jar:4.0.3.RELEASE]
	at org.springframework.beans.factory.support.AbstractBeanFactory.getBean(AbstractBeanFactory.java:195) [spring-beans-4.0.3.RELEASE.jar:4.0.3.RELEASE]
	at org.springframework.beans.factory.support.DefaultListableBeanFactory.preInstantiateSingletons(DefaultListableBeanFactory.java:703) [spring-beans-4.0.3.RELEASE.jar:4.0.3.RELEASE]
	at org.springframework.context.support.AbstractApplicationContext.finishBeanFactoryInitialization(AbstractApplicationContext.java:760) [spring-context-4.0.3.RELEASE.jar:4.0.3.RELEASE]
	at org.springframework.context.support.AbstractApplicationContext.refresh(AbstractApplicationContext.java:482) [spring-context-4.0.3.RELEASE.jar:4.0.3.RELEASE]
	at org.springframework.web.context.ContextLoader.configureAndRefreshWebApplicationContext(ContextLoader.java:403) [spring-web-4.0.3.RELEASE.jar:4.0.3.RELEASE]
	at org.springframework.web.context.ContextLoader.initWebApplicationContext(ContextLoader.java:306) [spring-web-4.0.3.RELEASE.jar:4.0.3.RELEASE]
	at org.springframework.web.context.ContextLoaderListener.contextInitialized(ContextLoaderListener.java:106) [spring-web-4.0.3.RELEASE.jar:4.0.3.RELEASE]
	at org.apache.catalina.core.StandardContext.listenerStart(StandardContext.java:5099) [catalina.jar:7.0.70]
	at org.apache.catalina.core.StandardContext.startInternal(StandardContext.java:5615) [catalina.jar:7.0.70]
	at org.apache.catalina.util.LifecycleBase.start(LifecycleBase.java:147) [catalina.jar:7.0.70]
	at org.apache.catalina.core.ContainerBase$StartChild.call(ContainerBase.java:1571) [catalina.jar:7.0.70]
	at org.apache.catalina.core.ContainerBase$StartChild.call(ContainerBase.java:1561) [catalina.jar:7.0.70]
	at java.util.concurrent.FutureTask.run(FutureTask.java:266) [na:1.8.0_102]
	at java.util.concurrent.ThreadPoolExecutor.runWorker(ThreadPoolExecutor.java:1142) [na:1.8.0_102]
	at java.util.concurrent.ThreadPoolExecutor$Worker.run(ThreadPoolExecutor.java:617) [na:1.8.0_102]
	at java.lang.Thread.run(Thread.java:745) [na:1.8.0_102]
Caused by: oracle.net.ns.NetException: The Network Adapter could not establish the connection
	at oracle.net.nt.ConnStrategy.execute(ConnStrategy.java:328) ~[ojdbc6-11.2.0.jar:Oracle JDBC Driver version - "11.1.0.7.0-Production"]
	at oracle.net.resolver.AddrResolution.resolveAndExecute(AddrResolution.java:421) ~[ojdbc6-11.2.0.jar:Oracle JDBC Driver version - "11.1.0.7.0-Production"]
	at oracle.net.ns.NSProtocol.establishConnection(NSProtocol.java:630) ~[ojdbc6-11.2.0.jar:Oracle JDBC Driver version - "11.1.0.7.0-Production"]
	at oracle.net.ns.NSProtocol.connect(NSProtocol.java:206) ~[ojdbc6-11.2.0.jar:Oracle JDBC Driver version - "11.1.0.7.0-Production"]
	at oracle.jdbc.driver.T4CConnection.connect(T4CConnection.java:966) ~[ojdbc6-11.2.0.jar:Oracle JDBC Driver version - "11.1.0.7.0-Production"]
	at oracle.jdbc.driver.T4CConnection.logon(T4CConnection.java:292) ~[ojdbc6-11.2.0.jar:Oracle JDBC Driver version - "11.1.0.7.0-Production"]
	... 38 common frames omitted
Caused by: java.net.ConnectException: Connection timed out: connect
	at java.net.DualStackPlainSocketImpl.connect0(Native Method) ~[na:1.8.0_102]
	at java.net.DualStackPlainSocketImpl.socketConnect(DualStackPlainSocketImpl.java:79) ~[na:1.8.0_102]
	at java.net.AbstractPlainSocketImpl.doConnect(AbstractPlainSocketImpl.java:350) ~[na:1.8.0_102]
	at java.net.AbstractPlainSocketImpl.connectToAddress(AbstractPlainSocketImpl.java:206) ~[na:1.8.0_102]
	at java.net.AbstractPlainSocketImpl.connect(AbstractPlainSocketImpl.java:188) ~[na:1.8.0_102]
	at java.net.PlainSocketImpl.connect(PlainSocketImpl.java:172) ~[na:1.8.0_102]
	at java.net.SocksSocketImpl.connect(SocksSocketImpl.java:392) ~[na:1.8.0_102]
	at java.net.Socket.connect(Socket.java:589) ~[na:1.8.0_102]
	at java.net.Socket.connect(Socket.java:538) ~[na:1.8.0_102]
	at java.net.Socket.<init>(Socket.java:434) ~[na:1.8.0_102]
	at java.net.Socket.<init>(Socket.java:211) ~[na:1.8.0_102]
	at oracle.net.nt.TcpNTAdapter.connect(TcpNTAdapter.java:127) ~[ojdbc6-11.2.0.jar:Oracle JDBC Driver version - "11.1.0.7.0-Production"]
	at oracle.net.nt.ConnOption.connect(ConnOption.java:126) ~[ojdbc6-11.2.0.jar:Oracle JDBC Driver version - "11.1.0.7.0-Production"]
	at oracle.net.nt.ConnStrategy.execute(ConnStrategy.java:306) ~[ojdbc6-11.2.0.jar:Oracle JDBC Driver version - "11.1.0.7.0-Production"]
	... 43 common frames omitted
[ERROR][2016-08-22 23:29:28,864]--dataSource init error--[init][DruidDataSource.java,660]
java.sql.SQLException: The Network Adapter could not establish the connection
	at oracle.jdbc.driver.SQLStateMapping.newSQLException(SQLStateMapping.java:70) ~[ojdbc6-11.2.0.jar:Oracle JDBC Driver version - "11.1.0.7.0-Production"]
	at oracle.jdbc.driver.DatabaseError.newSQLException(DatabaseError.java:133) ~[ojdbc6-11.2.0.jar:Oracle JDBC Driver version - "11.1.0.7.0-Production"]
	at oracle.jdbc.driver.DatabaseError.throwSqlException(DatabaseError.java:199) ~[ojdbc6-11.2.0.jar:Oracle JDBC Driver version - "11.1.0.7.0-Production"]
	at oracle.jdbc.driver.DatabaseError.throwSqlException(DatabaseError.java:480) ~[ojdbc6-11.2.0.jar:Oracle JDBC Driver version - "11.1.0.7.0-Production"]
	at oracle.jdbc.driver.T4CConnection.logon(T4CConnection.java:413) ~[ojdbc6-11.2.0.jar:Oracle JDBC Driver version - "11.1.0.7.0-Production"]
	at oracle.jdbc.driver.PhysicalConnection.<init>(PhysicalConnection.java:508) ~[ojdbc6-11.2.0.jar:Oracle JDBC Driver version - "11.1.0.7.0-Production"]
	at oracle.jdbc.driver.T4CConnection.<init>(T4CConnection.java:203) ~[ojdbc6-11.2.0.jar:Oracle JDBC Driver version - "11.1.0.7.0-Production"]
	at oracle.jdbc.driver.T4CDriverExtension.getConnection(T4CDriverExtension.java:33) ~[ojdbc6-11.2.0.jar:Oracle JDBC Driver version - "11.1.0.7.0-Production"]
	at oracle.jdbc.driver.OracleDriver.connect(OracleDriver.java:510) ~[ojdbc6-11.2.0.jar:Oracle JDBC Driver version - "11.1.0.7.0-Production"]
	at com.alibaba.druid.filter.FilterChainImpl.connection_connect(FilterChainImpl.java:148) ~[druid-1.0.12.jar:1.0.12]
	at com.alibaba.druid.filter.stat.StatFilter.connection_connect(StatFilter.java:211) ~[druid-1.0.12.jar:1.0.12]
	at com.alibaba.druid.filter.FilterChainImpl.connection_connect(FilterChainImpl.java:142) ~[druid-1.0.12.jar:1.0.12]
	at com.alibaba.druid.pool.DruidAbstractDataSource.createPhysicalConnection(DruidAbstractDataSource.java:1377) ~[druid-1.0.12.jar:1.0.12]
	at com.alibaba.druid.pool.DruidAbstractDataSource.createPhysicalConnection(DruidAbstractDataSource.java:1431) ~[druid-1.0.12.jar:1.0.12]
	at com.alibaba.druid.pool.DruidDataSource.init(DruidDataSource.java:632) ~[druid-1.0.12.jar:1.0.12]
	at sun.reflect.NativeMethodAccessorImpl.invoke0(Native Method) ~[na:1.8.0_102]
	at sun.reflect.NativeMethodAccessorImpl.invoke(NativeMethodAccessorImpl.java:62) ~[na:1.8.0_102]
	at sun.reflect.DelegatingMethodAccessorImpl.invoke(DelegatingMethodAccessorImpl.java:43) ~[na:1.8.0_102]
	at java.lang.reflect.Method.invoke(Method.java:498) ~[na:1.8.0_102]
	at org.springframework.beans.factory.support.AbstractAutowireCapableBeanFactory.invokeCustomInitMethod(AbstractAutowireCapableBeanFactory.java:1681) [spring-beans-4.0.3.RELEASE.jar:4.0.3.RELEASE]
	at org.springframework.beans.factory.support.AbstractAutowireCapableBeanFactory.invokeInitMethods(AbstractAutowireCapableBeanFactory.java:1620) [spring-beans-4.0.3.RELEASE.jar:4.0.3.RELEASE]
	at org.springframework.beans.factory.support.AbstractAutowireCapableBeanFactory.initializeBean(AbstractAutowireCapableBeanFactory.java:1549) [spring-beans-4.0.3.RELEASE.jar:4.0.3.RELEASE]
	at org.springframework.beans.factory.support.AbstractAutowireCapableBeanFactory.doCreateBean(AbstractAutowireCapableBeanFactory.java:539) [spring-beans-4.0.3.RELEASE.jar:4.0.3.RELEASE]
	at org.springframework.beans.factory.support.AbstractAutowireCapableBeanFactory.createBean(AbstractAutowireCapableBeanFactory.java:475) [spring-beans-4.0.3.RELEASE.jar:4.0.3.RELEASE]
	at org.springframework.beans.factory.support.AbstractBeanFactory$1.getObject(AbstractBeanFactory.java:304) [spring-beans-4.0.3.RELEASE.jar:4.0.3.RELEASE]
	at org.springframework.beans.factory.support.DefaultSingletonBeanRegistry.getSingleton(DefaultSingletonBeanRegistry.java:228) [spring-beans-4.0.3.RELEASE.jar:4.0.3.RELEASE]
	at org.springframework.beans.factory.support.AbstractBeanFactory.doGetBean(AbstractBeanFactory.java:300) [spring-beans-4.0.3.RELEASE.jar:4.0.3.RELEASE]
	at org.springframework.beans.factory.support.AbstractBeanFactory.getBean(AbstractBeanFactory.java:195) [spring-beans-4.0.3.RELEASE.jar:4.0.3.RELEASE]
	at org.springframework.beans.factory.support.DefaultListableBeanFactory.preInstantiateSingletons(DefaultListableBeanFactory.java:703) [spring-beans-4.0.3.RELEASE.jar:4.0.3.RELEASE]
	at org.springframework.context.support.AbstractApplicationContext.finishBeanFactoryInitialization(AbstractApplicationContext.java:760) [spring-context-4.0.3.RELEASE.jar:4.0.3.RELEASE]
	at org.springframework.context.support.AbstractApplicationContext.refresh(AbstractApplicationContext.java:482) [spring-context-4.0.3.RELEASE.jar:4.0.3.RELEASE]
	at org.springframework.web.context.ContextLoader.configureAndRefreshWebApplicationContext(ContextLoader.java:403) [spring-web-4.0.3.RELEASE.jar:4.0.3.RELEASE]
	at org.springframework.web.context.ContextLoader.initWebApplicationContext(ContextLoader.java:306) [spring-web-4.0.3.RELEASE.jar:4.0.3.RELEASE]
	at org.springframework.web.context.ContextLoaderListener.contextInitialized(ContextLoaderListener.java:106) [spring-web-4.0.3.RELEASE.jar:4.0.3.RELEASE]
	at org.apache.catalina.core.StandardContext.listenerStart(StandardContext.java:5099) [catalina.jar:7.0.70]
	at org.apache.catalina.core.StandardContext.startInternal(StandardContext.java:5615) [catalina.jar:7.0.70]
	at org.apache.catalina.util.LifecycleBase.start(LifecycleBase.java:147) [catalina.jar:7.0.70]
	at org.apache.catalina.core.ContainerBase$StartChild.call(ContainerBase.java:1571) [catalina.jar:7.0.70]
	at org.apache.catalina.core.ContainerBase$StartChild.call(ContainerBase.java:1561) [catalina.jar:7.0.70]
	at java.util.concurrent.FutureTask.run(FutureTask.java:266) [na:1.8.0_102]
	at java.util.concurrent.ThreadPoolExecutor.runWorker(ThreadPoolExecutor.java:1142) [na:1.8.0_102]
	at java.util.concurrent.ThreadPoolExecutor$Worker.run(ThreadPoolExecutor.java:617) [na:1.8.0_102]
	at java.lang.Thread.run(Thread.java:745) [na:1.8.0_102]
Caused by: oracle.net.ns.NetException: The Network Adapter could not establish the connection
	at oracle.net.nt.ConnStrategy.execute(ConnStrategy.java:328) ~[ojdbc6-11.2.0.jar:Oracle JDBC Driver version - "11.1.0.7.0-Production"]
	at oracle.net.resolver.AddrResolution.resolveAndExecute(AddrResolution.java:421) ~[ojdbc6-11.2.0.jar:Oracle JDBC Driver version - "11.1.0.7.0-Production"]
	at oracle.net.ns.NSProtocol.establishConnection(NSProtocol.java:630) ~[ojdbc6-11.2.0.jar:Oracle JDBC Driver version - "11.1.0.7.0-Production"]
	at oracle.net.ns.NSProtocol.connect(NSProtocol.java:206) ~[ojdbc6-11.2.0.jar:Oracle JDBC Driver version - "11.1.0.7.0-Production"]
	at oracle.jdbc.driver.T4CConnection.connect(T4CConnection.java:966) ~[ojdbc6-11.2.0.jar:Oracle JDBC Driver version - "11.1.0.7.0-Production"]
	at oracle.jdbc.driver.T4CConnection.logon(T4CConnection.java:292) ~[ojdbc6-11.2.0.jar:Oracle JDBC Driver version - "11.1.0.7.0-Production"]
	... 38 common frames omitted
Caused by: java.net.ConnectException: Connection timed out: connect
	at java.net.DualStackPlainSocketImpl.connect0(Native Method) ~[na:1.8.0_102]
	at java.net.DualStackPlainSocketImpl.socketConnect(DualStackPlainSocketImpl.java:79) ~[na:1.8.0_102]
	at java.net.AbstractPlainSocketImpl.doConnect(AbstractPlainSocketImpl.java:350) ~[na:1.8.0_102]
	at java.net.AbstractPlainSocketImpl.connectToAddress(AbstractPlainSocketImpl.java:206) ~[na:1.8.0_102]
	at java.net.AbstractPlainSocketImpl.connect(AbstractPlainSocketImpl.java:188) ~[na:1.8.0_102]
	at java.net.PlainSocketImpl.connect(PlainSocketImpl.java:172) ~[na:1.8.0_102]
	at java.net.SocksSocketImpl.connect(SocksSocketImpl.java:392) ~[na:1.8.0_102]
	at java.net.Socket.connect(Socket.java:589) ~[na:1.8.0_102]
	at java.net.Socket.connect(Socket.java:538) ~[na:1.8.0_102]
	at java.net.Socket.<init>(Socket.java:434) ~[na:1.8.0_102]
	at java.net.Socket.<init>(Socket.java:211) ~[na:1.8.0_102]
	at oracle.net.nt.TcpNTAdapter.connect(TcpNTAdapter.java:127) ~[ojdbc6-11.2.0.jar:Oracle JDBC Driver version - "11.1.0.7.0-Production"]
	at oracle.net.nt.ConnOption.connect(ConnOption.java:126) ~[ojdbc6-11.2.0.jar:Oracle JDBC Driver version - "11.1.0.7.0-Production"]
	at oracle.net.nt.ConnStrategy.execute(ConnStrategy.java:306) ~[ojdbc6-11.2.0.jar:Oracle JDBC Driver version - "11.1.0.7.0-Production"]
	... 43 common frames omitted
[INFO ][2016-08-22 23:29:28,866]--{dataSource-1} inited--[init][DruidDataSource.java,669]
[INFO ][2016-08-22 23:30:33,678]--{dataSource-1} inited--[init][DruidDataSource.java,669]
[DEBUG][2016-08-22 23:38:31,937]--==>  Preparing: select * from OPERATOR WHERE F01=? and F08=? --[debug][BaseJdbcLogger.java,139]
[DEBUG][2016-08-22 23:38:32,147]--==> Parameters: guest(String), jx(String)--[debug][BaseJdbcLogger.java,139]
[DEBUG][2016-08-22 23:38:32,276]--<==      Total: 1--[debug][BaseJdbcLogger.java,139]
[INFO ][2016-08-22 23:41:09,718]--{dataSource-1} closed--[close][DruidDataSource.java,1385]
[INFO ][2016-08-22 23:41:18,188]--{dataSource-1} inited--[init][DruidDataSource.java,669]
[INFO ][2016-08-22 23:41:32,178]--{dataSource-1} closed--[close][DruidDataSource.java,1385]
[INFO ][2016-08-22 23:41:39,399]--{dataSource-1} inited--[init][DruidDataSource.java,669]
[INFO ][2016-08-22 23:41:53,125]--{dataSource-1} closed--[close][DruidDataSource.java,1385]
[INFO ][2016-08-22 23:41:58,897]--{dataSource-1} inited--[init][DruidDataSource.java,669]
[INFO ][2016-08-22 23:42:11,887]--{dataSource-1} closed--[close][DruidDataSource.java,1385]
[INFO ][2016-08-22 23:42:17,393]--{dataSource-1} inited--[init][DruidDataSource.java,669]
[INFO ][2016-08-22 23:42:39,786]--{dataSource-1} closed--[close][DruidDataSource.java,1385]
[INFO ][2016-08-22 23:42:44,770]--{dataSource-1} inited--[init][DruidDataSource.java,669]
[INFO ][2016-08-22 23:43:21,943]--{dataSource-1} inited--[init][DruidDataSource.java,669]
[DEBUG][2016-08-22 23:43:42,628]--==>  Preparing: select * from OPERATOR WHERE F01=? and F08=? --[debug][BaseJdbcLogger.java,139]
[DEBUG][2016-08-22 23:43:42,751]--==> Parameters: guest(String), jx(String)--[debug][BaseJdbcLogger.java,139]
[DEBUG][2016-08-22 23:43:42,857]--<==      Total: 1--[debug][BaseJdbcLogger.java,139]
[DEBUG][2016-08-22 23:44:54,886]--==>  Preparing: select * from OPERATOR WHERE F01=? and F08=? --[debug][BaseJdbcLogger.java,139]
[DEBUG][2016-08-22 23:44:54,887]--==> Parameters: guest(String), jx(String)--[debug][BaseJdbcLogger.java,139]
[DEBUG][2016-08-22 23:44:54,891]--<==      Total: 1--[debug][BaseJdbcLogger.java,139]
[DEBUG][2016-08-22 23:45:08,573]--==>  Preparing: select * from OPERATOR WHERE F01=? and F08=? --[debug][BaseJdbcLogger.java,139]
[DEBUG][2016-08-22 23:45:08,577]--==> Parameters: guest(String), ee(String)--[debug][BaseJdbcLogger.java,139]
[DEBUG][2016-08-22 23:45:08,584]--<==      Total: 0--[debug][BaseJdbcLogger.java,139]
[INFO ][2016-08-22 23:46:09,697]--{dataSource-1} inited--[init][DruidDataSource.java,669]
[DEBUG][2016-08-22 23:46:37,689]--==>  Preparing: select * from OPERATOR WHERE F01=? and F08=? --[debug][BaseJdbcLogger.java,139]
[DEBUG][2016-08-22 23:46:37,822]--==> Parameters: guest(String), 11(String)--[debug][BaseJdbcLogger.java,139]
[DEBUG][2016-08-22 23:46:37,880]--<==      Total: 0--[debug][BaseJdbcLogger.java,139]
[INFO ][2016-08-22 23:49:16,759]--{dataSource-1} inited--[init][DruidDataSource.java,669]
[DEBUG][2016-08-22 23:50:01,308]--==>  Preparing: select * from OPERATOR WHERE F01=? and F08=? --[debug][BaseJdbcLogger.java,139]
[DEBUG][2016-08-22 23:50:01,489]--==> Parameters: guest(String), 22(String)--[debug][BaseJdbcLogger.java,139]
[DEBUG][2016-08-22 23:50:01,533]--<==      Total: 0--[debug][BaseJdbcLogger.java,139]
[DEBUG][2016-08-22 23:50:54,087]--==>  Preparing: select * from OPERATOR WHERE F01=? and F08=? --[debug][BaseJdbcLogger.java,139]
[DEBUG][2016-08-22 23:50:54,089]--==> Parameters: guest(String), jx(String)--[debug][BaseJdbcLogger.java,139]
[DEBUG][2016-08-22 23:50:54,107]--<==      Total: 1--[debug][BaseJdbcLogger.java,139]
[DEBUG][2016-08-22 23:51:23,618]--==>  Preparing: select * from OPERATOR WHERE F01=? and F08=? --[debug][BaseJdbcLogger.java,139]
[DEBUG][2016-08-22 23:51:23,620]--==> Parameters: guest(String), 33(String)--[debug][BaseJdbcLogger.java,139]
[DEBUG][2016-08-22 23:51:23,628]--<==      Total: 0--[debug][BaseJdbcLogger.java,139]
[INFO ][2016-08-22 23:52:31,626]--{dataSource-1} inited--[init][DruidDataSource.java,669]
[DEBUG][2016-08-22 23:53:18,121]--==>  Preparing: select * from OPERATOR WHERE F01=? and F08=? --[debug][BaseJdbcLogger.java,139]
[DEBUG][2016-08-22 23:53:18,355]--==> Parameters: guest(String), 22(String)--[debug][BaseJdbcLogger.java,139]
[DEBUG][2016-08-22 23:53:18,391]--<==      Total: 0--[debug][BaseJdbcLogger.java,139]
[INFO ][2016-08-22 23:54:03,132]--{dataSource-1} inited--[init][DruidDataSource.java,669]
[DEBUG][2016-08-22 23:54:44,947]--==>  Preparing: select * from OPERATOR WHERE F01=? and F08=? --[debug][BaseJdbcLogger.java,139]
[DEBUG][2016-08-22 23:54:45,760]--==> Parameters: guest(String), 22(String)--[debug][BaseJdbcLogger.java,139]
[DEBUG][2016-08-22 23:54:46,145]--<==      Total: 0--[debug][BaseJdbcLogger.java,139]
